Change Component Designator: Old Designator=C? New Designator=C40
Change Component Designator: Old Designator=C? New Designator=C41
Change Component Designator: Old Designator=C? New Designator=C157
Change Component Designator: Old Designator=C? New Designator=C357
Change Component Designator: Old Designator=C? New Designator=C358
Change Component Designator: Old Designator=C? New Designator=C359
Change Component Designator: Old Designator=C? New Designator=C360
Change Component Designator: Old Designator=C? New Designator=C361
Change Component Designator: Old Designator=C? New Designator=C362
Change Component Designator: Old Designator=C? New Designator=C363
Change Component Designator: Old Designator=JP? New Designator=JP2
Change Component Designator: Old Designator=R? New Designator=R62
Change Component Designator: Old Designator=R? New Designator=R96
Change Component Designator: Old Designator=R? New Designator=R111
Change Component Designator: Old Designator=R? New Designator=R115
Change Component Designator: Old Designator=R? New Designator=R116
Change Component Designator: Old Designator=R? New Designator=R287
Change Component Designator: Old Designator=R? New Designator=R288
Change Component Designator: Old Designator=U? New Designator=U4
Change Component Designator: Old Designator=Y? New Designator=Y6
