Change Component Designator: Old Designator=C? New Designator=C364
Change Component Designator: Old Designator=C? New Designator=C365
Change Component Designator: Old Designator=C? New Designator=C366
Change Component Designator: Old Designator=C? New Designator=C371
Change Component Designator: Old Designator=C? New Designator=C372
Change Component Designator: Old Designator=C? New Designator=C373
Change Component Designator: Old Designator=C? New Designator=C374
Change Component Designator: Old Designator=C? New Designator=C375
Change Component Designator: Old Designator=C? New Designator=C376
Change Component Designator: Old Designator=C? New Designator=C377
Change Component Designator: Old Designator=C? New Designator=C378
Change Component Designator: Old Designator=C? New Designator=C379
Change Component Designator: Old Designator=C? New Designator=C380
Change Component Designator: Old Designator=C? New Designator=C381
Change Component Designator: Old Designator=C? New Designator=C382
Change Component Designator: Old Designator=C? New Designator=C383
Change Component Designator: Old Designator=C? New Designator=C384
Change Component Designator: Old Designator=C? New Designator=C385
Change Component Designator: Old Designator=C? New Designator=C386
Change Component Designator: Old Designator=DS? New Designator=DS12
Change Component Designator: Old Designator=DS? New Designator=DS13
Change Component Designator: Old Designator=JP? New Designator=JP16
Change Component Designator: Old Designator=R? New Designator=R403
Change Component Designator: Old Designator=R? New Designator=R404
Change Component Designator: Old Designator=R? New Designator=R405
Change Component Designator: Old Designator=R? New Designator=R406
Change Component Designator: Old Designator=R? New Designator=R545
Change Component Designator: Old Designator=R? New Designator=R546
Change Component Designator: Old Designator=R? New Designator=R547
Change Component Designator: Old Designator=R? New Designator=R548
Change Component Designator: Old Designator=R? New Designator=R549
Change Component Designator: Old Designator=R? New Designator=R564
Change Component Designator: Old Designator=R? New Designator=R567
Change Component Designator: Old Designator=R? New Designator=R577
Change Component Designator: Old Designator=U? New Designator=U32
Change Component Designator: Old Designator=U? New Designator=U33
Change Component Designator: Old Designator=U? New Designator=U68
Change Component Designator: Old Designator=Y? New Designator=Y7
Change Component Designator: Old Designator=Y? New Designator=Y8
