Change Component Designator: Old Designator=C? New Designator=C357
Change Component Designator: Old Designator=C? New Designator=C358
Change Component Designator: Old Designator=C? New Designator=C359
Change Component Designator: Old Designator=C? New Designator=C360
Change Component Designator: Old Designator=C? New Designator=C361
Change Component Designator: Old Designator=C? New Designator=C362
Change Component Designator: Old Designator=C? New Designator=C363
Change Component Designator: Old Designator=C? New Designator=C364
Change Component Designator: Old Designator=C? New Designator=C365
Change Component Designator: Old Designator=C? New Designator=C366
Change Component Designator: Old Designator=J? New Designator=J20
Change Component Designator: Old Designator=JP? New Designator=JP16
Change Component Designator: Old Designator=R? New Designator=R545
Change Component Designator: Old Designator=R? New Designator=R546
Change Component Designator: Old Designator=R? New Designator=R547
Change Component Designator: Old Designator=R? New Designator=R548
Change Component Designator: Old Designator=R? New Designator=R549
Change Component Designator: Old Designator=R? New Designator=R564
Change Component Designator: Old Designator=R? New Designator=R565
Change Component Designator: Old Designator=R? New Designator=R566
Change Component Designator: Old Designator=R? New Designator=R567
Change Component Designator: Old Designator=U? New Designator=U68
Change Component Designator: Old Designator=Y? New Designator=Y6
