Removed Pin From Net: NetName=SOM_CANTX0 Pin=U39-1
Removed Pin From Net: NetName=3.3V_SAMA7 Pin=U39-3
Removed Pin From Net: NetName=SOM_CANRX0 Pin=U39-4
Removed Pin From Net: NetName=NetR445_2 Pin=U39-5
Removed Pin From Net: NetName=NetR443_2 Pin=U39-8
Removed Pin From Net: NetName=CANTX1 Pin=U41-1
Removed Pin From Net: NetName=GND Pin=U41-2
Removed Pin From Net: NetName=3.3V_MCU Pin=U41-3
Removed Pin From Net: NetName=CANRX1 Pin=U41-4
Removed Pin From Net: NetName=NetR447_2 Pin=U41-5
Removed Pin From Net: NetName=CAN_L Pin=U41-6
Removed Pin From Net: NetName=CAN_H Pin=U41-7
Removed Pin From Net: NetName=NetR453_2 Pin=U41-8
Change Component Designator: OldDesignator=U39 NewDesignator=U41
Added Component: Designator=U39(SOIC127P600X175-8N)
Add component (AddParameter): Name = "Check_prices"; Value = "https://www.snapeda.com/parts/SN65HVD230DR/Texas+Instruments/view-part/?ref=eda"; VariantName = "[No Variations]"
Add component (AddParameter): Name = "MF"; Value = "Texas Instruments"; VariantName = "[No Variations]"
Add component (AddParameter): Name = "MP"; Value = "SN65HVD230DR"; VariantName = "[No Variations]"
Add component (AddParameter): Name = "Package"; Value = "SOIC-8 Texas Instruments"; VariantName = "[No Variations]"
Add component (AddParameter): Name = "SnapEDA_Link"; Value = "https://www.snapeda.com/parts/SN65HVD230DR/Texas+Instruments/view-part/?ref=snap"; VariantName = "[No Variations]"
Add component (AddParameter): Name = "Value"; Value = ""; VariantName = "[No Variations]"
Added Pin To Net: NetName=SOM_CANTX0 Pin=U39-1
Added Pin To Net: NetName=GND Pin=U39-2
Added Pin To Net: NetName=3.3V_SAMA7 Pin=U39-3
Added Pin To Net: NetName=SOM_CANRX0 Pin=U39-4
Added Pin To Net: NetName=NetR445_2 Pin=U39-5
Added Pin To Net: NetName=CAN_L Pin=U39-6
Added Pin To Net: NetName=CAN_H Pin=U39-7
Added Pin To Net: NetName=NetR443_2 Pin=U39-8
Added Pin To Net: NetName=CANTX1 Pin=U41-1
Added Pin To Net: NetName=3.3V_MCU Pin=U41-3
Added Pin To Net: NetName=CANRX1 Pin=U41-4
Added Pin To Net: NetName=NetR447_2 Pin=U41-5
Added Pin To Net: NetName=NetR453_2 Pin=U41-8
