Change Footprint: Cannot match pads with new footprint in component :TP1 Footprint:TP_1mm_SMD
Change Footprint: Cannot match pads with new footprint in component :TP2 Footprint:TP_1mm_SMD
Change Footprint: Cannot match pads with new footprint in component :TP5 Footprint:TP_1mm_SMD
Change Footprint: Cannot match pads with new footprint in component :TP17 Footprint:TP_1mm_SMD
Change Footprint: Cannot match pads with new footprint in component :TP18 Footprint:TP_1mm_SMD
Added Component: Designator=U67(IC_BME688)
Add component (AddParameter): Name = "Availability"; Value = "Unavailable"; VariantName = "[No Variations]"
Add component (AddParameter): Name = "MF"; Value = ""; VariantName = "[No Variations]"
Add component (AddParameter): Name = "MP"; Value = "BME688"; VariantName = "[No Variations]"
Add component (AddParameter): Name = "Package"; Value = "None"; VariantName = "[No Variations]"
Add component (AddParameter): Name = "Price"; Value = "None"; VariantName = "[No Variations]"
Add component (AddParameter): Name = "Value"; Value = ""; VariantName = "[No Variations]"
Added Component: Designator=U69(SOP65P440W-24N)
Added Component: Designator=U70(SOP65P440W-24N)
Add Pin To Net: Unknown Pin: Pin TP6-0
Add Pin To Net: Unknown Pin: Pin TP7-0
Add Pin To Net: Unknown Pin: Pin TP8-0
Add Pin To Net: Unknown Pin: Pin TP9-0
Add Pin To Net: Unknown Pin: Pin TP10-0
Add Pin To Net: Unknown Pin: Pin TP11-0
Add Pin To Net: Unknown Pin: Pin TP12-0
Add Pin To Net: Unknown Pin: Pin TP13-0
Add Pin To Net: Unknown Pin: Pin TP14-0
Add Pin To Net: Unknown Pin: Pin TP16-0
Add Pin To Net: Unknown Pin: Pin TP19-0
Add Pin To Net: Unknown Pin: Pin TP20-0
Add Pin To Net: Unknown Pin: Pin TP21-0
Add Pin To Net: Unknown Pin: Pin TP22-0
Add Pin To Net: Unknown Pin: Pin TP23-0
Add Pin To Net: Unknown Pin: Pin TP24-0
Add Pin To Net: Unknown Pin: Pin TP25-0
Add Pin To Net: Unknown Pin: Pin TP26-0
Add Pin To Net: Unknown Pin: Pin TP27-0
Add Pin To Net: Unknown Pin: Pin TP28-0
Added Pin To Net: NetName=GND Pin=U67-1
Added Pin To Net: NetName=NetR501_2 Pin=U67-2
Added Pin To Net: NetName=NetR502_1 Pin=U67-3
Added Pin To Net: NetName=NetR503_2 Pin=U67-4
Added Pin To Net: NetName=GND Pin=U67-5
Added Pin To Net: NetName=3.3V_MCU Pin=U67-6
Added Pin To Net: NetName=GND Pin=U67-7
Added Pin To Net: NetName=3.3V_MCU Pin=U67-8
Added Pin To Net: NetName=NetR570_2 Pin=U69-1
Added Pin To Net: NetName=3.3V_MCU Pin=U69-2
Added Pin To Net: NetName=NetR571_2 Pin=U69-3
Added Pin To Net: NetName=MCU_SOL_1_IN2 Pin=U69-4
Added Pin To Net: NetName=MCU_SOL_1_IN1 Pin=U69-5
Added Pin To Net: NetName=MCU_SOL_2_IN2 Pin=U69-6
Added Pin To Net: NetName=MCU_SOL_2_IN1 Pin=U69-7
Added Pin To Net: NetName=MCU_SOL_3_IN2 Pin=U69-8
Added Pin To Net: NetName=MCU_SOL_3_IN1 Pin=U69-9
Added Pin To Net: NetName=MCU_SOL_4_IN2 Pin=U69-10
Added Pin To Net: NetName=MCU_SOL_4_IN1 Pin=U69-11
Added Pin To Net: NetName=GND Pin=U69-12
Added Pin To Net: NetName=MCU_SOL_5_IN2 Pin=U69-13
Added Pin To Net: NetName=MCU_SOL_5_IN1 Pin=U69-14
Added Pin To Net: NetName=MCU_SOL_6_IN2 Pin=U69-15
Added Pin To Net: NetName=MCU_SOL_6_IN1 Pin=U69-16
Added Pin To Net: NetName=MCU_SOL_7_IN2 Pin=U69-17
Added Pin To Net: NetName=MCU_SOL_7_IN1 Pin=U69-18
Added Pin To Net: NetName=MCU_SOL_8_IN2 Pin=U69-19
Added Pin To Net: NetName=MCU_SOL_8_IN1 Pin=U69-20
Added Pin To Net: NetName=GND Pin=U69-21
Added Pin To Net: NetName=NetR569_2 Pin=U69-22
Added Pin To Net: NetName=NetR568_2 Pin=U69-23
Added Pin To Net: NetName=3.3V_MCU Pin=U69-24
Added Pin To Net: NetName=NetR574_2 Pin=U70-1
Added Pin To Net: NetName=3.3V_MCU Pin=U70-2
Added Pin To Net: NetName=NetR575_2 Pin=U70-3
Added Pin To Net: NetName=MCU_SOL_9_IN2 Pin=U70-4
Added Pin To Net: NetName=MCU_SOL_9_IN1 Pin=U70-5
Added Pin To Net: NetName=MCU_SOL_10_IN2 Pin=U70-6
Added Pin To Net: NetName=MCU_SOL_10_IN1 Pin=U70-7
Added Pin To Net: NetName=MCU_SOL_11_IN2 Pin=U70-8
Added Pin To Net: NetName=MCU_SOL_11_IN1 Pin=U70-9
Added Pin To Net: NetName=MCU_SOL_12_IN2 Pin=U70-10
Added Pin To Net: NetName=MCU_SOL_12_IN1 Pin=U70-11
Added Pin To Net: NetName=GND Pin=U70-12
Added Pin To Net: NetName=MCU_SOL_13_IN2 Pin=U70-13
Added Pin To Net: NetName=MCU_SOL_13_IN1 Pin=U70-14
Added Pin To Net: NetName=MCU_SOL_14_IN2 Pin=U70-15
Added Pin To Net: NetName=MCU_SOL_14_IN1 Pin=U70-16
Added Pin To Net: NetName=MCU_SOL_15_IN2 Pin=U70-17
Added Pin To Net: NetName=MCU_SOL_15_IN1 Pin=U70-18
Added Pin To Net: NetName=MCU_SOL_16_IN2 Pin=U70-19
Added Pin To Net: NetName=MCU_SOL_16_IN1 Pin=U70-20
Added Pin To Net: NetName=NetR576_1 Pin=U70-21
Added Pin To Net: NetName=NetR573_2 Pin=U70-22
Added Pin To Net: NetName=NetR572_2 Pin=U70-23
Added Pin To Net: NetName=3.3V_MCU Pin=U70-24
Added Member To Class: ClassName=17_I2C_Sensor_OnBoard Member=Component U67 BME688
Added Member To Class: ClassName=19_SOLENOID_HB_2 Member=Component U69 TCA6416APWR
Added Member To Class: ClassName=19_SOLENOID_HB_2 Member=Component U70 TCA6416APWR
