Removed Pin From Net: NetName=MCU_TST Pin=TP1-0
Removed Pin From Net: NetName=MCU_JTAGSEL Pin=TP2-0
Removed Pin From Net: NetName=XIN Pin=TP5-0
Removed Pin From Net: NetName=DDR_D0 Pin=TP17-0
Removed Pin From Net: NetName=DDR_D8 Pin=TP18-0
Removed Member From Class: ClassName=11_MCU Member=R?
Change Component Footprint: Designator=TP1 Old Footprint= New Footprint=Testpoint_50
Change Component Footprint: Designator=TP2 Old Footprint= New Footprint=Testpoint_50
Change Component Footprint: Designator=TP5 Old Footprint= New Footprint=Testpoint_50
Change Component Footprint: Designator=TP17 Old Footprint= New Footprint=Testpoint_50
Change Component Footprint: Designator=TP18 Old Footprint= New Footprint=Testpoint_50
Change Component Footprint: Designator=TP19 Old Footprint=TP_1mm_SMD New Footprint=Testpoint_50
Change Component Footprint: Designator=TP20 Old Footprint=TP_1mm_SMD New Footprint=Testpoint_50
Change Component Footprint: Designator=TP21 Old Footprint=TP_1mm_SMD New Footprint=Testpoint_50
Change Component Footprint: Designator=TP22 Old Footprint=TP_1mm_SMD New Footprint=Testpoint_50
Change Component Footprint: Designator=TP23 Old Footprint=TP_1mm_SMD New Footprint=Testpoint_50
Change Component Footprint: Designator=TP24 Old Footprint=TP_1mm_SMD New Footprint=Testpoint_50
Change Component Footprint: Designator=TP25 Old Footprint=TP_1mm_SMD New Footprint=Testpoint_50
Change Component Footprint: Designator=TP26 Old Footprint=TP_1mm_SMD New Footprint=Testpoint_50
Change Component Footprint: Designator=TP27 Old Footprint=TP_1mm_SMD New Footprint=Testpoint_50
Change Component Footprint: Designator=TP28 Old Footprint=TP_1mm_SMD New Footprint=Testpoint_50
Change Component Designator: OldDesignator=R? NewDesignator=R613
Change Component Designator: OldDesignator=R? NewDesignator=R614
Change Component Designator: OldDesignator=R? NewDesignator=R615
Change Component Designator: OldDesignator=R? NewDesignator=R616
Change Component Designator: OldDesignator=R? NewDesignator=R617
Change Component Designator: OldDesignator=R? NewDesignator=R618
Change Component Designator: OldDesignator=R? NewDesignator=R619
Change Component Designator: OldDesignator=R? NewDesignator=R620
Change Component Designator: OldDesignator=R? NewDesignator=R621
Change Component Designator: OldDesignator=R? NewDesignator=R622
Change Component Designator: OldDesignator=R? NewDesignator=R623
Added Pin To Net: NetName=MCU_TST Pin=TP1-1
Added Pin To Net: NetName=MCU_JTAGSEL Pin=TP2-1
Added Pin To Net: NetName=XIN Pin=TP5-1
Added Pin To Net: NetName=VDD_3V3 Pin=TP6-1
Added Pin To Net: NetName=VDD_1V35 Pin=TP7-1
Added Pin To Net: NetName=VDDCORE Pin=TP8-1
Added Pin To Net: NetName=VDD_1V15_OUT3 Pin=TP9-1
Added Pin To Net: NetName=VDDCPU Pin=TP10-1
Added Pin To Net: NetName=VDD_1V15_OUT4 Pin=TP11-1
Added Pin To Net: NetName=VLDO1 Pin=TP12-1
Added Pin To Net: NetName=VLDO2 Pin=TP13-1
Added Pin To Net: NetName=VDD_3V3_MPU Pin=TP14-1
Added Pin To Net: NetName=VDDIODDR Pin=TP16-1
Added Pin To Net: NetName=DDR_D0 Pin=TP17-1
Added Pin To Net: NetName=DDR_D8 Pin=TP18-1
Added Pin To Net: NetName=DDR_CK_P Pin=TP19-1
Added Pin To Net: NetName=DDR_CK_N Pin=TP20-1
Added Pin To Net: NetName=DDR_DQS0_P Pin=TP21-1
Added Pin To Net: NetName=DDR_DQS0_N Pin=TP22-1
Added Pin To Net: NetName=DDR_DQS1_P Pin=TP23-1
Added Pin To Net: NetName=DDR_DQS1_N Pin=TP24-1
Added Pin To Net: NetName=GND Pin=TP25-1
Added Pin To Net: NetName=GND Pin=TP26-1
Added Pin To Net: NetName=GND Pin=TP27-1
Added Pin To Net: NetName=GND Pin=TP28-1
Added Member To Class: ClassName=11_MCU Member=Component R613 22R
Added Member To Class: ClassName=11_MCU Member=Component R614 22R
Added Member To Class: ClassName=11_MCU Member=Component R615 22R
Added Member To Class: ClassName=11_MCU Member=Component R616 22R
Added Member To Class: ClassName=11_MCU Member=Component R617 22R
Added Member To Class: ClassName=11_MCU Member=Component R618 22R
Added Member To Class: ClassName=11_MCU Member=Component R619 22R
Added Member To Class: ClassName=11_MCU Member=Component R620 22R
Added Member To Class: ClassName=11_MCU Member=Component R621 22R
Added Member To Class: ClassName=11_MCU Member=Component R622 22R
