Change Footprint: Cannot match pads with new footprint in component :TP1 Footprint:TP_1mm_SMD
Change Footprint: Cannot match pads with new footprint in component :TP2 Footprint:TP_1mm_SMD
Change Footprint: Cannot match pads with new footprint in component :TP5 Footprint:TP_1mm_SMD
Change Footprint: Cannot match pads with new footprint in component :TP17 Footprint:TP_1mm_SMD
Change Footprint: Cannot match pads with new footprint in component :TP18 Footprint:TP_1mm_SMD
Added Component: Designator=C388(CAP_C_3225X80)
Added Component: Designator=C389(CAP_C_3225X80)
Added Component: Designator=C390(CAP_C_3225X80)
Added Component: Designator=C391(CAP_C_1005X50_L)
Added Component: Designator=C392(CAP_C_1005X50_L)
Added Component: Designator=C393(CAP_C_1005X50_L)
Added Component: Designator=D24(DO-214AC_SMA)
Added Component: Designator=JP17(JUMPER_1608)
Added Component: Designator=R35(RES_C_1005x30_L)
Added Component: Designator=R366(RES_C_1005x30_L)
Added Component: Designator=R369(RES_C_1005x30_L)
Added Component: Designator=R372(RES_C_1005x30_L)
Added Component: Designator=R374(RES_C_1005x30_L)
Added Component: Designator=R376(RES_C_1005x30_L)
Added Component: Designator=R544(RES_C_1005x30_L)
Add component: Footprint Not Found VQFN-HR-10
Added Pin To Net: NetName=GND Pin=C388-1
Added Pin To Net: NetName=GND Pin=C389-1
Added Pin To Net: NetName=GND Pin=C390-1
Added Pin To Net: NetName=5V_PERI Pin=C390-2
Added Pin To Net: NetName=GND Pin=C391-1
Added Pin To Net: NetName=5V_PERI Pin=C391-2
Added Pin To Net: NetName=GND Pin=C392-1
Added Pin To Net: NetName=GND Pin=C393-1
Added Pin To Net: NetName=GND Pin=D24-2
Added Pin To Net: NetName=5V_PERI Pin=JP17-1
Added Pin To Net: NetName=5V_MCU Pin=R35-1
Added Pin To Net: NetName=5V_PERI Pin=R366-2
Added Pin To Net: NetName=GND Pin=R374-2
Added Pin To Net: NetName=GND Pin=R376-1
Added Pin To Net: NetName=GND Pin=R544-1
Add Pin To Net: Unknown Pin: Pin TP6-0
Add Pin To Net: Unknown Pin: Pin TP7-0
Add Pin To Net: Unknown Pin: Pin TP8-0
Add Pin To Net: Unknown Pin: Pin TP9-0
Add Pin To Net: Unknown Pin: Pin TP10-0
Add Pin To Net: Unknown Pin: Pin TP11-0
Add Pin To Net: Unknown Pin: Pin TP12-0
Add Pin To Net: Unknown Pin: Pin TP13-0
Add Pin To Net: Unknown Pin: Pin TP14-0
Add Pin To Net: Unknown Pin: Pin TP16-0
Add Pin To Net: Unknown Pin: Pin TP19-0
Add Pin To Net: Unknown Pin: Pin TP20-0
Add Pin To Net: Unknown Pin: Pin TP21-0
Add Pin To Net: Unknown Pin: Pin TP22-0
Add Pin To Net: Unknown Pin: Pin TP23-0
Add Pin To Net: Unknown Pin: Pin TP24-0
Add Pin To Net: Unknown Pin: Pin TP25-0
Add Pin To Net: Unknown Pin: Pin TP26-0
Add Pin To Net: Unknown Pin: Pin TP27-0
Add Pin To Net: Unknown Pin: Pin TP28-0
Add Pin To Net: Unknown Pin: Pin U74-5
Add Pin To Net: Unknown Pin: Pin U74-8
Added Pin To Net: NetName=5V_AI Pin=C388-2
Added Pin To Net: NetName=5V_AI Pin=C389-2
Added Pin To Net: NetName=5V_AI Pin=D24-1
Added Pin To Net: NetName=5V_AI Pin=J20-1
Added Pin To Net: NetName=5V_AI Pin=J20-2
Added Pin To Net: NetName=5V_AI Pin=JP17-2
Added Pin To Net: NetName=5V_AI Pin=R369-2
Added Pin To Net: NetName=5V_AI Pin=R372-2
Added Net: Name=5V_AI
Added Pin To Net: NetName=eFUSE_ILIM_5V_AI Pin=R544-2
Added Net: Name=eFUSE_ILIM_5V_AI
Added Pin To Net: NetName=NetC392_2 Pin=C392-2
Added Net: Name=NetC392_2
Added Pin To Net: NetName=NetC393_2 Pin=C393-2
Added Net: Name=NetC393_2
Added Pin To Net: NetName=NetR366_1 Pin=R366-1
Added Pin To Net: NetName=NetR366_1 Pin=R376-2
Added Net: Name=NetR366_1
Added Pin To Net: NetName=NetR369_1 Pin=R369-1
Added Net: Name=NetR369_1
Added Pin To Net: NetName=NetR372_1 Pin=R372-1
Added Net: Name=NetR372_1
Added Pin To Net: NetName=POW_ONOFF_AI Pin=R35-2
Added Pin To Net: NetName=POW_ONOFF_AI Pin=R374-1
Added Net: Name=POW_ONOFF_AI
Added Member To Class: ClassName=20_AI_Board Member=Component C388 47uF/25V
Added Member To Class: ClassName=20_AI_Board Member=Component C389 47uF/25V
Added Member To Class: ClassName=20_AI_Board Member=Component C390 47uF/25V
Added Member To Class: ClassName=20_AI_Board Member=Component C391 1uF/20V
Added Member To Class: ClassName=20_AI_Board Member=Component C392 2.2nF/10V
Added Member To Class: ClassName=20_AI_Board Member=Component C393 2.2nF/10V
Added Member To Class: ClassName=20_AI_Board Member=Component D24 SS54
Added Member To Class: ClassName=20_AI_Board Member=Component JP17 DNP/0R
Added Member To Class: ClassName=20_AI_Board Member=Component R35 DNP/10k
Added Member To Class: ClassName=20_AI_Board Member=Component R366 470k
Added Member To Class: ClassName=20_AI_Board Member=Component R369 47k
Added Member To Class: ClassName=20_AI_Board Member=Component R372 47k
Added Member To Class: ClassName=20_AI_Board Member=Component R374 10k
Added Member To Class: ClassName=20_AI_Board Member=Component R376 133k
Added Member To Class: ClassName=20_AI_Board Member=Component R544 1.6k
Add Class Member: Failed to add class member : Component U74 TPS259470ARPWR
Added Rule: Name=Schematic Supply Nets_30
