Removed Pin From Net: NetName=GND Pin=C40-1
Removed Pin From Net: NetName=3.3V_SAMA7 Pin=C40-2
Removed Pin From Net: NetName=3.3V_MCU Pin=C157-1
Removed Pin From Net: NetName=GND Pin=C157-2
Removed Pin From Net: NetName=GND Pin=C357-2
Removed Pin From Net: NetName=GND Pin=C362-1
Removed Pin From Net: NetName=GND Pin=C363-1
Removed Pin From Net: NetName=GND Pin=C364-1
Removed Pin From Net: NetName=GND Pin=C365-2
Removed Pin From Net: NetName=GND Pin=C366-2
Removed Pin From Net: NetName=USBB_N Pin=J16-2
Removed Pin From Net: NetName=USBB_P Pin=J16-3
Removed Pin From Net: NetName=GND Pin=J16-5
Removed Pin From Net: NetName=GND Pin=J16-6
Removed Pin From Net: NetName=GND Pin=J16-6
Removed Pin From Net: NetName=GND Pin=J16-6
Removed Pin From Net: NetName=GND Pin=J16-6
Removed Pin From Net: NetName=GND Pin=J16-6
Removed Pin From Net: NetName=GND Pin=J16-6
Removed Pin From Net: NetName=5V_SAMA7 Pin=JP2-1
Removed Pin From Net: NetName=PD14 Pin=R35-2
Removed Pin From Net: NetName=GND Pin=R96-2
Removed Pin From Net: NetName=3.3V_SAMA7 Pin=R111-1
Removed Pin From Net: NetName=GND Pin=R115-2
Removed Pin From Net: NetName=GND Pin=R116-2
Removed Pin From Net: NetName=SOM_PRAM_nCS Pin=R287-1
Removed Pin From Net: NetName=3.3V_SAMA7 Pin=R287-2
Removed Pin From Net: NetName=MCU_PRAM_SPI1_nCS Pin=R288-1
Removed Pin From Net: NetName=3.3V_MCU Pin=R288-2
Removed Pin From Net: NetName=_PB4 Pin=R366-2
Removed Pin From Net: NetName=_PB5 Pin=R369-2
Removed Pin From Net: NetName=_PB6 Pin=R372-2
Removed Pin From Net: NetName=_PB7 Pin=R374-2
Removed Pin From Net: NetName=_PB8 Pin=R376-2
Removed Pin From Net: NetName=3.3V_MCU Pin=R403-2
Removed Pin From Net: NetName=3.3V_MCU Pin=R404-2
Removed Pin From Net: NetName=3.3V_MCU Pin=R405-2
Removed Pin From Net: NetName=3.3V_MCU Pin=R406-2
Removed Pin From Net: NetName=_PC17 Pin=R544-2
Removed Pin From Net: NetName=GND Pin=R547-1
Removed Pin From Net: NetName=GND Pin=R548-1
Removed Pin From Net: NetName=GND Pin=R564-1
Removed Pin From Net: NetName=GND Pin=U4-1
Removed Pin From Net: NetName=3.3V_SAMA7 Pin=U4-4
Removed Pin From Net: NetName=CONN_USB_2_P Pin=U4-11
Removed Pin From Net: NetName=CONN_USB_2_N Pin=U4-12
Removed Pin From Net: NetName=CONN_USB_1_P Pin=U4-13
Removed Pin From Net: NetName=CONN_USB_1_N Pin=U4-14
Removed Pin From Net: NetName=GND Pin=U4-17
Removed Pin From Net: NetName=MCU_PRAM_SPI1_nCS Pin=U32-2
Removed Pin From Net: NetName=SOM_PRAM_nCS Pin=U32-3
Removed Pin From Net: NetName=PRAM_nCS Pin=U32-4
Removed Pin From Net: NetName=MCU_SPI1_SCK Pin=U32-5
Removed Pin From Net: NetName=SOM_PRAM_SPI_SCK Pin=U32-6
Removed Pin From Net: NetName=PRAM_SCK Pin=U32-7
Removed Pin From Net: NetName=GND Pin=U32-8
Removed Pin From Net: NetName=PRAM_MOSI Pin=U32-9
Removed Pin From Net: NetName=SOM_PRAM_SPI_MOSI Pin=U32-10
Removed Pin From Net: NetName=MCU_SPI1_MOSI Pin=U32-11
Removed Pin From Net: NetName=PRAM_MISO Pin=U32-12
Removed Pin From Net: NetName=SOM_PRAM_SPI_MISO Pin=U32-13
Removed Pin From Net: NetName=MCU_SPI1_MISO Pin=U32-14
Removed Pin From Net: NetName=3.3V_MCU Pin=U32-16
Removed Pin From Net: NetName=PRAM_nCS Pin=U33-1
Removed Pin From Net: NetName=PRAM_MISO Pin=U33-2
Removed Pin From Net: NetName=GND Pin=U33-4
Removed Pin From Net: NetName=PRAM_MOSI Pin=U33-5
Removed Pin From Net: NetName=PRAM_SCK Pin=U33-6
Removed Pin From Net: NetName=3.3V_MCU Pin=U33-8
Removed Pin From Net: NetName=NetR549_2 Pin=U68-28
Removed Pin From Net: NetName=USBC_N Pin=U68-30
Removed Pin From Net: NetName=USBC_P Pin=U68-31
Removed Pin From Net: NetName=NetR545_2 Pin=U68-35
Removed Pin From Net: NetName=GND Pin=U68-37
Removed Member From Class: ClassName=13_MRAM_RTC_WDT Member=C157
Removed Member From Class: ClassName=20_AI_Board Member=C357
Removed Member From Class: ClassName=20_AI_Board Member=C358
Removed Member From Class: ClassName=20_AI_Board Member=C359
Removed Member From Class: ClassName=20_AI_Board Member=C360
Removed Member From Class: ClassName=20_AI_Board Member=C361
Removed Member From Class: ClassName=20_AI_Board Member=C362
Removed Member From Class: ClassName=20_AI_Board Member=C363
Removed Member From Class: ClassName=20_AI_Board Member=C364
Removed Member From Class: ClassName=20_AI_Board Member=C365
Removed Member From Class: ClassName=20_AI_Board Member=C366
Removed Member From Class: ClassName=08_SOM_USB_CARD Member=J16
Removed Member From Class: ClassName=08_SOM_USB_CARD Member=JP2
Removed Member From Class: ClassName=20_AI_Board Member=JP16
Removed Member From Class: ClassName=11_MCU Member=R35
Removed Member From Class: ClassName=08_SOM_USB_CARD Member=R62
Removed Member From Class: ClassName=08_SOM_USB_CARD Member=R96
Removed Member From Class: ClassName=13_MRAM_RTC_WDT Member=R287
Removed Member From Class: ClassName=13_MRAM_RTC_WDT Member=R288
Removed Member From Class: ClassName=08_SAMA7G54-PIO Member=R366
Removed Member From Class: ClassName=08_SAMA7G54-PIO Member=R369
Removed Member From Class: ClassName=08_SAMA7G54-PIO Member=R372
Removed Member From Class: ClassName=08_SAMA7G54-PIO Member=R374
Removed Member From Class: ClassName=08_SAMA7G54-PIO Member=R376
Removed Member From Class: ClassName=13_MRAM_RTC_WDT Member=R403
Removed Member From Class: ClassName=13_MRAM_RTC_WDT Member=R404
Removed Member From Class: ClassName=13_MRAM_RTC_WDT Member=R405
Removed Member From Class: ClassName=13_MRAM_RTC_WDT Member=R406
Removed Member From Class: ClassName=08_SAMA7G54-PIO Member=R544
Removed Member From Class: ClassName=20_AI_Board Member=R545
Removed Member From Class: ClassName=20_AI_Board Member=R546
Removed Member From Class: ClassName=20_AI_Board Member=R547
Removed Member From Class: ClassName=20_AI_Board Member=R548
Removed Member From Class: ClassName=20_AI_Board Member=R549
Removed Member From Class: ClassName=20_AI_Board Member=R564
Removed Member From Class: ClassName=20_AI_Board Member=R567
Removed Member From Class: ClassName=13_MRAM_RTC_WDT Member=U32
Removed Member From Class: ClassName=13_MRAM_RTC_WDT Member=U33
Removed Member From Class: ClassName=20_AI_Board Member=U68
Removed Member From Class: ClassName=20_AI_Board Member=Y6
Removed Member From Class: ClassName=DIFF90 Member=IF_SOM_USB_N
Removed Member From Class: ClassName=DIFF90 Member=IF_SOM_USB_P
Change Footprint: Cannot match pads with new footprint in component :TP1 Footprint:TP_1mm_SMD
Change Footprint: Cannot match pads with new footprint in component :TP2 Footprint:TP_1mm_SMD
Change Footprint: Cannot match pads with new footprint in component :TP5 Footprint:TP_1mm_SMD
Change Footprint: Cannot match pads with new footprint in component :TP17 Footprint:TP_1mm_SMD
Change Footprint: Cannot match pads with new footprint in component :TP18 Footprint:TP_1mm_SMD
Change Component Footprint: Designator=C41 Old Footprint=CAP_C_1005X50_L New Footprint=CAP_C_1005X60
Change Component Footprint: Designator=C157 Old Footprint=CAP_C_1005X50_L New Footprint=CAP_C_1005X60
Change Component Footprint: Designator=C40 Old Footprint=CAP_C_1005X50_L New Footprint=CAP_C_1608X80
Change Component Footprint: Designator=C364 Old Footprint=CAP_C_1005X60 New Footprint=CAP_C_1608X80
Change Component Footprint: Designator=C357 Old Footprint=CAP_C_1608X80 New Footprint=CAP_C_1005X60
Change Component Footprint: Designator=JP2 Old Footprint=JUMPER_1608 New Footprint=TESTPOINT_SHORT_120X100_60
Change Component Footprint: Designator=U68 Old Footprint=QFN36_6X6MC_MCH New Footprint=TSSOP8_STM
Change Component Footprint: Designator=U4 Old Footprint=QFN50P300X300X80-17N New Footprint=QFN36_6X6MC_MCH
Change Component Footprint: Designator=R356 Old Footprint=RES_C_0603X30 New Footprint=RES_C_1005X40
Change Component Footprint: Designator=R358 Old Footprint=RES_C_0603X30 New Footprint=RES_C_1005X40
Change Component Footprint: Designator=R361 Old Footprint=RES_C_0603X30 New Footprint=RES_C_1005X40
Change Component Footprint: Designator=R486 Old Footprint=RES_C_0603X30 New Footprint=RES_C_1005X40
Change Component Footprint: Designator=R111 Old Footprint=RES_C_1005X30_L New Footprint=RES_C_1005X40
Change Component Footprint: Designator=R115 Old Footprint=RES_C_1005X30_L New Footprint=RES_C_1005X40
Change Component Footprint: Designator=R116 Old Footprint=RES_C_1005X30_L New Footprint=RES_C_1005X40
Change Component Footprint: Designator=R287 Old Footprint=RES_C_1005X30_L New Footprint=RES_C_1005X40
Change Component Footprint: Designator=R288 Old Footprint=RES_C_1005X30_L New Footprint=RES_C_1005X40
Change Component Footprint: Designator=R403 Old Footprint=RES_C_1005X30_L New Footprint=RES_C_1005X40
Change Component Footprint: Designator=R404 Old Footprint=RES_C_1005X30_L New Footprint=RES_C_1005X40
Change Component Footprint: Designator=R405 Old Footprint=RES_C_1005X30_L New Footprint=RES_C_1005X40
Change Component Footprint: Designator=R406 Old Footprint=RES_C_1005X30_L New Footprint=RES_C_1005X40
Change Component Footprint: Designator=R548 Old Footprint=RES_C_1005X40 New Footprint=RES_C_1005x30_L
Change Component Footprint: Designator=R549 Old Footprint=RES_C_1005X40 New Footprint=RES_C_1005x30_L
Change Component Footprint: Designator=R564 Old Footprint=RES_C_1005X40 New Footprint=RES_C_1005x30_L
Change Component Footprint: Designator=R567 Old Footprint=RES_C_1005X40 New Footprint=RES_C_1005x30_L
Change Component Footprint: Designator=U33 Old Footprint=SOIC8_150MIL_N_ISI New Footprint=QFN50P900X900X85-65N
Change Component Footprint: Designator=U32 Old Footprint=SOIC_PRQ1_TEX New Footprint=QFN36_6X6MC_MCH
Change Component Comment : Designator=C362 Old Comment=0.1uF/10V New Comment=18pF/10V
Change Component Comment : Designator=C363 Old Comment=0.1uF/10V New Comment=18pF/10V
Change Component Comment : Designator=C40 Old Comment=0.1uF/10V New Comment=22uF/10V
Change Component Comment : Designator=C364 Old Comment=0.1uF/10V New Comment=22uF/10V
Change Component Comment : Designator=R567 Old Comment=1M New Comment=1k
Change Component Comment : Designator=R288 Old Comment=4.7k New Comment=1M
Change Component Comment : Designator=R403 Old Comment=4.7k New Comment=12k
Change Component Comment : Designator=R287 Old Comment=4.7k New Comment=36k
Change Component Comment : Designator=R404 Old Comment=4.7k New Comment=36k
Change Component Comment : Designator=R405 Old Comment=4.7k New Comment=36k
Change Component Comment : Designator=R406 Old Comment=4.7k New Comment=36k
Change Component Comment : Designator=C41 Old Comment=4.7uF/10V New Comment=0.1uF/10V
Change Component Comment : Designator=R62 Old Comment=10k New Comment=12k
Change Component Comment : Designator=R111 Old Comment=10k New Comment=36k
Change Component Comment : Designator=R115 Old Comment=10k New Comment=36k
Change Component Comment : Designator=R116 Old Comment=10k New Comment=36k
Change Component Comment : Designator=R545 Old Comment=12k New Comment=36k
Change Component Comment : Designator=C365 Old Comment=18pF/10V New Comment=0.1uF/10V
Change Component Comment : Designator=C366 Old Comment=18pF/10V New Comment=0.1uF/10V
Change Component Comment : Designator=R96 Old Comment=20k New Comment=36k
Change Component Comment : Designator=R356 Old Comment=22R New Comment=DNP/22R
Change Component Comment : Designator=R358 Old Comment=22R New Comment=DNP/22R
Change Component Comment : Designator=R361 Old Comment=22R New Comment=DNP/22R
Change Component Comment : Designator=R486 Old Comment=22R New Comment=DNP/22R
Change Component Comment : Designator=C357 Old Comment=22uF/10V New Comment=0.1uF/10V
Change Component Comment : Designator=R564 Old Comment=36k New Comment=1k
Change Component Comment : Designator=R547 Old Comment=36k New Comment=1M
Change Component Comment : Designator=R548 Old Comment=36k New Comment=10k
Change Component Comment : Designator=R549 Old Comment=36k New Comment=12k
Change Component Comment : Designator=JP2 Old Comment=DNP/0R New Comment=
Change Component Comment : Designator=U4 Old Comment=FSUSB74MPX New Comment=USB2512BI-AEZG
Change Component Comment : Designator=U33 Old Comment=IS66WVS8M8FBLL-104NLI New Comment=FT2232HQ-REEL
Change Component Comment : Designator=U32 Old Comment=SN3257QPWRQ1 New Comment=USB2512BI-AEZG
Change Component Comment : Designator=U68 Old Comment=USB2512BI-AEZG New Comment=M93C46-WDW6TP
Change component parameters: Designator = "U4" ("U4"); Footprint = "QFN50P300X300X80-17N"; UniqueID = "\GHEVUDGR" ("\GHEVUDGR")
Change component parameters (AddParameter): Name = "Copyright"; Value = "Copyright (C) 2026 Ultra Librarian. All rights reserved."; VariantName = "[No Variations]"
Change component parameters (AddParameter): Name = "Manufacturer_Name"; Value = "Microchip"; VariantName = "[No Variations]"
Change component parameters (AddParameter): Name = "Manufacturer_Part_Number"; Value = "USB2512BI-AEZG"; VariantName = "[No Variations]"
Change component parameters (AddParameter): Name = "RefDes"; Value = "RefDes"; VariantName = "[No Variations]"
Change component parameters (AddParameter): Name = "Type"; Value = "Type"; VariantName = "[No Variations]"
Change component parameters: Designator = "U32" ("U32"); Footprint = "SOIC_PRQ1_TEX"; UniqueID = "\WTROLOCG" ("\WTROLOCG")
Change component parameters (AddParameter): Name = "Copyright"; Value = "Copyright (C) 2026 Ultra Librarian. All rights reserved."; VariantName = "[No Variations]"
Change component parameters (AddParameter): Name = "Manufacturer_Name"; Value = "Microchip"; VariantName = "[No Variations]"
Change component parameters (AddParameter): Name = "Manufacturer_Part_Number"; Value = "USB2512BI-AEZG"; VariantName = "[No Variations]"
Change component parameters (AddParameter): Name = "RefDes"; Value = "RefDes"; VariantName = "[No Variations]"
Change component parameters (AddParameter): Name = "Type"; Value = "Type"; VariantName = "[No Variations]"
Change component parameters: Designator = "U33" ("U33"); Footprint = "SOIC8_150MIL_N_ISI"; UniqueID = "\LTQBHVTP" ("\LTQBHVTP")
Change component parameters (AddParameter): Name = "Availability"; Value = "Unavailable"; VariantName = "[No Variations]"
Change component parameters (AddParameter): Name = "MF"; Value = "{'manufacturer': u'FTDI, Future Technology Devices International Ltd'}"; VariantName = "[No Variations]"
Change component parameters (AddParameter): Name = "MP"; Value = "FT2232HL-REEL"; VariantName = "[No Variations]"
Change component parameters (AddParameter): Name = "Package"; Value = "None"; VariantName = "[No Variations]"
Change component parameters (AddParameter): Name = "Price"; Value = "None"; VariantName = "[No Variations]"
Change component parameters (AddParameter): Name = "Value"; Value = ""; VariantName = "[No Variations]"
Change component parameters: Designator = "U68" ("U68"); Footprint = "QFN36_6X6MC_MCH"; UniqueID = "\YBTNYETH" ("\YBTNYETH")
Change component parameters (AddParameter): Name = "Copyright"; Value = "Copyright (C) 2025 Ultra Librarian. All rights reserved."; VariantName = "[No Variations]"
Change component parameters (AddParameter): Name = "Datasheet"; Value = "https://www.st.com/resource/en/datasheet/m93c46-w.pdf"; VariantName = "[No Variations]"
Change component parameters (AddParameter): Name = "Manufacturer_Name"; Value = "STMicroelectronics"; VariantName = "[No Variations]"
Change component parameters (AddParameter): Name = "Manufacturer_Part_Number"; Value = "M93C46-WDW6TP"; VariantName = "[No Variations]"
Change component parameters (AddParameter): Name = "RefDes"; Value = "RefDes"; VariantName = "[No Variations]"
Change component parameters (AddParameter): Name = "Type"; Value = "Type"; VariantName = "[No Variations]"
Added Component: Designator=C371(CAP_C_1005X60)
Added Component: Designator=C372(CAP_C_1005X60)
Added Component: Designator=C373(CAP_C_1005X60)
Added Component: Designator=C374(CAP_C_1005X60)
Added Component: Designator=C375(CAP_C_1005X60)
Added Component: Designator=C376(CAP_C_1005X60)
Added Component: Designator=C377(CAP_C_1005X60)
Added Component: Designator=C378(CAP_C_1005X50_L)
Added Component: Designator=C379(CAP_C_1005X50_L)
Added Component: Designator=C380(CAP_C_1005X50_L)
Added Component: Designator=C381(CAP_C_1005X50_L)
Added Component: Designator=C382(CAP_C_0603x30)
Added Component: Designator=C383(CAP_C_0603x30)
Added Component: Designator=C384(CAP_C_0603x30)
Added Component: Designator=C385(CAP_C_1005X60)
Added Component: Designator=C386(CAP_C_1005X60)
Added Component: Designator=C387(CAP_C_1005X50_L)
Added Component: Designator=DS12(LED_0402)
Added Component: Designator=DS13(LED_0402)
Added Component: Designator=R577(RES_C_1005x30_L)
Added Component: Designator=R578(RES_C_1005x30_L)
Added Component: Designator=R579(RES_C_1005x30_L)
Added Component: Designator=R580(RES_C_1005x30_L)
Added Component: Designator=R581(RES_C_1005x30_L)
Added Component: Designator=R582(RES_C_1005x30_L)
Added Component: Designator=R583(RES_C_1005x30_L)
Added Component: Designator=R584(RES_C_1005x30_L)
Added Component: Designator=R585(RES_C_1005x30_L)
Added Component: Designator=R586(RES_C_1005x30_L)
Added Component: Designator=R587(RES_C_1005x30_L)
Added Component: Designator=R588(RES_C_1005x30_L)
Added Component: Designator=R589(RES_C_1005x30_L)
Added Component: Designator=R590(RES_C_1005x30_L)
Added Component: Designator=R591(RES_C_1005x30_L)
Added Component: Designator=U71(SOIC_PRQ1_TEX)
Add component (AddParameter): Name = "Copyright"; Value = "Copyright (C) 2025 Ultra Librarian. All rights reserved."; VariantName = "[No Variations]"
Add component (AddParameter): Name = "Datasheet"; Value = "https://www.ti.com/lit/gpn/sn3257-q1"; VariantName = "[No Variations]"
Add component (AddParameter): Name = "Manufacturer_Name"; Value = "Texas Instruments"; VariantName = "[No Variations]"
Add component (AddParameter): Name = "Manufacturer_Part_Number"; Value = "SN3257QPWRQ1"; VariantName = "[No Variations]"
Add component (AddParameter): Name = "RefDes"; Value = "RefDes"; VariantName = "[No Variations]"
Add component (AddParameter): Name = "Type"; Value = "Type"; VariantName = "[No Variations]"
Added Component: Designator=U72(SOIC_PRQ1_TEX)
Add component (AddParameter): Name = "Copyright"; Value = "Copyright (C) 2025 Ultra Librarian. All rights reserved."; VariantName = "[No Variations]"
Add component (AddParameter): Name = "Datasheet"; Value = "https://www.ti.com/lit/gpn/sn3257-q1"; VariantName = "[No Variations]"
Add component (AddParameter): Name = "Manufacturer_Name"; Value = "Texas Instruments"; VariantName = "[No Variations]"
Add component (AddParameter): Name = "Manufacturer_Part_Number"; Value = "SN3257QPWRQ1"; VariantName = "[No Variations]"
Add component (AddParameter): Name = "RefDes"; Value = "RefDes"; VariantName = "[No Variations]"
Add component (AddParameter): Name = "Type"; Value = "Type"; VariantName = "[No Variations]"
Added Component: Designator=U73(SOIC8_150MIL_N_ISI)
Add component (AddParameter): Name = "Copyright"; Value = "Copyright (C) 2025 Ultra Librarian. All rights reserved."; VariantName = "[No Variations]"
Add component (AddParameter): Name = "Manufacturer_Name"; Value = "ISSI"; VariantName = "[No Variations]"
Add component (AddParameter): Name = "Manufacturer_Part_Number"; Value = "IS66WVS4M8BLL-104NLI"; VariantName = "[No Variations]"
Add component (AddParameter): Name = "RefDes"; Value = "RefDes"; VariantName = "[No Variations]"
Add component (AddParameter): Name = "Type"; Value = "Memory"; VariantName = "[No Variations]"
Added Component: Designator=Y7(CRYSTAL_ABM8G)
Add component (AddParameter): Name = "Category"; Value = "Crystal/Oscillator"; VariantName = "[No Variations]"
Add component (AddParameter): Name = "ComponentLink1Description"; Value = "SVN Datasheet"; VariantName = "[No Variations]"
Add component (AddParameter): Name = "ComponentLink1URL"; Value = "https://chn-vm-apps.microchip.com/mchprepo/parts/Datasheets/ABM8G.pdf"; VariantName = "[No Variations]"
Add component (AddParameter): Name = "ComponentLink2Description"; Value = "Local Datasheet"; VariantName = "[No Variations]"
Add component (AddParameter): Name = "ComponentLink2URL"; Value = "C:\ALTIUM_WORK\00001_MCHP-CDB\Datasheets\ABM8G.pdf"; VariantName = "[No Variations]"
Add component (AddParameter): Name = "ComponentLink3Description"; Value = "Open Symbol"; VariantName = "[No Variations]"
Add component (AddParameter): Name = "ComponentLink3URL"; Value = "C:\ALTIUM_WORK\00001_MCHP-CDB\Library\LibraryRefs\Crystal 4 Pins.SchLib"; VariantName = "[No Variations]"
Add component (AddParameter): Name = "ComponentLink4Description"; Value = "Open Footprint"; VariantName = "[No Variations]"
Add component (AddParameter): Name = "ComponentLink4URL"; Value = "C:\ALTIUM_WORK\00001_MCHP-CDB\Library\Footprints\CRYSTAL_ABM8G.PcbLib"; VariantName = "[No Variations]"
Add component (AddParameter): Name = "ComponentLink5Description"; Value = "Open Footprint 2"; VariantName = "[No Variations]"
Add component (AddParameter): Name = "ComponentLink6Description"; Value = "Open Footprint 3"; VariantName = "[No Variations]"
Add component (AddParameter): Name = "ComponentLink7Description"; Value = "Open Footprint 4"; VariantName = "[No Variations]"
Add component (AddParameter): Name = "Description_"; Value = "CRYSTAL 24MHz 18pF SMD ABM8G"; VariantName = "[No Variations]"
Add component (AddParameter): Name = "Dev Tools Status"; Value = "Production"; VariantName = "[No Variations]"
Add component (AddParameter): Name = "Load Capacitance"; Value = "18pF"; VariantName = "[No Variations]"
Add component (AddParameter): Name = "Manufacturer 1"; Value = "Abracon Corporation"; VariantName = "[No Variations]"
Add component (AddParameter): Name = "Manufacturer Part Number 1"; Value = "ABM8G-24.000MHZ-18-D2Y-T"; VariantName = "[No Variations]"
Add component (AddParameter): Name = "MCHP-ID"; Value = "OSC1047"; VariantName = "[No Variations]"
Add component (AddParameter): Name = "Owner"; Value = "Mark Loper"; VariantName = "[No Variations]"
Add component (AddParameter): Name = "Package"; Value = "ABM8G"; VariantName = "[No Variations]"
Add component (AddParameter): Name = "Populated"; Value = "DNP"; VariantName = "[No Variations]"
Add component (AddParameter): Name = "Quantity Override"; Value = "1"; VariantName = "[No Variations]"
Add component (AddParameter): Name = "Revision"; Value = "1"; VariantName = "[No Variations]"
Add component (AddParameter): Name = "Status"; Value = "MCL Design"; VariantName = "[No Variations]"
Add component (AddParameter): Name = "Supplier 1"; Value = "Digi-Key"; VariantName = "[No Variations]"
Add component (AddParameter): Name = "Supplier Part Number 1"; Value = "535-10273-1-ND"; VariantName = "[No Variations]"
Add component (AddParameter): Name = "Symbol"; Value = "Crystal 4 Pins"; VariantName = "[No Variations]"
Add component (AddParameter): Name = "Type"; Value = "Crystal"; VariantName = "[No Variations]"
Add component (AddParameter): Name = "Value"; Value = "24MHz"; VariantName = "[No Variations]"
Added Component: Designator=Y8(CRYSTAL_ABM8G)
Add component (AddParameter): Name = "Category"; Value = "Crystal/Oscillator"; VariantName = "[No Variations]"
Add component (AddParameter): Name = "ComponentLink1Description"; Value = "SVN Datasheet"; VariantName = "[No Variations]"
Add component (AddParameter): Name = "ComponentLink1URL"; Value = "https://chn-vm-apps.microchip.com/mchprepo/parts/Datasheets/ABM8G.pdf"; VariantName = "[No Variations]"
Add component (AddParameter): Name = "ComponentLink2Description"; Value = "Local Datasheet"; VariantName = "[No Variations]"
Add component (AddParameter): Name = "ComponentLink2URL"; Value = "C:\ALTIUM_WORK\00001_MCHP-CDB\Datasheets\ABM8G.pdf"; VariantName = "[No Variations]"
Add component (AddParameter): Name = "ComponentLink3Description"; Value = "Open Symbol"; VariantName = "[No Variations]"
Add component (AddParameter): Name = "ComponentLink3URL"; Value = "C:\ALTIUM_WORK\00001_MCHP-CDB\Library\LibraryRefs\Crystal 4 Pins.SchLib"; VariantName = "[No Variations]"
Add component (AddParameter): Name = "ComponentLink4Description"; Value = "Open Footprint"; VariantName = "[No Variations]"
Add component (AddParameter): Name = "ComponentLink4URL"; Value = "C:\ALTIUM_WORK\00001_MCHP-CDB\Library\Footprints\CRYSTAL_ABM8G.PcbLib"; VariantName = "[No Variations]"
Add component (AddParameter): Name = "ComponentLink5Description"; Value = "Open Footprint 2"; VariantName = "[No Variations]"
Add component (AddParameter): Name = "ComponentLink6Description"; Value = "Open Footprint 3"; VariantName = "[No Variations]"
Add component (AddParameter): Name = "ComponentLink7Description"; Value = "Open Footprint 4"; VariantName = "[No Variations]"
Add component (AddParameter): Name = "Description_"; Value = "CRYSTAL 24MHz 18pF SMD ABM8G"; VariantName = "[No Variations]"
Add component (AddParameter): Name = "Dev Tools Status"; Value = "Production"; VariantName = "[No Variations]"
Add component (AddParameter): Name = "Load Capacitance"; Value = "18pF"; VariantName = "[No Variations]"
Add component (AddParameter): Name = "Manufacturer 1"; Value = "Abracon Corporation"; VariantName = "[No Variations]"
Add component (AddParameter): Name = "Manufacturer Part Number 1"; Value = "?"; VariantName = "[No Variations]"
Add component (AddParameter): Name = "MCHP-ID"; Value = "OSC1047"; VariantName = "[No Variations]"
Add component (AddParameter): Name = "Owner"; Value = "Mark Loper"; VariantName = "[No Variations]"
Add component (AddParameter): Name = "Package"; Value = "ABM8G"; VariantName = "[No Variations]"
Add component (AddParameter): Name = "Populated"; Value = "DNP"; VariantName = "[No Variations]"
Add component (AddParameter): Name = "Quantity Override"; Value = "1"; VariantName = "[No Variations]"
Add component (AddParameter): Name = "Revision"; Value = "1"; VariantName = "[No Variations]"
Add component (AddParameter): Name = "Status"; Value = "MCL Design"; VariantName = "[No Variations]"
Add component (AddParameter): Name = "Supplier 1"; Value = "Digi-Key"; VariantName = "[No Variations]"
Add component (AddParameter): Name = "Supplier Part Number 1"; Value = "535-10273-1-ND"; VariantName = "[No Variations]"
Add component (AddParameter): Name = "Symbol"; Value = "Crystal 4 Pins"; VariantName = "[No Variations]"
Add component (AddParameter): Name = "Type"; Value = "Crystal"; VariantName = "[No Variations]"
Add component (AddParameter): Name = "Value"; Value = "12M"; VariantName = "[No Variations]"
Added Pin To Net: NetName=3.3V_SAMA7 Pin=C40-1
Added Pin To Net: NetName=GND Pin=C40-2
Added Pin To Net: NetName=GND Pin=C157-1
Added Pin To Net: NetName=3.3V_SAMA7 Pin=C157-2
Added Pin To Net: NetName=GND Pin=C357-1
Added Pin To Net: NetName=3.3V_SAMA7 Pin=C357-2
Added Pin To Net: NetName=3.3V_SAMA7 Pin=C358-2
Added Pin To Net: NetName=3.3V_SAMA7 Pin=C359-2
Added Pin To Net: NetName=3.3V_SAMA7 Pin=C360-2
Added Pin To Net: NetName=GND Pin=C362-2
Added Pin To Net: NetName=GND Pin=C363-2
Added Pin To Net: NetName=3.3V_SAMA7 Pin=C364-1
Added Pin To Net: NetName=GND Pin=C364-2
Added Pin To Net: NetName=GND Pin=C365-1
Added Pin To Net: NetName=3.3V_SAMA7 Pin=C365-2
Added Pin To Net: NetName=GND Pin=C366-1
Added Pin To Net: NetName=3.3V_SAMA7 Pin=C366-2
Added Pin To Net: NetName=GND Pin=C371-1
Added Pin To Net: NetName=3.3V_SAMA7 Pin=C371-2
Added Pin To Net: NetName=GND Pin=C372-1
Added Pin To Net: NetName=3.3V_SAMA7 Pin=C372-2
Added Pin To Net: NetName=GND Pin=C373-1
Added Pin To Net: NetName=3.3V_SAMA7 Pin=C373-2
Added Pin To Net: NetName=GND Pin=C374-1
Added Pin To Net: NetName=3.3V_SAMA7 Pin=C374-2
Added Pin To Net: NetName=GND Pin=C375-1
Added Pin To Net: NetName=GND Pin=C376-2
Added Pin To Net: NetName=GND Pin=C377-2
Added Pin To Net: NetName=GND Pin=C378-1
Added Pin To Net: NetName=3.3V_SAMA7 Pin=C379-1
Added Pin To Net: NetName=GND Pin=C379-2
Added Pin To Net: NetName=3.3V_SAMA7 Pin=C380-1
Added Pin To Net: NetName=GND Pin=C380-2
Added Pin To Net: NetName=3.3V_SAMA7 Pin=C381-1
Added Pin To Net: NetName=GND Pin=C381-2
Added Pin To Net: NetName=3.3V_SAMA7 Pin=C382-1
Added Pin To Net: NetName=GND Pin=C382-2
Added Pin To Net: NetName=3.3V_SAMA7 Pin=C383-1
Added Pin To Net: NetName=GND Pin=C383-2
Added Pin To Net: NetName=3.3V_SAMA7 Pin=C384-1
Added Pin To Net: NetName=GND Pin=C384-2
Added Pin To Net: NetName=GND Pin=C385-2
Added Pin To Net: NetName=GND Pin=C386-2
Added Pin To Net: NetName=3.3V_MCU Pin=C387-1
Added Pin To Net: NetName=GND Pin=C387-2
Added Pin To Net: NetName=3.3V_SAMA7 Pin=DS12-2
Added Pin To Net: NetName=3.3V_SAMA7 Pin=DS13-2
Added Pin To Net: NetName=USBB_N Pin=J20-7
Added Pin To Net: NetName=USBB_P Pin=J20-8
Added Pin To Net: NetName=GND Pin=JP2-2
Added Pin To Net: NetName=GND Pin=R62-1
Added Pin To Net: NetName=3.3V_SAMA7 Pin=R96-1
Added Pin To Net: NetName=GND Pin=R111-1
Added Pin To Net: NetName=GND Pin=R115-1
Added Pin To Net: NetName=GND Pin=R116-1
Added Pin To Net: NetName=GND Pin=R287-1
Added Pin To Net: NetName=GND Pin=R403-1
Added Pin To Net: NetName=3.3V_SAMA7 Pin=R404-1
Added Pin To Net: NetName=GND Pin=R405-1
Added Pin To Net: NetName=GND Pin=R406-1
Added Pin To Net: NetName=GND Pin=R546-1
Added Pin To Net: NetName=3.3V_SAMA7 Pin=R548-2
Added Pin To Net: NetName=3.3V_MCU Pin=R578-2
Added Pin To Net: NetName=3.3V_MCU Pin=R579-2
Added Pin To Net: NetName=SOM_PRAM_nCS Pin=R580-1
Added Pin To Net: NetName=3.3V_SAMA7 Pin=R580-2
Added Pin To Net: NetName=3.3V_MCU Pin=R581-2
Added Pin To Net: NetName=3.3V_MCU Pin=R582-2
Added Pin To Net: NetName=MCU_PRAM_SPI1_nCS Pin=R583-1
Added Pin To Net: NetName=3.3V_MCU Pin=R583-2
Added Pin To Net: NetName=3.3V_SAMA7 Pin=R584-2
Added Pin To Net: NetName=3.3V_MCU Pin=R585-2
Added Pin To Net: NetName=3.3V_MCU Pin=R586-2
Added Pin To Net: NetName=3.3V_MCU Pin=R587-2
Added Pin To Net: NetName=OBC_VS_SOM_SPI_SG_CS Pin=R588-2
Added Pin To Net: NetName=OBC_VS_SOM_SPI_SG_SCK Pin=R589-2
Added Pin To Net: NetName=OBC_VS_SOM_SPI_SG_MOSI Pin=R590-2
Added Pin To Net: NetName=OBC_VS_SOM_SPI_SG_MISO Pin=R591-2
Add Pin To Net: Unknown Pin: Pin TP6-0
Add Pin To Net: Unknown Pin: Pin TP7-0
Add Pin To Net: Unknown Pin: Pin TP8-0
Add Pin To Net: Unknown Pin: Pin TP9-0
Add Pin To Net: Unknown Pin: Pin TP10-0
Add Pin To Net: Unknown Pin: Pin TP11-0
Add Pin To Net: Unknown Pin: Pin TP12-0
Add Pin To Net: Unknown Pin: Pin TP13-0
Add Pin To Net: Unknown Pin: Pin TP14-0
Add Pin To Net: Unknown Pin: Pin TP16-0
Add Pin To Net: Unknown Pin: Pin TP19-0
Add Pin To Net: Unknown Pin: Pin TP20-0
Add Pin To Net: Unknown Pin: Pin TP21-0
Add Pin To Net: Unknown Pin: Pin TP22-0
Add Pin To Net: Unknown Pin: Pin TP23-0
Add Pin To Net: Unknown Pin: Pin TP24-0
Add Pin To Net: Unknown Pin: Pin TP25-0
Add Pin To Net: Unknown Pin: Pin TP26-0
Add Pin To Net: Unknown Pin: Pin TP27-0
Add Pin To Net: Unknown Pin: Pin TP28-0
Added Pin To Net: NetName=CONN_USB_1_N Pin=U4-1
Added Pin To Net: NetName=CONN_USB_1_P Pin=U4-2
Added Pin To Net: NetName=CONN_USB_2_N Pin=U4-3
Added Pin To Net: NetName=CONN_USB_2_P Pin=U4-4
Added Pin To Net: NetName=3.3V_SAMA7 Pin=U4-5
Added Pin To Net: NetName=3.3V_SAMA7 Pin=U4-10
Added Pin To Net: NetName=3.3V_SAMA7 Pin=U4-15
Added Pin To Net: NetName=3.3V_SAMA7 Pin=U4-23
Added Pin To Net: NetName=3.3V_SAMA7 Pin=U4-27
Added Pin To Net: NetName=3.3V_SAMA7 Pin=U4-29
Added Pin To Net: NetName=USBC_N Pin=U4-30
Added Pin To Net: NetName=USBC_P Pin=U4-31
Added Pin To Net: NetName=3.3V_SAMA7 Pin=U4-36
Added Pin To Net: NetName=GND Pin=U4-37
Added Pin To Net: NetName=3.3V_SAMA7 Pin=U32-5
Added Pin To Net: NetName=3.3V_SAMA7 Pin=U32-10
Added Pin To Net: NetName=3.3V_SAMA7 Pin=U32-15
Added Pin To Net: NetName=3.3V_SAMA7 Pin=U32-23
Added Pin To Net: NetName=3.3V_SAMA7 Pin=U32-27
Added Pin To Net: NetName=NetR545_2 Pin=U32-28
Added Pin To Net: NetName=3.3V_SAMA7 Pin=U32-29
Added Pin To Net: NetName=3.3V_SAMA7 Pin=U32-36
Added Pin To Net: NetName=GND Pin=U32-37
Added Pin To Net: NetName=GND Pin=U33-1
Added Pin To Net: NetName=3.3V_SAMA7 Pin=U33-4
Added Pin To Net: NetName=GND Pin=U33-5
Added Pin To Net: NetName=NetR549_2 Pin=U33-6
Added Pin To Net: NetName=3.3V_SAMA7 Pin=U33-9
Added Pin To Net: NetName=GND Pin=U33-10
Added Pin To Net: NetName=GND Pin=U33-11
Added Pin To Net: NetName=GND Pin=U33-13
Added Pin To Net: NetName=GND Pin=U33-15
Added Pin To Net: NetName=SOM_CONSOLE_TX Pin=U33-16
Added Pin To Net: NetName=SOM_CONSOLE_RX Pin=U33-17
Added Pin To Net: NetName=3.3V_SAMA7 Pin=U33-20
Added Pin To Net: NetName=GND Pin=U33-25
Added Pin To Net: NetName=3.3V_SAMA7 Pin=U33-31
Added Pin To Net: NetName=GND Pin=U33-35
Added Pin To Net: NetName=3.3V_SAMA7 Pin=U33-42
Added Pin To Net: NetName=GND Pin=U33-47
Added Pin To Net: NetName=3.3V_SAMA7 Pin=U33-50
Added Pin To Net: NetName=GND Pin=U33-51
Added Pin To Net: NetName=3.3V_SAMA7 Pin=U33-56
Added Pin To Net: NetName=GND Pin=U33-65
Added Pin To Net: NetName=GND Pin=U68-5
Added Pin To Net: NetName=3.3V_SAMA7 Pin=U68-6
Added Pin To Net: NetName=GND Pin=U68-7
Added Pin To Net: NetName=3.3V_SAMA7 Pin=U68-8
Added Pin To Net: NetName=MCU_PRAM_SPI1_nCS Pin=U71-2
Added Pin To Net: NetName=SOM_PRAM_nCS Pin=U71-3
Added Pin To Net: NetName=MCU_SPI1_SCK Pin=U71-5
Added Pin To Net: NetName=SOM_PRAM_SPI_SCK Pin=U71-6
Added Pin To Net: NetName=GND Pin=U71-8
Added Pin To Net: NetName=SOM_PRAM_SPI_MOSI Pin=U71-10
Added Pin To Net: NetName=MCU_SPI1_MOSI Pin=U71-11
Added Pin To Net: NetName=SOM_PRAM_SPI_MISO Pin=U71-13
Added Pin To Net: NetName=MCU_SPI1_MISO Pin=U71-14
Added Pin To Net: NetName=3.3V_MCU Pin=U71-16
Added Pin To Net: NetName=PRAM_nCS Pin=U72-4
Added Pin To Net: NetName=PRAM_SCK Pin=U72-7
Added Pin To Net: NetName=GND Pin=U72-8
Added Pin To Net: NetName=PRAM_MOSI Pin=U72-9
Added Pin To Net: NetName=PRAM_MISO Pin=U72-12
Added Pin To Net: NetName=3.3V_MCU Pin=U72-16
Added Pin To Net: NetName=PRAM_nCS Pin=U73-1
Added Pin To Net: NetName=PRAM_MISO Pin=U73-2
Added Pin To Net: NetName=GND Pin=U73-4
Added Pin To Net: NetName=PRAM_MOSI Pin=U73-5
Added Pin To Net: NetName=PRAM_SCK Pin=U73-6
Added Pin To Net: NetName=3.3V_MCU Pin=U73-8
Added Pin To Net: NetName=GND Pin=Y7-2
Added Pin To Net: NetName=GND Pin=Y7-4
Added Pin To Net: NetName=GND Pin=Y8-2
Added Pin To Net: NetName=GND Pin=Y8-4
Added Pin To Net: NetName=+1.8V Pin=U33-12
Added Pin To Net: NetName=+1.8V Pin=U33-37
Added Pin To Net: NetName=+1.8V Pin=U33-49
Added Pin To Net: NetName=+1.8V Pin=U33-64
Added Net: Name=+1.8V
Added Pin To Net: NetName=CONSOLE_HUB_nRESET Pin=C375-2
Added Pin To Net: NetName=CONSOLE_HUB_nRESET Pin=JP16-1
Added Pin To Net: NetName=CONSOLE_HUB_nRESET Pin=R404-2
Added Pin To Net: NetName=CONSOLE_HUB_nRESET Pin=U32-26
Added Net: Name=CONSOLE_HUB_nRESET
Added Pin To Net: NetName=CONSOLE_HUB_XIN Pin=C376-1
Added Pin To Net: NetName=CONSOLE_HUB_XIN Pin=R547-1
Added Pin To Net: NetName=CONSOLE_HUB_XIN Pin=U32-33
Added Pin To Net: NetName=CONSOLE_HUB_XIN Pin=Y7-3
Added Net: Name=CONSOLE_HUB_XIN
Added Pin To Net: NetName=CONSOLE_HUB_XOUT Pin=C377-1
Added Pin To Net: NetName=CONSOLE_HUB_XOUT Pin=R547-2
Added Pin To Net: NetName=CONSOLE_HUB_XOUT Pin=U32-32
Added Pin To Net: NetName=CONSOLE_HUB_XOUT Pin=Y7-1
Added Net: Name=CONSOLE_HUB_XOUT
Added Pin To Net: NetName=CPU_PRAM_SW_nEN1 Pin=R581-1
Added Pin To Net: NetName=CPU_PRAM_SW_nEN1 Pin=U71-15
Added Net: Name=CPU_PRAM_SW_nEN1
Added Pin To Net: NetName=CPU_PRAM_SW_nEN2 Pin=R585-1
Added Pin To Net: NetName=CPU_PRAM_SW_nEN2 Pin=U72-15
Added Net: Name=CPU_PRAM_SW_nEN2
Added Pin To Net: NetName=IF_USB_N Pin=J2-8
Added Pin To Net: NetName=IF_USB_N Pin=U32-30
Added Net: Name=IF_USB_N
Added Pin To Net: NetName=IF_USB_P Pin=J2-7
Added Pin To Net: NetName=IF_USB_P Pin=U32-31
Added Net: Name=IF_USB_P
Added Pin To Net: NetName=NetC378_2 Pin=C378-2
Added Pin To Net: NetName=NetC378_2 Pin=R548-1
Added Pin To Net: NetName=NetC378_2 Pin=U33-14
Added Net: Name=NetC378_2
Added Pin To Net: NetName=NetC385_1 Pin=C385-1
Added Pin To Net: NetName=NetC385_1 Pin=U33-2
Added Pin To Net: NetName=NetC385_1 Pin=Y8-1
Added Net: Name=NetC385_1
Added Pin To Net: NetName=NetC386_1 Pin=C386-1
Added Pin To Net: NetName=NetC386_1 Pin=U33-3
Added Pin To Net: NetName=NetC386_1 Pin=Y8-3
Added Net: Name=NetC386_1
Added Pin To Net: NetName=NetDS12_1 Pin=DS12-1
Added Pin To Net: NetName=NetDS12_1 Pin=R564-2
Added Net: Name=NetDS12_1
Added Pin To Net: NetName=NetDS13_1 Pin=DS13-1
Added Pin To Net: NetName=NetDS13_1 Pin=R567-2
Added Net: Name=NetDS13_1
Added Pin To Net: NetName=NetR62_2 Pin=R62-2
Added Pin To Net: NetName=NetR62_2 Pin=U4-35
Added Net: Name=NetR62_2
Added Pin To Net: NetName=NetR111_2 Pin=R111-2
Added Pin To Net: NetName=NetR111_2 Pin=U4-24
Added Net: Name=NetR111_2
Added Pin To Net: NetName=NetR115_2 Pin=R115-2
Added Pin To Net: NetName=NetR115_2 Pin=U4-22
Added Net: Name=NetR115_2
Added Pin To Net: NetName=NetR116_2 Pin=R116-2
Added Pin To Net: NetName=NetR116_2 Pin=U4-28
Added Net: Name=NetR116_2
Added Pin To Net: NetName=NetR287_2 Pin=R287-2
Added Pin To Net: NetName=NetR287_2 Pin=U4-25
Added Net: Name=NetR287_2
Added Pin To Net: NetName=NetR403_2 Pin=R403-2
Added Pin To Net: NetName=NetR403_2 Pin=U32-35
Added Net: Name=NetR403_2
Added Pin To Net: NetName=NetR405_2 Pin=R405-2
Added Pin To Net: NetName=NetR405_2 Pin=U32-24
Added Net: Name=NetR405_2
Added Pin To Net: NetName=NetR406_2 Pin=R406-2
Added Pin To Net: NetName=NetR406_2 Pin=U32-22
Added Net: Name=NetR406_2
Added Pin To Net: NetName=NetR546_2 Pin=R546-2
Added Pin To Net: NetName=NetR546_2 Pin=U32-25
Added Net: Name=NetR546_2
Added Pin To Net: NetName=NetR564_1 Pin=R564-1
Added Pin To Net: NetName=NetR564_1 Pin=U33-28
Added Net: Name=NetR564_1
Added Pin To Net: NetName=NetR567_1 Pin=R567-1
Added Pin To Net: NetName=NetR567_1 Pin=U33-29
Added Net: Name=NetR567_1
Added Pin To Net: NetName=NetR577_1 Pin=R577-1
Added Pin To Net: NetName=NetR577_1 Pin=U33-61
Added Pin To Net: NetName=NetR577_1 Pin=U68-3
Added Net: Name=NetR577_1
Added Pin To Net: NetName=NetR577_2 Pin=R577-2
Added Pin To Net: NetName=NetR577_2 Pin=U68-4
Added Net: Name=NetR577_2
Added Pin To Net: NetName=NetR578_1 Pin=R578-1
Added Pin To Net: NetName=NetR578_1 Pin=U73-7
Added Net: Name=NetR578_1
Added Pin To Net: NetName=NetR579_1 Pin=R579-1
Added Pin To Net: NetName=NetR579_1 Pin=U73-3
Added Net: Name=NetR579_1
Added Pin To Net: NetName=NetR582_1 Pin=R582-1
Added Pin To Net: NetName=NetR582_1 Pin=U71-1
Added Net: Name=NetR582_1
Added Pin To Net: NetName=NetR584_1 Pin=R584-1
Added Pin To Net: NetName=NetR584_1 Pin=R588-1
Added Pin To Net: NetName=NetR584_1 Pin=U72-3
Added Net: Name=NetR584_1
Added Pin To Net: NetName=NetR586_1 Pin=R586-1
Added Pin To Net: NetName=NetR586_1 Pin=U72-1
Added Net: Name=NetR586_1
Added Pin To Net: NetName=NetR587_1 Pin=R587-1
Added Pin To Net: NetName=NetR587_1 Pin=U71-4
Added Pin To Net: NetName=NetR587_1 Pin=U72-2
Added Net: Name=NetR587_1
Added Pin To Net: NetName=NetR589_1 Pin=R589-1
Added Pin To Net: NetName=NetR589_1 Pin=U72-6
Added Net: Name=NetR589_1
Added Pin To Net: NetName=NetR590_1 Pin=R590-1
Added Pin To Net: NetName=NetR590_1 Pin=U72-10
Added Net: Name=NetR590_1
Added Pin To Net: NetName=NetR591_1 Pin=R591-1
Added Pin To Net: NetName=NetR591_1 Pin=U72-13
Added Net: Name=NetR591_1
Added Pin To Net: NetName=NetU33_62 Pin=U33-62
Added Pin To Net: NetName=NetU33_62 Pin=U68-2
Added Net: Name=NetU33_62
Added Pin To Net: NetName=NetU33_63 Pin=U33-63
Added Pin To Net: NetName=NetU33_63 Pin=U68-1
Added Net: Name=NetU33_63
Added Pin To Net: NetName=NetU71_7 Pin=U71-7
Added Pin To Net: NetName=NetU71_7 Pin=U72-5
Added Net: Name=NetU71_7
Added Pin To Net: NetName=NetU71_9 Pin=U71-9
Added Pin To Net: NetName=NetU71_9 Pin=U72-11
Added Net: Name=NetU71_9
Added Pin To Net: NetName=NetU71_12 Pin=U71-12
Added Pin To Net: NetName=NetU71_12 Pin=U72-14
Added Net: Name=NetU71_12
Added Pin To Net: NetName=USB_1_PWR_EN Pin=R123-1
Added Pin To Net: NetName=USB_1_PWR_EN Pin=U4-12
Added Pin To Net: NetName=USB_1_PWR_EN Pin=U5-1
Added Net: Name=USB_1_PWR_EN
Added Pin To Net: NetName=USB_1_PWR_nFAIL Pin=U4-13
Added Pin To Net: NetName=USB_1_PWR_nFAIL Pin=U5-2
Added Net: Name=USB_1_PWR_nFAIL
Added Pin To Net: NetName=USB_2_PWR_EN Pin=R122-1
Added Pin To Net: NetName=USB_2_PWR_EN Pin=U4-16
Added Pin To Net: NetName=USB_2_PWR_EN Pin=U5-4
Added Net: Name=USB_2_PWR_EN
Added Pin To Net: NetName=USB_2_PWR_nFAIL Pin=U4-17
Added Pin To Net: NetName=USB_2_PWR_nFAIL Pin=U5-3
Added Net: Name=USB_2_PWR_nFAIL
Added Pin To Net: NetName=USB_CONSOLE_N Pin=U32-1
Added Pin To Net: NetName=USB_CONSOLE_N Pin=U33-7
Added Net: Name=USB_CONSOLE_N
Added Pin To Net: NetName=USB_CONSOLE_P Pin=U32-2
Added Pin To Net: NetName=USB_CONSOLE_P Pin=U33-8
Added Net: Name=USB_CONSOLE_P
Added Pin To Net: NetName=USBA_N Pin=U29-B3
Added Pin To Net: NetName=USBA_N Pin=U32-3
Added Net: Name=USBA_N
Added Pin To Net: NetName=USBA_P Pin=U29-A3
Added Pin To Net: NetName=USBA_P Pin=U32-4
Added Net: Name=USBA_P
Added Pin To Net: NetName=USBCAM_HUB_nRESET Pin=C361-2
Added Pin To Net: NetName=USBCAM_HUB_nRESET Pin=JP2-1
Added Pin To Net: NetName=USBCAM_HUB_nRESET Pin=R96-2
Added Pin To Net: NetName=USBCAM_HUB_nRESET Pin=U4-26
Added Net: Name=USBCAM_HUB_nRESET
Added Pin To Net: NetName=USBCAM_HUB_XIN Pin=C362-1
Added Pin To Net: NetName=USBCAM_HUB_XIN Pin=R288-1
Added Pin To Net: NetName=USBCAM_HUB_XIN Pin=U4-33
Added Pin To Net: NetName=USBCAM_HUB_XIN Pin=Y6-3
Added Net: Name=USBCAM_HUB_XIN
Added Pin To Net: NetName=USBCAM_HUB_XOUT Pin=C363-1
Added Pin To Net: NetName=USBCAM_HUB_XOUT Pin=R288-2
Added Pin To Net: NetName=USBCAM_HUB_XOUT Pin=U4-32
Added Pin To Net: NetName=USBCAM_HUB_XOUT Pin=Y6-1
Added Net: Name=USBCAM_HUB_XOUT
Added Class: Name=13_PRAM
Added Differential Pair: Name=IF_USB
Added Differential Pair: Name=USBA
Added Member To Class: ClassName=10_USB Member=Component C157 0.1uF/10V
Added Member To Class: ClassName=10_USB Member=Component C357 0.1uF/10V
Added Member To Class: ClassName=10_USB Member=Component C358 0.1uF/10V
Added Member To Class: ClassName=10_USB Member=Component C359 0.1uF/10V
Added Member To Class: ClassName=10_USB Member=Component C360 0.1uF/10V
Added Member To Class: ClassName=10_USB Member=Component C361 0.1uF/10V
Added Member To Class: ClassName=10_USB Member=Component C362 18pF/10V
Added Member To Class: ClassName=10_USB Member=Component C363 18pF/10V
Added Member To Class: ClassName=12_CONSOLE Member=Component C364 22uF/10V
Added Member To Class: ClassName=12_CONSOLE Member=Component C365 0.1uF/10V
Added Member To Class: ClassName=12_CONSOLE Member=Component C366 0.1uF/10V
Added Member To Class: ClassName=12_CONSOLE Member=Component C371 0.1uF/10V
Added Member To Class: ClassName=12_CONSOLE Member=Component C372 0.1uF/10V
Added Member To Class: ClassName=12_CONSOLE Member=Component C373 0.1uF/10V
Added Member To Class: ClassName=12_CONSOLE Member=Component C374 0.1uF/10V
Added Member To Class: ClassName=12_CONSOLE Member=Component C375 0.1uF/10V
Added Member To Class: ClassName=12_CONSOLE Member=Component C376 18pF/10V
Added Member To Class: ClassName=12_CONSOLE Member=Component C377 18pF/10V
Added Member To Class: ClassName=12_CONSOLE Member=Component C378 0.1uF/10V
Added Member To Class: ClassName=12_CONSOLE Member=Component C379 4.7uF/10V
Added Member To Class: ClassName=12_CONSOLE Member=Component C380 4.7uF/10V
Added Member To Class: ClassName=12_CONSOLE Member=Component C381 4.7uF/10V
Added Member To Class: ClassName=12_CONSOLE Member=Component C382 0.1uF/10V
Added Member To Class: ClassName=12_CONSOLE Member=Component C383 0.1uF/10V
Added Member To Class: ClassName=12_CONSOLE Member=Component C384 0.1uF/10V
Added Member To Class: ClassName=12_CONSOLE Member=Component C385 18pF/10V
Added Member To Class: ClassName=12_CONSOLE Member=Component C386 18pF/10V
Added Member To Class: ClassName=12_CONSOLE Member=Component DS12 _LED_RED
Added Member To Class: ClassName=12_CONSOLE Member=Component DS13 _LED_RED
Added Member To Class: ClassName=10_USB Member=Component JP2
Added Member To Class: ClassName=12_CONSOLE Member=Component JP16
Added Member To Class: ClassName=10_USB Member=Component R62 12k
Added Member To Class: ClassName=10_USB Member=Component R96 36k
Added Member To Class: ClassName=10_USB Member=Component R287 36k
Added Member To Class: ClassName=10_USB Member=Component R288 1M
Added Member To Class: ClassName=12_CONSOLE Member=Component R403 12k
Added Member To Class: ClassName=12_CONSOLE Member=Component R404 36k
Added Member To Class: ClassName=12_CONSOLE Member=Component R405 36k
Added Member To Class: ClassName=12_CONSOLE Member=Component R406 36k
Added Member To Class: ClassName=12_CONSOLE Member=Component R545 36k
Added Member To Class: ClassName=12_CONSOLE Member=Component R546 36k
Added Member To Class: ClassName=12_CONSOLE Member=Component R547 1M
Added Member To Class: ClassName=12_CONSOLE Member=Component R548 10k
Added Member To Class: ClassName=12_CONSOLE Member=Component R549 12k
Added Member To Class: ClassName=12_CONSOLE Member=Component R564 1k
Added Member To Class: ClassName=12_CONSOLE Member=Component R567 1k
Added Member To Class: ClassName=12_CONSOLE Member=Component R577 2.2k
Added Member To Class: ClassName=12_CONSOLE Member=Component U32 USB2512BI-AEZG
Added Member To Class: ClassName=12_CONSOLE Member=Component U33 FT2232HQ-REEL
Added Member To Class: ClassName=12_CONSOLE Member=Component U68 M93C46-WDW6TP
Added Member To Class: ClassName=10_USB Member=Component Y6 Crystal 4 Pins
Added Member To Class: ClassName=12_CONSOLE Member=Component Y7 Crystal 4 Pins
Added Member To Class: ClassName=12_CONSOLE Member=Component Y8 Crystal 4 Pins
Added Member To Class: ClassName=DIFF90 Member=Wire USBA_N
Added Member To Class: ClassName=DIFF90 Member=Wire USBA_P
Added Rule: Name=Schematic Supply Nets_34
Remove Class Member: Failed to remove class member
Remove Class Member: Failed to remove class member
Added Member To Class: ClassName=DIFF90 Member=IF_USB
Added Member To Class: ClassName=DIFF90 Member=USBA
