Added Component: Designator=U2(TPS54531DDAR)
Add component: Footprint Not Found SOT95P280X145-6N
Add component: Footprint Not Found SOT95P280X145-6N
Added Component: Designator=U35(TPS54531DDAR)
Add component: Footprint Not Found VREG_LM1117MP-3.3/NOPB
Add component: Footprint Not Found VREG_LM1117MP-3.3/NOPB
Added Pin To Net: NetName=NetC7_2 Pin=U2-1
Added Pin To Net: NetName=NetR7_1 Pin=U2-4
Added Pin To Net: NetName=GND Pin=U2-6
Added Pin To Net: NetName=EXP_12V Pin=U2-7
Added Pin To Net: NetName=NetC7_1 Pin=U2-8
Added Pin To Net: NetName=GND Pin=U2-9
Add Pin To Net: Unknown Pin: Pin U21-2
Add Pin To Net: Unknown Pin: Pin U21-3
Add Pin To Net: Unknown Pin: Pin U21-4
Add Pin To Net: Unknown Pin: Pin U21-5
Add Pin To Net: Unknown Pin: Pin U21-6
Add Pin To Net: Unknown Pin: Pin U22-1
Add Pin To Net: Unknown Pin: Pin U22-2
Add Pin To Net: Unknown Pin: Pin U22-4
Add Pin To Net: Unknown Pin: Pin U22-5
Add Pin To Net: Unknown Pin: Pin U22-6
Added Pin To Net: NetName=NetC158_2 Pin=U35-1
Added Pin To Net: NetName=NetR412_1 Pin=U35-4
Added Pin To Net: NetName=POW_ONOFF_BUCK_PERI Pin=U35-5
Added Pin To Net: NetName=GND Pin=U35-6
Added Pin To Net: NetName=EXP_12V Pin=U35-7
Added Pin To Net: NetName=NetC158_1 Pin=U35-8
Added Pin To Net: NetName=GND Pin=U35-9
Add Pin To Net: Unknown Pin: Pin VR1-1
Add Pin To Net: Unknown Pin: Pin VR1-2
Add Pin To Net: Unknown Pin: Pin VR1-3
Add Pin To Net: Unknown Pin: Pin VR1-4
Add Pin To Net: Unknown Pin: Pin VR2-1
Add Pin To Net: Unknown Pin: Pin VR2-2
Add Pin To Net: Unknown Pin: Pin VR2-3
Add Pin To Net: Unknown Pin: Pin VR2-4
Added Member To Class: ClassName=06_POWER_1 Member=Component U2 TPS5430DDAR
Add Class Member: Failed to add class member : Component U21 IP4220CZ6
Add Class Member: Failed to add class member : Component U22 IP4220CZ6
Added Member To Class: ClassName=06_POWER_3 Member=Component U35 TPS5430DDAR
Add Class Member: Failed to add class member : Component VR1 LM1117MP-3.3/NOPB
Add Class Member: Failed to add class member : Component VR2 LM1117MP-3.3/NOPB
