Removed Pin From Net: NetName=OBC_RS422_YZ_P Pin=R261-1
Removed Pin From Net: NetName=OBC_RS422_YZ_N Pin=R262-1
Removed Pin From Net: NetName=LSM6DSOX_INT Pin=R296-2
Removed Pin From Net: NetName=LSM6DSOX_INT Pin=U49-4
Change Component Comment : Designator=R324 Old Comment=1M 1% New Comment=1M
Change Component Comment : Designator=R327 Old Comment=1M 1% New Comment=1M
Change Component Comment : Designator=R8 Old Comment=3.24k New Comment=1k
Change Component Comment : Designator=R38 Old Comment=4.7k New Comment=DNP/4.7k
Change Component Comment : Designator=R60 Old Comment=4.7k New Comment=DNP/4.7k
Change Component Comment : Designator=R109 Old Comment=10M New Comment=1M
Added Component: Designator=R657(RES_C_1005X40)
Added Component: Designator=R658(RES_C_1005X40)
Added Pin To Net: NetName=OBC_RS422_YZ_N Pin=R261-1
Added Pin To Net: NetName=OBC_RS422_YZ_P Pin=R262-1
Added Pin To Net: NetName=3.3V_MCU Pin=R657-1
Added Pin To Net: NetName=3.3V_MCU Pin=R658-1
Added Pin To Net: NetName=LSM6DSOX_INT Pin=R658-2
Added Pin To Net: NetName=LSM6DSOX_INT Pin=U49-9
Change Net Name : Old Net Name=RS422_YZ_N New Net Name=RS422_YZ_P
Change Net Name : Old Net Name=RS422_YZ_P New Net Name=RS422_YZ_N
Added Pin To Net: NetName=NetR296_2 Pin=R296-2
Added Pin To Net: NetName=NetR296_2 Pin=U49-2
Added Net: Name=NetR296_2
Added Pin To Net: NetName=NetR657_2 Pin=R657-2
Added Pin To Net: NetName=NetR657_2 Pin=U49-3
Added Net: Name=NetR657_2
Added Member To Class: ClassName=17_I2C_Sensor_OnBoard Member=Component R657 4.7k
Added Member To Class: ClassName=17_I2C_Sensor_OnBoard Member=Component R658 4.7k
