Removed Pin From Net: NetName=NetR318_2 Pin=U26-1
Removed Pin From Net: NetName=NetR476_2 Pin=U26-2
Removed Pin From Net: NetName=NetR369_2 Pin=U26-3
Removed Pin From Net: NetName=GND Pin=U26-4
Removed Pin From Net: NetName=NetR374_2 Pin=U26-5
Removed Pin From Net: NetName=NetR393_2 Pin=U26-6
Removed Pin From Net: NetName=NetR345_2 Pin=U26-7
Removed Pin From Net: NetName=3V/5V_Solenoid Pin=U26-9
Removed Pin From Net: NetName=SOLE3_OUT1 Pin=U26-10
Removed Pin From Net: NetName=SOLE3_OUT2 Pin=U26-11
Removed Pin From Net: NetName=3V/5V_Solenoid Pin=U26-12
Removed Pin From Net: NetName=3V/5V_Solenoid Pin=U26-13
Removed Pin From Net: NetName=SOLE4_OUT2 Pin=U26-14
Removed Pin From Net: NetName=SOLE4_OUT1 Pin=U26-15
Removed Pin From Net: NetName=3V/5V_Solenoid Pin=U26-16
Removed Pin From Net: NetName=NetR478_2 Pin=U26-18
Removed Pin From Net: NetName=GND Pin=U26-19
Removed Pin From Net: NetName=NetC347_2 Pin=U26-20
Removed Pin From Net: NetName=NetR474_2 Pin=U26-21
Removed Pin From Net: NetName=NetC271_1 Pin=U26-22
Removed Pin From Net: NetName=NetC271_2 Pin=U26-23
Removed Pin From Net: NetName=NetC230_1 Pin=U26-24
Removed Pin From Net: NetName=3V/5V_Solenoid Pin=U26-25
Removed Pin From Net: NetName=SOLE2_OUT2 Pin=U26-26
Removed Pin From Net: NetName=SOLE2_OUT1 Pin=U26-27
Removed Pin From Net: NetName=3V/5V_Solenoid Pin=U26-28
Removed Pin From Net: NetName=3V/5V_Solenoid Pin=U26-29
Removed Pin From Net: NetName=SOLE1_OUT2 Pin=U26-30
Removed Pin From Net: NetName=SOLE1_OUT1 Pin=U26-31
Removed Pin From Net: NetName=3V/5V_Solenoid Pin=U26-32
Removed Pin From Net: NetName=GND Pin=U26-33
Removed Pin From Net: NetName=NetR320_2 Pin=U27-1
Removed Pin From Net: NetName=NetR477_2 Pin=U27-2
Removed Pin From Net: NetName=NetR372_2 Pin=U27-3
Removed Pin From Net: NetName=GND Pin=U27-4
Removed Pin From Net: NetName=NetR376_2 Pin=U27-5
Removed Pin From Net: NetName=NetR394_2 Pin=U27-6
Removed Pin From Net: NetName=NetR366_2 Pin=U27-7
Removed Pin From Net: NetName=3V/5V_Solenoid Pin=U27-9
Removed Pin From Net: NetName=SOLE15_OUT1 Pin=U27-10
Removed Pin From Net: NetName=SOLE15_OUT2 Pin=U27-11
Removed Pin From Net: NetName=3V/5V_Solenoid Pin=U27-12
Removed Pin From Net: NetName=3V/5V_Solenoid Pin=U27-13
Removed Pin From Net: NetName=SOLE16_OUT2 Pin=U27-14
Removed Pin From Net: NetName=SOLE16_OUT1 Pin=U27-15
Removed Pin From Net: NetName=3V/5V_Solenoid Pin=U27-16
Removed Pin From Net: NetName=NetR479_2 Pin=U27-18
Removed Pin From Net: NetName=GND Pin=U27-19
Removed Pin From Net: NetName=NetC348_2 Pin=U27-20
Removed Pin From Net: NetName=NetR475_2 Pin=U27-21
Removed Pin From Net: NetName=NetC346_1 Pin=U27-22
Removed Pin From Net: NetName=NetC346_2 Pin=U27-23
Removed Pin From Net: NetName=NetC231_1 Pin=U27-24
Removed Pin From Net: NetName=3V/5V_Solenoid Pin=U27-25
Removed Pin From Net: NetName=SOLE14_OUT2 Pin=U27-26
Removed Pin From Net: NetName=SOLE14_OUT1 Pin=U27-27
Removed Pin From Net: NetName=3V/5V_Solenoid Pin=U27-28
Removed Pin From Net: NetName=3V/5V_Solenoid Pin=U27-29
Removed Pin From Net: NetName=SOLE13_OUT2 Pin=U27-30
Removed Pin From Net: NetName=SOLE13_OUT1 Pin=U27-31
Removed Pin From Net: NetName=3V/5V_Solenoid Pin=U27-32
Removed Pin From Net: NetName=GND Pin=U27-33
Removed Pin From Net: NetName=NetR480_2 Pin=U28-1
Removed Pin From Net: NetName=NetR498_2 Pin=U28-2
Removed Pin From Net: NetName=NetR488_2 Pin=U28-3
Removed Pin From Net: NetName=GND Pin=U28-4
Removed Pin From Net: NetName=NetR492_2 Pin=U28-5
Removed Pin From Net: NetName=NetR494_2 Pin=U28-6
Removed Pin From Net: NetName=NetR484_2 Pin=U28-7
Removed Pin From Net: NetName=3V/5V_Solenoid Pin=U28-9
Removed Pin From Net: NetName=SOLE7_OUT1 Pin=U28-10
Removed Pin From Net: NetName=SOLE7_OUT2 Pin=U28-11
Removed Pin From Net: NetName=3V/5V_Solenoid Pin=U28-12
Removed Pin From Net: NetName=3V/5V_Solenoid Pin=U28-13
Removed Pin From Net: NetName=SOLE8_OUT2 Pin=U28-14
Removed Pin From Net: NetName=SOLE8_OUT1 Pin=U28-15
Removed Pin From Net: NetName=3V/5V_Solenoid Pin=U28-16
Removed Pin From Net: NetName=NetR544_2 Pin=U28-18
Removed Pin From Net: NetName=GND Pin=U28-19
Removed Pin From Net: NetName=NetC379_2 Pin=U28-20
Removed Pin From Net: NetName=NetR497_2 Pin=U28-21
Removed Pin From Net: NetName=NetC370_1 Pin=U28-22
Removed Pin From Net: NetName=NetC370_2 Pin=U28-23
Removed Pin From Net: NetName=NetC368_1 Pin=U28-24
Removed Pin From Net: NetName=3V/5V_Solenoid Pin=U28-25
Removed Pin From Net: NetName=SOLE6_OUT2 Pin=U28-26
Removed Pin From Net: NetName=SOLE6_OUT1 Pin=U28-27
Removed Pin From Net: NetName=3V/5V_Solenoid Pin=U28-28
Removed Pin From Net: NetName=3V/5V_Solenoid Pin=U28-29
Removed Pin From Net: NetName=SOLE5_OUT2 Pin=U28-30
Removed Pin From Net: NetName=SOLE5_OUT1 Pin=U28-31
Removed Pin From Net: NetName=3V/5V_Solenoid Pin=U28-32
Removed Pin From Net: NetName=GND Pin=U28-33
Removed Pin From Net: NetName=NetR482_2 Pin=U33-1
Removed Pin From Net: NetName=NetR500_2 Pin=U33-2
Removed Pin From Net: NetName=NetR493_2 Pin=U33-3
Removed Pin From Net: NetName=GND Pin=U33-4
Removed Pin From Net: NetName=NetR495_2 Pin=U33-5
Removed Pin From Net: NetName=NetR496_2 Pin=U33-6
Removed Pin From Net: NetName=NetR491_2 Pin=U33-7
Removed Pin From Net: NetName=3V/5V_Solenoid Pin=U33-9
Removed Pin From Net: NetName=SOLE19_OUT1 Pin=U33-10
Removed Pin From Net: NetName=SOLE19_OUT2 Pin=U33-11
Removed Pin From Net: NetName=3V/5V_Solenoid Pin=U33-12
Removed Pin From Net: NetName=3V/5V_Solenoid Pin=U33-13
Removed Pin From Net: NetName=SOLE20_OUT2 Pin=U33-14
Removed Pin From Net: NetName=SOLE20_OUT1 Pin=U33-15
Removed Pin From Net: NetName=3V/5V_Solenoid Pin=U33-16
Removed Pin From Net: NetName=NetR548_2 Pin=U33-18
Removed Pin From Net: NetName=GND Pin=U33-19
Removed Pin From Net: NetName=NetC380_2 Pin=U33-20
Removed Pin From Net: NetName=NetR499_2 Pin=U33-21
Removed Pin From Net: NetName=NetC378_1 Pin=U33-22
Removed Pin From Net: NetName=NetC378_2 Pin=U33-23
Removed Pin From Net: NetName=NetC369_1 Pin=U33-24
Removed Pin From Net: NetName=3V/5V_Solenoid Pin=U33-25
Removed Pin From Net: NetName=SOLE18_OUT2 Pin=U33-26
Removed Pin From Net: NetName=SOLE18_OUT1 Pin=U33-27
Removed Pin From Net: NetName=3V/5V_Solenoid Pin=U33-28
Removed Pin From Net: NetName=3V/5V_Solenoid Pin=U33-29
Removed Pin From Net: NetName=SOLE17_OUT2 Pin=U33-30
Removed Pin From Net: NetName=SOLE17_OUT1 Pin=U33-31
Removed Pin From Net: NetName=3V/5V_Solenoid Pin=U33-32
Removed Pin From Net: NetName=GND Pin=U33-33
Removed Pin From Net: NetName=NetR549_2 Pin=U47-1
Removed Pin From Net: NetName=NetR572_2 Pin=U47-2
Removed Pin From Net: NetName=NetR568_2 Pin=U47-3
Removed Pin From Net: NetName=GND Pin=U47-4
Removed Pin From Net: NetName=NetR569_2 Pin=U47-5
Removed Pin From Net: NetName=NetR570_2 Pin=U47-6
Removed Pin From Net: NetName=NetR567_2 Pin=U47-7
Removed Pin From Net: NetName=3V/5V_Solenoid Pin=U47-9
Removed Pin From Net: NetName=SOLE11_OUT1 Pin=U47-10
Removed Pin From Net: NetName=SOLE11_OUT2 Pin=U47-11
Removed Pin From Net: NetName=3V/5V_Solenoid Pin=U47-12
Removed Pin From Net: NetName=3V/5V_Solenoid Pin=U47-13
Removed Pin From Net: NetName=SOLE12_OUT2 Pin=U47-14
Removed Pin From Net: NetName=SOLE12_OUT1 Pin=U47-15
Removed Pin From Net: NetName=3V/5V_Solenoid Pin=U47-16
Removed Pin From Net: NetName=NetR573_2 Pin=U47-18
Removed Pin From Net: NetName=GND Pin=U47-19
Removed Pin From Net: NetName=NetC385_2 Pin=U47-20
Removed Pin From Net: NetName=NetR571_2 Pin=U47-21
Removed Pin From Net: NetName=NetC384_1 Pin=U47-22
Removed Pin From Net: NetName=NetC384_2 Pin=U47-23
Removed Pin From Net: NetName=NetC383_1 Pin=U47-24
Removed Pin From Net: NetName=3V/5V_Solenoid Pin=U47-25
Removed Pin From Net: NetName=SOLE10_OUT2 Pin=U47-26
Removed Pin From Net: NetName=SOLE10_OUT1 Pin=U47-27
Removed Pin From Net: NetName=3V/5V_Solenoid Pin=U47-28
Removed Pin From Net: NetName=3V/5V_Solenoid Pin=U47-29
Removed Pin From Net: NetName=SOLE9_OUT2 Pin=U47-30
Removed Pin From Net: NetName=SOLE9_OUT1 Pin=U47-31
Removed Pin From Net: NetName=3V/5V_Solenoid Pin=U47-32
Removed Pin From Net: NetName=GND Pin=U47-33
Removed Member From Class: ClassName=19_SOLENOID_HB_1 Member=U26
Removed Member From Class: ClassName=19_SOLENOID_HB_1 Member=U27
Removed Member From Class: ClassName=19_SOLENOID_HB_1 Member=U28
Removed Member From Class: ClassName=19_SOLENOID_HB_1 Member=U33
Removed Member From Class: ClassName=19_SOLENOID_HB_1 Member=U47
Added Component: Designator=U50(21-0140AK_T3255_8C_MXM)
Add component (AddParameter): Name = "Copyright"; Value = "Copyright (C) 2026 Ultra Librarian. All rights reserved."; VariantName = "[No Variations]"
Add component (AddParameter): Name = "Manufacturer_Name"; Value = "Analog Devices Inc"; VariantName = "[No Variations]"
Add component (AddParameter): Name = "Manufacturer_Part_Number"; Value = "MAX22200ETJ+T"; VariantName = "[No Variations]"
Add component (AddParameter): Name = "RefDes"; Value = "RefDes"; VariantName = "[No Variations]"
Add component (AddParameter): Name = "Type"; Value = "Type"; VariantName = "[No Variations]"
Added Component: Designator=U58(21-0140AK_T3255_8C_MXM)
Add component (AddParameter): Name = "Copyright"; Value = "Copyright (C) 2026 Ultra Librarian. All rights reserved."; VariantName = "[No Variations]"
Add component (AddParameter): Name = "Manufacturer_Name"; Value = "Analog Devices Inc"; VariantName = "[No Variations]"
Add component (AddParameter): Name = "Manufacturer_Part_Number"; Value = "MAX22200ETJ+T"; VariantName = "[No Variations]"
Add component (AddParameter): Name = "RefDes"; Value = "RefDes"; VariantName = "[No Variations]"
Add component (AddParameter): Name = "Type"; Value = "Type"; VariantName = "[No Variations]"
Added Component: Designator=U59(21-0140AK_T3255_8C_MXM)
Add component (AddParameter): Name = "Copyright"; Value = "Copyright (C) 2026 Ultra Librarian. All rights reserved."; VariantName = "[No Variations]"
Add component (AddParameter): Name = "Manufacturer_Name"; Value = "Analog Devices Inc"; VariantName = "[No Variations]"
Add component (AddParameter): Name = "Manufacturer_Part_Number"; Value = "MAX22200ETJ+T"; VariantName = "[No Variations]"
Add component (AddParameter): Name = "RefDes"; Value = "RefDes"; VariantName = "[No Variations]"
Add component (AddParameter): Name = "Type"; Value = "Type"; VariantName = "[No Variations]"
Added Component: Designator=U60(21-0140AK_T3255_8C_MXM)
Add component (AddParameter): Name = "Copyright"; Value = "Copyright (C) 2026 Ultra Librarian. All rights reserved."; VariantName = "[No Variations]"
Add component (AddParameter): Name = "Manufacturer_Name"; Value = "Analog Devices Inc"; VariantName = "[No Variations]"
Add component (AddParameter): Name = "Manufacturer_Part_Number"; Value = "MAX22200ETJ+T"; VariantName = "[No Variations]"
Add component (AddParameter): Name = "RefDes"; Value = "RefDes"; VariantName = "[No Variations]"
Add component (AddParameter): Name = "Type"; Value = "Type"; VariantName = "[No Variations]"
Added Component: Designator=U61(21-0140AK_T3255_8C_MXM)
Add component (AddParameter): Name = "Copyright"; Value = "Copyright (C) 2026 Ultra Librarian. All rights reserved."; VariantName = "[No Variations]"
Add component (AddParameter): Name = "Manufacturer_Name"; Value = "Analog Devices Inc"; VariantName = "[No Variations]"
Add component (AddParameter): Name = "Manufacturer_Part_Number"; Value = "MAX22200ETJ+T"; VariantName = "[No Variations]"
Add component (AddParameter): Name = "RefDes"; Value = "RefDes"; VariantName = "[No Variations]"
Add component (AddParameter): Name = "Type"; Value = "Type"; VariantName = "[No Variations]"
Added Pin To Net: NetName=NetR318_2 Pin=U50-1
Added Pin To Net: NetName=NetR476_2 Pin=U50-2
Added Pin To Net: NetName=NetR369_2 Pin=U50-3
Added Pin To Net: NetName=GND Pin=U50-4
Added Pin To Net: NetName=NetR374_2 Pin=U50-5
Added Pin To Net: NetName=NetR393_2 Pin=U50-6
Added Pin To Net: NetName=NetR345_2 Pin=U50-7
Added Pin To Net: NetName=3V/5V_Solenoid Pin=U50-9
Added Pin To Net: NetName=SOLE3_OUT1 Pin=U50-10
Added Pin To Net: NetName=SOLE3_OUT2 Pin=U50-11
Added Pin To Net: NetName=3V/5V_Solenoid Pin=U50-12
Added Pin To Net: NetName=3V/5V_Solenoid Pin=U50-13
Added Pin To Net: NetName=SOLE4_OUT2 Pin=U50-14
Added Pin To Net: NetName=SOLE4_OUT1 Pin=U50-15
Added Pin To Net: NetName=3V/5V_Solenoid Pin=U50-16
Added Pin To Net: NetName=NetR478_2 Pin=U50-18
Added Pin To Net: NetName=GND Pin=U50-19
Added Pin To Net: NetName=NetC347_2 Pin=U50-20
Added Pin To Net: NetName=NetR474_2 Pin=U50-21
Added Pin To Net: NetName=NetC271_1 Pin=U50-22
Added Pin To Net: NetName=NetC271_2 Pin=U50-23
Added Pin To Net: NetName=NetC230_1 Pin=U50-24
Added Pin To Net: NetName=3V/5V_Solenoid Pin=U50-25
Added Pin To Net: NetName=SOLE2_OUT2 Pin=U50-26
Added Pin To Net: NetName=SOLE2_OUT1 Pin=U50-27
Added Pin To Net: NetName=3V/5V_Solenoid Pin=U50-28
Added Pin To Net: NetName=3V/5V_Solenoid Pin=U50-29
Added Pin To Net: NetName=SOLE1_OUT2 Pin=U50-30
Added Pin To Net: NetName=SOLE1_OUT1 Pin=U50-31
Added Pin To Net: NetName=3V/5V_Solenoid Pin=U50-32
Added Pin To Net: NetName=GND Pin=U50-33
Added Pin To Net: NetName=NetR320_2 Pin=U58-1
Added Pin To Net: NetName=NetR477_2 Pin=U58-2
Added Pin To Net: NetName=NetR372_2 Pin=U58-3
Added Pin To Net: NetName=GND Pin=U58-4
Added Pin To Net: NetName=NetR376_2 Pin=U58-5
Added Pin To Net: NetName=NetR394_2 Pin=U58-6
Added Pin To Net: NetName=NetR366_2 Pin=U58-7
Added Pin To Net: NetName=3V/5V_Solenoid Pin=U58-9
Added Pin To Net: NetName=SOLE15_OUT1 Pin=U58-10
Added Pin To Net: NetName=SOLE15_OUT2 Pin=U58-11
Added Pin To Net: NetName=3V/5V_Solenoid Pin=U58-12
Added Pin To Net: NetName=3V/5V_Solenoid Pin=U58-13
Added Pin To Net: NetName=SOLE16_OUT2 Pin=U58-14
Added Pin To Net: NetName=SOLE16_OUT1 Pin=U58-15
Added Pin To Net: NetName=3V/5V_Solenoid Pin=U58-16
Added Pin To Net: NetName=NetR479_2 Pin=U58-18
Added Pin To Net: NetName=GND Pin=U58-19
Added Pin To Net: NetName=NetC348_2 Pin=U58-20
Added Pin To Net: NetName=NetR475_2 Pin=U58-21
Added Pin To Net: NetName=NetC346_1 Pin=U58-22
Added Pin To Net: NetName=NetC346_2 Pin=U58-23
Added Pin To Net: NetName=NetC231_1 Pin=U58-24
Added Pin To Net: NetName=3V/5V_Solenoid Pin=U58-25
Added Pin To Net: NetName=SOLE14_OUT2 Pin=U58-26
Added Pin To Net: NetName=SOLE14_OUT1 Pin=U58-27
Added Pin To Net: NetName=3V/5V_Solenoid Pin=U58-28
Added Pin To Net: NetName=3V/5V_Solenoid Pin=U58-29
Added Pin To Net: NetName=SOLE13_OUT2 Pin=U58-30
Added Pin To Net: NetName=SOLE13_OUT1 Pin=U58-31
Added Pin To Net: NetName=3V/5V_Solenoid Pin=U58-32
Added Pin To Net: NetName=GND Pin=U58-33
Added Pin To Net: NetName=NetR480_2 Pin=U59-1
Added Pin To Net: NetName=NetR498_2 Pin=U59-2
Added Pin To Net: NetName=NetR488_2 Pin=U59-3
Added Pin To Net: NetName=GND Pin=U59-4
Added Pin To Net: NetName=NetR492_2 Pin=U59-5
Added Pin To Net: NetName=NetR494_2 Pin=U59-6
Added Pin To Net: NetName=NetR484_2 Pin=U59-7
Added Pin To Net: NetName=3V/5V_Solenoid Pin=U59-9
Added Pin To Net: NetName=SOLE7_OUT1 Pin=U59-10
Added Pin To Net: NetName=SOLE7_OUT2 Pin=U59-11
Added Pin To Net: NetName=3V/5V_Solenoid Pin=U59-12
Added Pin To Net: NetName=3V/5V_Solenoid Pin=U59-13
Added Pin To Net: NetName=SOLE8_OUT2 Pin=U59-14
Added Pin To Net: NetName=SOLE8_OUT1 Pin=U59-15
Added Pin To Net: NetName=3V/5V_Solenoid Pin=U59-16
Added Pin To Net: NetName=NetR544_2 Pin=U59-18
Added Pin To Net: NetName=GND Pin=U59-19
Added Pin To Net: NetName=NetC379_2 Pin=U59-20
Added Pin To Net: NetName=NetR497_2 Pin=U59-21
Added Pin To Net: NetName=NetC370_1 Pin=U59-22
Added Pin To Net: NetName=NetC370_2 Pin=U59-23
Added Pin To Net: NetName=NetC368_1 Pin=U59-24
Added Pin To Net: NetName=3V/5V_Solenoid Pin=U59-25
Added Pin To Net: NetName=SOLE6_OUT2 Pin=U59-26
Added Pin To Net: NetName=SOLE6_OUT1 Pin=U59-27
Added Pin To Net: NetName=3V/5V_Solenoid Pin=U59-28
Added Pin To Net: NetName=3V/5V_Solenoid Pin=U59-29
Added Pin To Net: NetName=SOLE5_OUT2 Pin=U59-30
Added Pin To Net: NetName=SOLE5_OUT1 Pin=U59-31
Added Pin To Net: NetName=3V/5V_Solenoid Pin=U59-32
Added Pin To Net: NetName=GND Pin=U59-33
Added Pin To Net: NetName=NetR482_2 Pin=U60-1
Added Pin To Net: NetName=NetR500_2 Pin=U60-2
Added Pin To Net: NetName=NetR493_2 Pin=U60-3
Added Pin To Net: NetName=GND Pin=U60-4
Added Pin To Net: NetName=NetR495_2 Pin=U60-5
Added Pin To Net: NetName=NetR496_2 Pin=U60-6
Added Pin To Net: NetName=NetR491_2 Pin=U60-7
Added Pin To Net: NetName=3V/5V_Solenoid Pin=U60-9
Added Pin To Net: NetName=SOLE19_OUT1 Pin=U60-10
Added Pin To Net: NetName=SOLE19_OUT2 Pin=U60-11
Added Pin To Net: NetName=3V/5V_Solenoid Pin=U60-12
Added Pin To Net: NetName=3V/5V_Solenoid Pin=U60-13
Added Pin To Net: NetName=SOLE20_OUT2 Pin=U60-14
Added Pin To Net: NetName=SOLE20_OUT1 Pin=U60-15
Added Pin To Net: NetName=3V/5V_Solenoid Pin=U60-16
Added Pin To Net: NetName=NetR548_2 Pin=U60-18
Added Pin To Net: NetName=GND Pin=U60-19
Added Pin To Net: NetName=NetC380_2 Pin=U60-20
Added Pin To Net: NetName=NetR499_2 Pin=U60-21
Added Pin To Net: NetName=NetC378_1 Pin=U60-22
Added Pin To Net: NetName=NetC378_2 Pin=U60-23
Added Pin To Net: NetName=NetC369_1 Pin=U60-24
Added Pin To Net: NetName=3V/5V_Solenoid Pin=U60-25
Added Pin To Net: NetName=SOLE18_OUT2 Pin=U60-26
Added Pin To Net: NetName=SOLE18_OUT1 Pin=U60-27
Added Pin To Net: NetName=3V/5V_Solenoid Pin=U60-28
Added Pin To Net: NetName=3V/5V_Solenoid Pin=U60-29
Added Pin To Net: NetName=SOLE17_OUT2 Pin=U60-30
Added Pin To Net: NetName=SOLE17_OUT1 Pin=U60-31
Added Pin To Net: NetName=3V/5V_Solenoid Pin=U60-32
Added Pin To Net: NetName=GND Pin=U60-33
Added Pin To Net: NetName=NetR549_2 Pin=U61-1
Added Pin To Net: NetName=NetR572_2 Pin=U61-2
Added Pin To Net: NetName=NetR568_2 Pin=U61-3
Added Pin To Net: NetName=GND Pin=U61-4
Added Pin To Net: NetName=NetR569_2 Pin=U61-5
Added Pin To Net: NetName=NetR570_2 Pin=U61-6
Added Pin To Net: NetName=NetR567_2 Pin=U61-7
Added Pin To Net: NetName=3V/5V_Solenoid Pin=U61-9
Added Pin To Net: NetName=SOLE11_OUT1 Pin=U61-10
Added Pin To Net: NetName=SOLE11_OUT2 Pin=U61-11
Added Pin To Net: NetName=3V/5V_Solenoid Pin=U61-12
Added Pin To Net: NetName=3V/5V_Solenoid Pin=U61-13
Added Pin To Net: NetName=SOLE12_OUT2 Pin=U61-14
Added Pin To Net: NetName=SOLE12_OUT1 Pin=U61-15
Added Pin To Net: NetName=3V/5V_Solenoid Pin=U61-16
Added Pin To Net: NetName=NetR573_2 Pin=U61-18
Added Pin To Net: NetName=GND Pin=U61-19
Added Pin To Net: NetName=NetC385_2 Pin=U61-20
Added Pin To Net: NetName=NetR571_2 Pin=U61-21
Added Pin To Net: NetName=NetC384_1 Pin=U61-22
Added Pin To Net: NetName=NetC384_2 Pin=U61-23
Added Pin To Net: NetName=NetC383_1 Pin=U61-24
Added Pin To Net: NetName=3V/5V_Solenoid Pin=U61-25
Added Pin To Net: NetName=SOLE10_OUT2 Pin=U61-26
Added Pin To Net: NetName=SOLE10_OUT1 Pin=U61-27
Added Pin To Net: NetName=3V/5V_Solenoid Pin=U61-28
Added Pin To Net: NetName=3V/5V_Solenoid Pin=U61-29
Added Pin To Net: NetName=SOLE9_OUT2 Pin=U61-30
Added Pin To Net: NetName=SOLE9_OUT1 Pin=U61-31
Added Pin To Net: NetName=3V/5V_Solenoid Pin=U61-32
Added Pin To Net: NetName=GND Pin=U61-33
Added Member To Class: ClassName=19_SOLENOID_HB_1 Member=Component U50 MAX22200ETJ+T
Added Member To Class: ClassName=19_SOLENOID_HB_1 Member=Component U58 MAX22200ETJ+T
Added Member To Class: ClassName=19_SOLENOID_HB_1 Member=Component U59 MAX22200ETJ+T
Added Member To Class: ClassName=19_SOLENOID_HB_1 Member=Component U60 MAX22200ETJ+T
Added Member To Class: ClassName=19_SOLENOID_HB_1 Member=Component U61 MAX22200ETJ+T
