Removed Pin From Net: NetName=MIPI_D0_N Pin=J24-1
Removed Pin From Net: NetName=MIPI_D0_P Pin=J24-2
Removed Pin From Net: NetName=MIPI_D1_N Pin=J24-3
Removed Pin From Net: NetName=MIPI_D1_P Pin=J24-4
Removed Pin From Net: NetName=MIPI_CK_N Pin=J24-5
Removed Pin From Net: NetName=MIPI_CK_P Pin=J24-6
Removed Pin From Net: NetName=SOM_CAM_I2C_SCL Pin=J24-8
Removed Pin From Net: NetName=SOM_CAM_I2C_SDA Pin=J24-9
Added Component: Designator=R391(RES_C_1005X40)
Added Component: Designator=R486(RES_C_1005X40)
Added Component: Designator=R516(RES_C_1005X40)
Added Component: Designator=R574(RES_C_1005X40)
Added Component: Designator=R575(RES_C_1005X40)
Added Component: Designator=R576(RES_C_1005X40)
Added Component: Designator=R577(RES_C_1005X40)
Added Component: Designator=R627(RES_C_1005X40)
Added Pin To Net: NetName=MIPI_D0_N Pin=R391-1
Added Pin To Net: NetName=MIPI_D0_P Pin=R486-1
Added Pin To Net: NetName=MIPI_D1_N Pin=R516-1
Added Pin To Net: NetName=MIPI_D1_P Pin=R574-1
Added Pin To Net: NetName=MIPI_CK_N Pin=R575-1
Added Pin To Net: NetName=MIPI_CK_P Pin=R576-1
Added Pin To Net: NetName=SOM_CAM_I2C_SCL Pin=R577-1
Added Pin To Net: NetName=SOM_CAM_I2C_SDA Pin=R627-1
Added Pin To Net: NetName=CAM_CK_N Pin=J24-5
Added Pin To Net: NetName=CAM_CK_N Pin=R575-2
Added Net: Name=CAM_CK_N
Added Pin To Net: NetName=CAM_CK_P Pin=J24-6
Added Pin To Net: NetName=CAM_CK_P Pin=R576-2
Added Net: Name=CAM_CK_P
Added Pin To Net: NetName=CAM_D0_N Pin=J24-1
Added Pin To Net: NetName=CAM_D0_N Pin=R391-2
Added Net: Name=CAM_D0_N
Added Pin To Net: NetName=CAM_D0_P Pin=J24-2
Added Pin To Net: NetName=CAM_D0_P Pin=R486-2
Added Net: Name=CAM_D0_P
Added Pin To Net: NetName=CAM_D1_N Pin=J24-3
Added Pin To Net: NetName=CAM_D1_N Pin=R516-2
Added Net: Name=CAM_D1_N
Added Pin To Net: NetName=CAM_D1_P Pin=J24-4
Added Pin To Net: NetName=CAM_D1_P Pin=R574-2
Added Net: Name=CAM_D1_P
Added Pin To Net: NetName=NetJ24_8 Pin=J24-8
Added Pin To Net: NetName=NetJ24_8 Pin=R577-2
Added Net: Name=NetJ24_8
Added Pin To Net: NetName=NetJ24_9 Pin=J24-9
Added Pin To Net: NetName=NetJ24_9 Pin=R627-2
Added Net: Name=NetJ24_9
Added Differential Pair: Name=CAM_CK
Added Differential Pair: Name=CAM_D0
Added Differential Pair: Name=CAM_D1
Added Member To Class: ClassName=05_CONNECTOR_OUT Member=Component R391 22R
Added Member To Class: ClassName=05_CONNECTOR_OUT Member=Component R486 22R
Added Member To Class: ClassName=05_CONNECTOR_OUT Member=Component R516 22R
Added Member To Class: ClassName=05_CONNECTOR_OUT Member=Component R574 22R
Added Member To Class: ClassName=05_CONNECTOR_OUT Member=Component R575 22R
Added Member To Class: ClassName=05_CONNECTOR_OUT Member=Component R576 22R
Added Member To Class: ClassName=05_CONNECTOR_OUT Member=Component R577 22R
Added Member To Class: ClassName=05_CONNECTOR_OUT Member=Component R627 22R
Added Member To Class: ClassName=DIFF100 Member=CAM_CK
Added Member To Class: ClassName=DIFF100 Member=CAM_D0
Added Member To Class: ClassName=DIFF100 Member=CAM_D1
