Change Component Designator: OldDesignator=C? NewDesignator=C89
Add component: Footprint Not Found 47346-0001_MOL
Added Component: Designator=JP19(RES_C_1608X60)
Added Component: Designator=R625(RES_C_1005X40)
Added Component: Designator=R626(RES_C_1005X40)
Add Pin To Net: Unknown Pin: Pin J35-5
Add Pin To Net: Unknown Pin: Pin J35-6
Added Pin To Net: NetName=IF_USB_N Pin=R625-1
Added Pin To Net: NetName=IF_USB_P Pin=R626-1
Added Pin To Net: NetName=+5V_SAMA7 Pin=JP19-1
Added Net: Name=+5V_SAMA7
Added Pin To Net: NetName=NetJ35_2 Pin=R625-2
Added Net: Name=NetJ35_2
Added Pin To Net: NetName=NetJ35_3 Pin=R626-2
Added Net: Name=NetJ35_3
Added Pin To Net: NetName=VUSB Pin=JP19-2
Added Net: Name=VUSB
Add Class Member: Failed to add class member : Component J35 0473460001
Added Member To Class: ClassName=05_CONNECTOR_IN Member=Component JP19 DNP/0R
Added Member To Class: ClassName=05_CONNECTOR_IN Member=Component R625 22R
Added Member To Class: ClassName=05_CONNECTOR_IN Member=Component R626 22R
Added Rule: Name=Schematic Supply Nets
