Added Component: Designator=C1(CAP_C_3225X80)
Added Component: Designator=C2(CAP_C_3225X80)
Added Component: Designator=C3(CAP_C_3225X80)
Added Component: Designator=C4(CAP_C_1005X50_L)
Added Component: Designator=C5(CAP_C_1005X50_L)
Added Component: Designator=C6(CAP_C_1005X50_L)
Added Component: Designator=D1(DO-214AC_SMA)
Added Component: Designator=JP1(JUMPER_1608)
Added Component: Designator=R1(RES_C_1005x30_L)
Added Component: Designator=R2(RES_C_1005x30_L)
Added Component: Designator=R3(RES_C_1005x30_L)
Added Component: Designator=R4(RES_C_1005x30_L)
Added Component: Designator=R5(RES_C_1005x30_L)
Added Component: Designator=R6(RES_C_1005x30_L)
Added Component: Designator=U1(VQFN-HR-10)
Added Pin To Net: NetName=GND Pin=C1-1
Added Pin To Net: NetName=EXP_12V Pin=C1-2
Added Pin To Net: NetName=GND Pin=C2-1
Added Pin To Net: NetName=EXP_12V Pin=C2-2
Added Pin To Net: NetName=GND Pin=C3-1
Added Pin To Net: NetName=IF_12V Pin=C3-2
Added Pin To Net: NetName=GND Pin=C4-1
Added Pin To Net: NetName=IF_12V Pin=C4-2
Added Pin To Net: NetName=GND Pin=C5-1
Added Pin To Net: NetName=GND Pin=C6-1
Added Pin To Net: NetName=EXP_12V Pin=D1-1
Added Pin To Net: NetName=GND Pin=D1-2
Added Pin To Net: NetName=IF_12V Pin=JP1-1
Added Pin To Net: NetName=EXP_12V Pin=JP1-2
Added Pin To Net: NetName=IF_12V Pin=R1-2
Added Pin To Net: NetName=EXP_12V Pin=R2-2
Added Pin To Net: NetName=EXP_12V Pin=R3-2
Added Pin To Net: NetName=GND Pin=R5-1
Added Pin To Net: NetName=GND Pin=R6-1
Added Pin To Net: NetName=eFUSE_ILIM_IF_12V Pin=R6-2
Added Pin To Net: NetName=IF_12V Pin=U1-5
Added Pin To Net: NetName=EXP_12V Pin=U1-6
Added Pin To Net: NetName=GND Pin=U1-8
Added Pin To Net: NetName=eFUSE_ILIM_IF_12V Pin=U1-9
Added Pin To Net: NetName=NetC5_2 Pin=C5-2
Added Pin To Net: NetName=NetC5_2 Pin=U1-10
Added Pin To Net: NetName=NetC5_2 Pin=U1-10
Added Net: Name=NetC5_2
Added Pin To Net: NetName=NetC6_2 Pin=C6-2
Added Pin To Net: NetName=NetC6_2 Pin=U1-7
Added Pin To Net: NetName=NetC6_2 Pin=U1-7
Added Net: Name=NetC6_2
Added Pin To Net: NetName=NetR1_1 Pin=R1-1
Added Pin To Net: NetName=NetR1_1 Pin=R4-1
Added Pin To Net: NetName=NetR1_1 Pin=U1-1
Added Pin To Net: NetName=NetR1_1 Pin=U1-1
Added Net: Name=NetR1_1
Added Pin To Net: NetName=NetR2_1 Pin=R2-1
Added Pin To Net: NetName=NetR2_1 Pin=U1-3
Added Net: Name=NetR2_1
Added Pin To Net: NetName=NetR3_1 Pin=R3-1
Added Pin To Net: NetName=NetR3_1 Pin=U1-4
Added Pin To Net: NetName=NetR3_1 Pin=U1-4
Added Net: Name=NetR3_1
Added Pin To Net: NetName=NetR4_2 Pin=R4-2
Added Pin To Net: NetName=NetR4_2 Pin=R5-2
Added Pin To Net: NetName=NetR4_2 Pin=U1-2
Added Net: Name=NetR4_2
Added Member To Class: ClassName=06_POWER_1 Member=Component C1 47uF/25V
Added Member To Class: ClassName=06_POWER_1 Member=Component C2 47uF/25V
Added Member To Class: ClassName=06_POWER_1 Member=Component C3 47uF/25V
Added Member To Class: ClassName=06_POWER_1 Member=Component C4 1uF/20V
Added Member To Class: ClassName=06_POWER_1 Member=Component C5 2.2nF/10V
Added Member To Class: ClassName=06_POWER_1 Member=Component C6 2.2nF/10V
Added Member To Class: ClassName=06_POWER_1 Member=Component D1 SS54
Added Member To Class: ClassName=06_POWER_1 Member=Component JP1 DNP/0R
Added Member To Class: ClassName=06_POWER_1 Member=Component R1 470k
Added Member To Class: ClassName=06_POWER_1 Member=Component R2 47k
Added Member To Class: ClassName=06_POWER_1 Member=Component R3 47k
Added Member To Class: ClassName=06_POWER_1 Member=Component R4 10k
Added Member To Class: ClassName=06_POWER_1 Member=Component R5 47k
Added Member To Class: ClassName=06_POWER_1 Member=Component R6 1.6k
Added Member To Class: ClassName=06_POWER_1 Member=Component U1 TPS259470ARPWR
