Removed Pin From Net: NetName=USB_1_PWR_EN Pin=R574-1
Removed Pin From Net: NetName=USB_2_PWR_EN Pin=R575-1
Removed Pin From Net: NetName=USB_1_PWR_nFAIL Pin=R576-1
Removed Pin From Net: NetName=USB_2_PWR_nFAIL Pin=R577-1
Removed Member From Class: ClassName=08_SAMA7G54-PIO Member=R574
Removed Member From Class: ClassName=08_SAMA7G54-PIO Member=R575
Removed Member From Class: ClassName=08_SAMA7G54-PIO Member=R576
Removed Member From Class: ClassName=08_SAMA7G54-PIO Member=R577
Added Component: Designator=R?(RES_C_1005X40)
Added Component: Designator=R?(RES_C_1005X40)
Added Component: Designator=R?(RES_C_1005X40)
Added Component: Designator=R?(RES_C_1005X40)
Added Pin To Net: NetName=USB_1_PWR_EN Pin=R?-1
Added Pin To Net: NetName=USB_1_PWR_nFAIL Pin=R?-1
Added Pin To Net: NetName=USB_2_PWR_EN Pin=R?-1
Added Pin To Net: NetName=USB_2_PWR_nFAIL Pin=R?-1
Added Pin To Net: NetName=_PD3 Pin=R?-2
Added Pin To Net: NetName=_PD3 Pin=U29-B15
Added Net: Name=_PD3
Added Pin To Net: NetName=_PD4 Pin=R?-2
Added Pin To Net: NetName=_PD4 Pin=U29-A15
Added Net: Name=_PD4
Added Pin To Net: NetName=_PD5 Pin=R?-2
Added Pin To Net: NetName=_PD5 Pin=U29-A16
Added Net: Name=_PD5
Added Pin To Net: NetName=_PD8 Pin=R?-2
Added Pin To Net: NetName=_PD8 Pin=U29-B13
Added Net: Name=_PD8
Added Member To Class: ClassName=08_SAMA7G54-PIO Member=Component R? 22R
Added Member To Class: ClassName=08_SAMA7G54-PIO Member=Component R? 22R
Added Member To Class: ClassName=08_SAMA7G54-PIO Member=Component R? 22R
Added Member To Class: ClassName=08_SAMA7G54-PIO Member=Component R? 22R
