Removed Pin From Net: NetName=5V_SAMA7_eFuse Pin=R643-1
Removed Pin From Net: NetName=5V_SAMA7_eFuse Pin=R643-1
Removed Pin From Net: NetName=5V_SAMA7 Pin=R643-2
Removed Pin From Net: NetName=5V_SAMA7 Pin=R643-2
Removed Pin From Net: NetName=5V_TEC_eFuse Pin=R645-1
Removed Pin From Net: NetName=5V_TEC_eFuse Pin=R645-1
Removed Pin From Net: NetName=5V_TEC Pin=R645-2
Removed Pin From Net: NetName=5V_TEC Pin=R645-2
Removed Pin From Net: NetName=5V_HD4_eFuse Pin=R647-1
Removed Pin From Net: NetName=5V_HD4_eFuse Pin=R647-1
Removed Pin From Net: NetName=5V_HD4 Pin=R647-2
Removed Pin From Net: NetName=5V_HD4 Pin=R647-2
Removed Pin From Net: NetName=5V_Solenoid_eFuse Pin=R649-1
Removed Pin From Net: NetName=5V_Solenoid_eFuse Pin=R649-1
Removed Pin From Net: NetName=5V_Solenoid Pin=R649-2
Removed Pin From Net: NetName=5V_Solenoid Pin=R649-2
Removed Pin From Net: NetName=5V_SAMA7 Pin=TP4-1
Removed Pin From Net: NetName=5V_TEC Pin=TP29-1
Removed Pin From Net: NetName=5V_HD4 Pin=TP31-1
Removed Pin From Net: NetName=5V_Solenoid Pin=TP33-1
Added Pin To Net: NetName=5V_Solenoid_eFuse Pin=R643-1
Added Pin To Net: NetName=5V_Solenoid_eFuse Pin=R643-1
Added Pin To Net: NetName=5V_Solenoid Pin=R643-2
Added Pin To Net: NetName=5V_Solenoid Pin=R643-2
Added Pin To Net: NetName=5V_SAMA7_eFuse Pin=R645-1
Added Pin To Net: NetName=5V_SAMA7_eFuse Pin=R645-1
Added Pin To Net: NetName=5V_SAMA7 Pin=R645-2
Added Pin To Net: NetName=5V_SAMA7 Pin=R645-2
Added Pin To Net: NetName=5V_TEC_eFuse Pin=R647-1
Added Pin To Net: NetName=5V_TEC_eFuse Pin=R647-1
Added Pin To Net: NetName=5V_TEC Pin=R647-2
Added Pin To Net: NetName=5V_TEC Pin=R647-2
Added Pin To Net: NetName=5V_HD4_eFuse Pin=R649-1
Added Pin To Net: NetName=5V_HD4_eFuse Pin=R649-1
Added Pin To Net: NetName=5V_HD4 Pin=R649-2
Added Pin To Net: NetName=5V_HD4 Pin=R649-2
Added Pin To Net: NetName=5V_Solenoid Pin=TP4-1
Added Pin To Net: NetName=5V_SAMA7 Pin=TP29-1
Added Pin To Net: NetName=5V_TEC Pin=TP31-1
Added Pin To Net: NetName=5V_HD4 Pin=TP33-1
Change Net Name : Old Net Name=SENSE_5V_HD4_N New Net Name=SENSE_5V_TEC_N
Change Net Name : Old Net Name=SENSE_5V_HD4_P New Net Name=SENSE_5V_TEC_P
Change Net Name : Old Net Name=SENSE_5V_SAMA7_N New Net Name=SENSE_5V_Solenoid_N
Change Net Name : Old Net Name=SENSE_5V_SAMA7_P New Net Name=SENSE_5V_Solenoid_P
Change Net Name : Old Net Name=SENSE_5V_Solenoid_N New Net Name=SENSE_5V_HD4_N
Change Net Name : Old Net Name=SENSE_5V_Solenoid_P New Net Name=SENSE_5V_HD4_P
Change Net Name : Old Net Name=SENSE_5V_TEC_N New Net Name=SENSE_5V_SAMA7_N
Change Net Name : Old Net Name=SENSE_5V_TEC_P New Net Name=SENSE_5V_SAMA7_P
Added Member To Class: ClassName=DIFF100 Member=Wire SENSE_12V_AI_N
Added Member To Class: ClassName=DIFF100 Member=Wire SENSE_12V_AI_P
Added Member To Class: ClassName=DIFF100 Member=Wire SENSE_12V_HEATER_N
Added Member To Class: ClassName=DIFF100 Member=Wire SENSE_12V_HEATER_P
