Add component: Footprint Not Found SOT95P240X120-3N
Add component: Footprint Not Found SOT95P240X120-3N
Add component: Footprint Not Found SOT95P240X120-3N
Add component: Footprint Not Found SOT95P240X120-3N
Add component: Footprint Not Found SOT95P240X120-3N
Add component: Footprint Not Found SOT95P240X120-3N
Add component: Footprint Not Found SOT95P240X120-3N
Add component: Footprint Not Found SOT95P240X120-3N
Add component: Footprint Not Found SOT95P240X120-3N
Add component: Footprint Not Found SOT95P240X120-3N
Add component: Footprint Not Found SOT95P240X120-3N
Add component: Footprint Not Found SOT95P240X120-3N
Add component: Footprint Not Found TPS5430DDAR_V3
Add component: Footprint Not Found SOT95P280X145-6N
Add component: Footprint Not Found SOT95P280X145-6N
Add component: Footprint Not Found TPS5430DDAR_V3
Add component: Footprint Not Found VREG_LM1117MP-3.3/NOPB
Add component: Footprint Not Found VREG_LM1117MP-3.3/NOPB
Add Pin To Net: Unknown Pin: Pin Q3-1
Add Pin To Net: Unknown Pin: Pin Q3-2
Add Pin To Net: Unknown Pin: Pin Q3-3
Add Pin To Net: Unknown Pin: Pin Q4-1
Add Pin To Net: Unknown Pin: Pin Q4-2
Add Pin To Net: Unknown Pin: Pin Q4-3
Add Pin To Net: Unknown Pin: Pin Q5-1
Add Pin To Net: Unknown Pin: Pin Q5-2
Add Pin To Net: Unknown Pin: Pin Q5-3
Add Pin To Net: Unknown Pin: Pin Q6-1
Add Pin To Net: Unknown Pin: Pin Q6-2
Add Pin To Net: Unknown Pin: Pin Q6-3
Add Pin To Net: Unknown Pin: Pin Q7-1
Add Pin To Net: Unknown Pin: Pin Q7-2
Add Pin To Net: Unknown Pin: Pin Q7-3
Add Pin To Net: Unknown Pin: Pin Q8-1
Add Pin To Net: Unknown Pin: Pin Q8-2
Add Pin To Net: Unknown Pin: Pin Q8-3
Add Pin To Net: Unknown Pin: Pin Q9-1
Add Pin To Net: Unknown Pin: Pin Q9-2
Add Pin To Net: Unknown Pin: Pin Q9-3
Add Pin To Net: Unknown Pin: Pin Q10-1
Add Pin To Net: Unknown Pin: Pin Q10-2
Add Pin To Net: Unknown Pin: Pin Q10-3
Add Pin To Net: Unknown Pin: Pin Q11-1
Add Pin To Net: Unknown Pin: Pin Q11-2
Add Pin To Net: Unknown Pin: Pin Q11-3
Add Pin To Net: Unknown Pin: Pin Q12-1
Add Pin To Net: Unknown Pin: Pin Q12-2
Add Pin To Net: Unknown Pin: Pin Q12-3
Add Pin To Net: Unknown Pin: Pin Q13-1
Add Pin To Net: Unknown Pin: Pin Q13-2
Add Pin To Net: Unknown Pin: Pin Q13-3
Add Pin To Net: Unknown Pin: Pin Q14-1
Add Pin To Net: Unknown Pin: Pin Q14-2
Add Pin To Net: Unknown Pin: Pin Q14-3
Add Pin To Net: Unknown Pin: Pin U2-1
Add Pin To Net: Unknown Pin: Pin U2-4
Add Pin To Net: Unknown Pin: Pin U2-6
Add Pin To Net: Unknown Pin: Pin U2-7
Add Pin To Net: Unknown Pin: Pin U2-8
Add Pin To Net: Unknown Pin: Pin U2-9
Add Pin To Net: Unknown Pin: Pin U21-2
Add Pin To Net: Unknown Pin: Pin U21-3
Add Pin To Net: Unknown Pin: Pin U21-4
Add Pin To Net: Unknown Pin: Pin U21-5
Add Pin To Net: Unknown Pin: Pin U21-6
Add Pin To Net: Unknown Pin: Pin U22-1
Add Pin To Net: Unknown Pin: Pin U22-2
Add Pin To Net: Unknown Pin: Pin U22-4
Add Pin To Net: Unknown Pin: Pin U22-5
Add Pin To Net: Unknown Pin: Pin U22-6
Add Pin To Net: Unknown Pin: Pin U35-1
Add Pin To Net: Unknown Pin: Pin U35-4
Add Pin To Net: Unknown Pin: Pin U35-5
Add Pin To Net: Unknown Pin: Pin U35-6
Add Pin To Net: Unknown Pin: Pin U35-7
Add Pin To Net: Unknown Pin: Pin U35-8
Add Pin To Net: Unknown Pin: Pin U35-9
Add Pin To Net: Unknown Pin: Pin VR1-1
Add Pin To Net: Unknown Pin: Pin VR1-2
Add Pin To Net: Unknown Pin: Pin VR1-3
Add Pin To Net: Unknown Pin: Pin VR1-4
Add Pin To Net: Unknown Pin: Pin VR2-1
Add Pin To Net: Unknown Pin: Pin VR2-2
Add Pin To Net: Unknown Pin: Pin VR2-3
Add Pin To Net: Unknown Pin: Pin VR2-4
Add Class Member: Failed to add class member : Component Q3 AO3400A
Add Class Member: Failed to add class member : Component Q4 AO3400A
Add Class Member: Failed to add class member : Component Q5 AO3400A
Add Class Member: Failed to add class member : Component Q6 AO3400A
Add Class Member: Failed to add class member : Component Q7 AO3400A
Add Class Member: Failed to add class member : Component Q8 AO3400A
Add Class Member: Failed to add class member : Component Q9 AO3400A
Add Class Member: Failed to add class member : Component Q10 AO3400A
Add Class Member: Failed to add class member : Component Q11 AO3400A
Add Class Member: Failed to add class member : Component Q12 AO3400A
Add Class Member: Failed to add class member : Component Q13 AO3400A
Add Class Member: Failed to add class member : Component Q14 AO3400A
Add Class Member: Failed to add class member : Component U2 TPS5430DDAR
Add Class Member: Failed to add class member : Component U21 IP4220CZ6
Add Class Member: Failed to add class member : Component U22 IP4220CZ6
Add Class Member: Failed to add class member : Component U35 TPS5430DDAR
Add Class Member: Failed to add class member : Component VR1 LM1117MP-3.3/NOPB
Add Class Member: Failed to add class member : Component VR2 LM1117MP-3.3/NOPB
