Add component: Footprint Not Found L-SMD-M-3.5x3.5x2mm
Add component: Footprint Not Found L-SMD-M-3.5x3.5x2mm
Add component: Footprint Not Found L-SMD-M-3.5x3.5x2mm
Add component: Footprint Not Found L-SMD-M-3.5x3.5x2mm
Add component: Footprint Not Found SOT95P240X120-3N
Add component: Footprint Not Found SOT95P240X120-3N
Add component: Footprint Not Found SOT95P240X120-3N
Add component: Footprint Not Found SOT95P240X120-3N
Add component: Footprint Not Found SOT95P240X120-3N
Add component: Footprint Not Found SOT95P240X120-3N
Add component: Footprint Not Found SOT95P240X120-3N
Add component: Footprint Not Found SOT95P240X120-3N
Add component: Footprint Not Found SOT95P240X120-3N
Add component: Footprint Not Found SOT95P240X120-3N
Add component: Footprint Not Found SOT95P240X120-3N
Add component: Footprint Not Found SOT95P240X120-3N
Add component: Footprint Not Found TPS5430DDAR_V3
Add component: Footprint Not Found QFN18
Add component: Footprint Not Found QFN18
Add component: Footprint Not Found QFN18
Add component: Footprint Not Found QFN18
Add component: Footprint Not Found MP_HIGHDRIVER4
Add component: Footprint Not Found TSOP8
Add component: Footprint Not Found TSOP8
Add component: Footprint Not Found TSOP8
Add component: Footprint Not Found TSOP8
Add component: Footprint Not Found SOT95P280X145-6N
Add component: Footprint Not Found SOT95P280X145-6N
Add component: Footprint Not Found TPS5430DDAR_V3
Add component: Footprint Not Found TSOP8
Add component: Footprint Not Found TSOP8
Add component: Footprint Not Found VREG_LM1117MP-3.3/NOPB
Add component: Footprint Not Found VREG_LM1117MP-3.3/NOPB
Add Pin To Net: Unknown Pin: Pin L2-1
Add Pin To Net: Unknown Pin: Pin L2-2
Add Pin To Net: Unknown Pin: Pin L3-1
Add Pin To Net: Unknown Pin: Pin L3-2
Add Pin To Net: Unknown Pin: Pin L4-1
Add Pin To Net: Unknown Pin: Pin L4-2
Add Pin To Net: Unknown Pin: Pin L5-1
Add Pin To Net: Unknown Pin: Pin L5-2
Add Pin To Net: Unknown Pin: Pin Q3-1
Add Pin To Net: Unknown Pin: Pin Q3-2
Add Pin To Net: Unknown Pin: Pin Q3-3
Add Pin To Net: Unknown Pin: Pin Q4-1
Add Pin To Net: Unknown Pin: Pin Q4-2
Add Pin To Net: Unknown Pin: Pin Q4-3
Add Pin To Net: Unknown Pin: Pin Q5-1
Add Pin To Net: Unknown Pin: Pin Q5-2
Add Pin To Net: Unknown Pin: Pin Q5-3
Add Pin To Net: Unknown Pin: Pin Q6-1
Add Pin To Net: Unknown Pin: Pin Q6-2
Add Pin To Net: Unknown Pin: Pin Q6-3
Add Pin To Net: Unknown Pin: Pin Q7-1
Add Pin To Net: Unknown Pin: Pin Q7-2
Add Pin To Net: Unknown Pin: Pin Q7-3
Add Pin To Net: Unknown Pin: Pin Q8-1
Add Pin To Net: Unknown Pin: Pin Q8-2
Add Pin To Net: Unknown Pin: Pin Q8-3
Add Pin To Net: Unknown Pin: Pin Q9-1
Add Pin To Net: Unknown Pin: Pin Q9-2
Add Pin To Net: Unknown Pin: Pin Q9-3
Add Pin To Net: Unknown Pin: Pin Q10-1
Add Pin To Net: Unknown Pin: Pin Q10-2
Add Pin To Net: Unknown Pin: Pin Q10-3
Add Pin To Net: Unknown Pin: Pin Q11-1
Add Pin To Net: Unknown Pin: Pin Q11-2
Add Pin To Net: Unknown Pin: Pin Q11-3
Add Pin To Net: Unknown Pin: Pin Q12-1
Add Pin To Net: Unknown Pin: Pin Q12-2
Add Pin To Net: Unknown Pin: Pin Q12-3
Add Pin To Net: Unknown Pin: Pin Q13-1
Add Pin To Net: Unknown Pin: Pin Q13-2
Add Pin To Net: Unknown Pin: Pin Q13-3
Add Pin To Net: Unknown Pin: Pin Q14-1
Add Pin To Net: Unknown Pin: Pin Q14-2
Add Pin To Net: Unknown Pin: Pin Q14-3
Add Pin To Net: Unknown Pin: Pin U2-1
Add Pin To Net: Unknown Pin: Pin U2-4
Add Pin To Net: Unknown Pin: Pin U2-6
Add Pin To Net: Unknown Pin: Pin U2-7
Add Pin To Net: Unknown Pin: Pin U2-8
Add Pin To Net: Unknown Pin: Pin U2-9
Add Pin To Net: Unknown Pin: Pin U6-1
Add Pin To Net: Unknown Pin: Pin U6-2
Add Pin To Net: Unknown Pin: Pin U6-3
Add Pin To Net: Unknown Pin: Pin U6-4
Add Pin To Net: Unknown Pin: Pin U6-5
Add Pin To Net: Unknown Pin: Pin U6-6
Add Pin To Net: Unknown Pin: Pin U6-7
Add Pin To Net: Unknown Pin: Pin U6-8
Add Pin To Net: Unknown Pin: Pin U6-9
Add Pin To Net: Unknown Pin: Pin U6-10
Add Pin To Net: Unknown Pin: Pin U6-11
Add Pin To Net: Unknown Pin: Pin U6-12
Add Pin To Net: Unknown Pin: Pin U6-13
Add Pin To Net: Unknown Pin: Pin U6-14
Add Pin To Net: Unknown Pin: Pin U6-15
Add Pin To Net: Unknown Pin: Pin U6-16
Add Pin To Net: Unknown Pin: Pin U6-17
Add Pin To Net: Unknown Pin: Pin U6-18
Add Pin To Net: Unknown Pin: Pin U6-19
Add Pin To Net: Unknown Pin: Pin U6-20
Add Pin To Net: Unknown Pin: Pin U6-21
Add Pin To Net: Unknown Pin: Pin U6-22
Add Pin To Net: Unknown Pin: Pin U7-1
Add Pin To Net: Unknown Pin: Pin U7-2
Add Pin To Net: Unknown Pin: Pin U7-3
Add Pin To Net: Unknown Pin: Pin U7-4
Add Pin To Net: Unknown Pin: Pin U7-5
Add Pin To Net: Unknown Pin: Pin U7-6
Add Pin To Net: Unknown Pin: Pin U7-7
Add Pin To Net: Unknown Pin: Pin U7-8
Add Pin To Net: Unknown Pin: Pin U7-9
Add Pin To Net: Unknown Pin: Pin U7-10
Add Pin To Net: Unknown Pin: Pin U7-11
Add Pin To Net: Unknown Pin: Pin U7-12
Add Pin To Net: Unknown Pin: Pin U7-13
Add Pin To Net: Unknown Pin: Pin U7-14
Add Pin To Net: Unknown Pin: Pin U7-15
Add Pin To Net: Unknown Pin: Pin U7-16
Add Pin To Net: Unknown Pin: Pin U7-17
Add Pin To Net: Unknown Pin: Pin U7-18
Add Pin To Net: Unknown Pin: Pin U7-19
Add Pin To Net: Unknown Pin: Pin U7-20
Add Pin To Net: Unknown Pin: Pin U7-21
Add Pin To Net: Unknown Pin: Pin U7-22
Add Pin To Net: Unknown Pin: Pin U8-1
Add Pin To Net: Unknown Pin: Pin U8-2
Add Pin To Net: Unknown Pin: Pin U8-3
Add Pin To Net: Unknown Pin: Pin U8-4
Add Pin To Net: Unknown Pin: Pin U8-5
Add Pin To Net: Unknown Pin: Pin U8-6
Add Pin To Net: Unknown Pin: Pin U8-7
Add Pin To Net: Unknown Pin: Pin U8-8
Add Pin To Net: Unknown Pin: Pin U8-9
Add Pin To Net: Unknown Pin: Pin U8-10
Add Pin To Net: Unknown Pin: Pin U8-11
Add Pin To Net: Unknown Pin: Pin U8-12
Add Pin To Net: Unknown Pin: Pin U8-13
Add Pin To Net: Unknown Pin: Pin U8-14
Add Pin To Net: Unknown Pin: Pin U8-15
Add Pin To Net: Unknown Pin: Pin U8-16
Add Pin To Net: Unknown Pin: Pin U8-17
Add Pin To Net: Unknown Pin: Pin U8-18
Add Pin To Net: Unknown Pin: Pin U8-19
Add Pin To Net: Unknown Pin: Pin U8-20
Add Pin To Net: Unknown Pin: Pin U8-21
Add Pin To Net: Unknown Pin: Pin U8-22
Add Pin To Net: Unknown Pin: Pin U9-1
Add Pin To Net: Unknown Pin: Pin U9-2
Add Pin To Net: Unknown Pin: Pin U9-3
Add Pin To Net: Unknown Pin: Pin U9-4
Add Pin To Net: Unknown Pin: Pin U9-5
Add Pin To Net: Unknown Pin: Pin U9-6
Add Pin To Net: Unknown Pin: Pin U9-7
Add Pin To Net: Unknown Pin: Pin U9-8
Add Pin To Net: Unknown Pin: Pin U9-9
Add Pin To Net: Unknown Pin: Pin U9-10
Add Pin To Net: Unknown Pin: Pin U9-11
Add Pin To Net: Unknown Pin: Pin U9-12
Add Pin To Net: Unknown Pin: Pin U9-13
Add Pin To Net: Unknown Pin: Pin U9-14
Add Pin To Net: Unknown Pin: Pin U9-15
Add Pin To Net: Unknown Pin: Pin U9-16
Add Pin To Net: Unknown Pin: Pin U9-17
Add Pin To Net: Unknown Pin: Pin U9-18
Add Pin To Net: Unknown Pin: Pin U9-19
Add Pin To Net: Unknown Pin: Pin U9-20
Add Pin To Net: Unknown Pin: Pin U9-21
Add Pin To Net: Unknown Pin: Pin U9-22
Add Pin To Net: Unknown Pin: Pin U16-1
Add Pin To Net: Unknown Pin: Pin U16-2
Add Pin To Net: Unknown Pin: Pin U16-3
Add Pin To Net: Unknown Pin: Pin U16-4
Add Pin To Net: Unknown Pin: Pin U16-5
Add Pin To Net: Unknown Pin: Pin U16-6
Add Pin To Net: Unknown Pin: Pin U16-7
Add Pin To Net: Unknown Pin: Pin U16-8
Add Pin To Net: Unknown Pin: Pin U16-9
Add Pin To Net: Unknown Pin: Pin U16-10
Add Pin To Net: Unknown Pin: Pin U16-11
Add Pin To Net: Unknown Pin: Pin U16-12
Add Pin To Net: Unknown Pin: Pin U16-13
Add Pin To Net: Unknown Pin: Pin U16-14
Add Pin To Net: Unknown Pin: Pin U16-15
Add Pin To Net: Unknown Pin: Pin U16-16
Add Pin To Net: Unknown Pin: Pin U16-17
Add Pin To Net: Unknown Pin: Pin U16-18
Add Pin To Net: Unknown Pin: Pin U16-19
Add Pin To Net: Unknown Pin: Pin U16-20
Add Pin To Net: Unknown Pin: Pin U16-21
Add Pin To Net: Unknown Pin: Pin U16-22
Add Pin To Net: Unknown Pin: Pin U16-27
Add Pin To Net: Unknown Pin: Pin U16-28
Add Pin To Net: Unknown Pin: Pin U17-1
Add Pin To Net: Unknown Pin: Pin U17-2
Add Pin To Net: Unknown Pin: Pin U17-3
Add Pin To Net: Unknown Pin: Pin U17-4
Add Pin To Net: Unknown Pin: Pin U17-5
Add Pin To Net: Unknown Pin: Pin U17-6
Add Pin To Net: Unknown Pin: Pin U17-7
Add Pin To Net: Unknown Pin: Pin U17-8
Add Pin To Net: Unknown Pin: Pin U18-1
Add Pin To Net: Unknown Pin: Pin U18-2
Add Pin To Net: Unknown Pin: Pin U18-3
Add Pin To Net: Unknown Pin: Pin U18-4
Add Pin To Net: Unknown Pin: Pin U18-5
Add Pin To Net: Unknown Pin: Pin U18-6
Add Pin To Net: Unknown Pin: Pin U18-7
Add Pin To Net: Unknown Pin: Pin U18-8
Add Pin To Net: Unknown Pin: Pin U19-1
Add Pin To Net: Unknown Pin: Pin U19-2
Add Pin To Net: Unknown Pin: Pin U19-3
Add Pin To Net: Unknown Pin: Pin U19-4
Add Pin To Net: Unknown Pin: Pin U19-5
Add Pin To Net: Unknown Pin: Pin U19-6
Add Pin To Net: Unknown Pin: Pin U19-7
Add Pin To Net: Unknown Pin: Pin U19-8
Add Pin To Net: Unknown Pin: Pin U20-1
Add Pin To Net: Unknown Pin: Pin U20-2
Add Pin To Net: Unknown Pin: Pin U20-3
Add Pin To Net: Unknown Pin: Pin U20-4
Add Pin To Net: Unknown Pin: Pin U20-5
Add Pin To Net: Unknown Pin: Pin U20-6
Add Pin To Net: Unknown Pin: Pin U20-7
Add Pin To Net: Unknown Pin: Pin U20-8
Add Pin To Net: Unknown Pin: Pin U21-2
Add Pin To Net: Unknown Pin: Pin U21-3
Add Pin To Net: Unknown Pin: Pin U21-4
Add Pin To Net: Unknown Pin: Pin U21-5
Add Pin To Net: Unknown Pin: Pin U21-6
Add Pin To Net: Unknown Pin: Pin U22-1
Add Pin To Net: Unknown Pin: Pin U22-2
Add Pin To Net: Unknown Pin: Pin U22-4
Add Pin To Net: Unknown Pin: Pin U22-5
Add Pin To Net: Unknown Pin: Pin U22-6
Add Pin To Net: Unknown Pin: Pin U35-1
Add Pin To Net: Unknown Pin: Pin U35-4
Add Pin To Net: Unknown Pin: Pin U35-5
Add Pin To Net: Unknown Pin: Pin U35-6
Add Pin To Net: Unknown Pin: Pin U35-7
Add Pin To Net: Unknown Pin: Pin U35-8
Add Pin To Net: Unknown Pin: Pin U35-9
Add Pin To Net: Unknown Pin: Pin U45-1
Add Pin To Net: Unknown Pin: Pin U45-2
Add Pin To Net: Unknown Pin: Pin U45-3
Add Pin To Net: Unknown Pin: Pin U45-4
Add Pin To Net: Unknown Pin: Pin U45-5
Add Pin To Net: Unknown Pin: Pin U45-6
Add Pin To Net: Unknown Pin: Pin U45-7
Add Pin To Net: Unknown Pin: Pin U45-8
Add Pin To Net: Unknown Pin: Pin U46-1
Add Pin To Net: Unknown Pin: Pin U46-2
Add Pin To Net: Unknown Pin: Pin U46-3
Add Pin To Net: Unknown Pin: Pin U46-4
Add Pin To Net: Unknown Pin: Pin U46-5
Add Pin To Net: Unknown Pin: Pin U46-6
Add Pin To Net: Unknown Pin: Pin U46-7
Add Pin To Net: Unknown Pin: Pin U46-8
Add Pin To Net: Unknown Pin: Pin VR1-1
Add Pin To Net: Unknown Pin: Pin VR1-2
Add Pin To Net: Unknown Pin: Pin VR1-3
Add Pin To Net: Unknown Pin: Pin VR1-4
Add Pin To Net: Unknown Pin: Pin VR2-1
Add Pin To Net: Unknown Pin: Pin VR2-2
Add Pin To Net: Unknown Pin: Pin VR2-3
Add Pin To Net: Unknown Pin: Pin VR2-4
Add Class Member: Failed to add class member : Component L2 1uH
Add Class Member: Failed to add class member : Component L3 1uH
Add Class Member: Failed to add class member : Component L4 1uH
Add Class Member: Failed to add class member : Component L5 1uH
Add Class Member: Failed to add class member : Component Q3 AO3400A
Add Class Member: Failed to add class member : Component Q4 AO3400A
Add Class Member: Failed to add class member : Component Q5 AO3400A
Add Class Member: Failed to add class member : Component Q6 AO3400A
Add Class Member: Failed to add class member : Component Q7 AO3400A
Add Class Member: Failed to add class member : Component Q8 AO3400A
Add Class Member: Failed to add class member : Component Q9 AO3400A
Add Class Member: Failed to add class member : Component Q10 AO3400A
Add Class Member: Failed to add class member : Component Q11 AO3400A
Add Class Member: Failed to add class member : Component Q12 AO3400A
Add Class Member: Failed to add class member : Component Q13 AO3400A
Add Class Member: Failed to add class member : Component Q14 AO3400A
Add Class Member: Failed to add class member : Component U2 TPS5430DDAR
Add Class Member: Failed to add class member : Component U6 LT8722AV#PBF
Add Class Member: Failed to add class member : Component U7 LT8722AV#PBF
Add Class Member: Failed to add class member : Component U8 LT8722AV#PBF
Add Class Member: Failed to add class member : Component U9 LT8722AV#PBF
Add Class Member: Failed to add class member : Component U16 mp-HighDriver4
Add Class Member: Failed to add class member : Component U17 PCA9508DP,118
Add Class Member: Failed to add class member : Component U18 PCA9508DP,118
Add Class Member: Failed to add class member : Component U19 PCA9508DP,118
Add Class Member: Failed to add class member : Component U20 PCA9508DP,118
Add Class Member: Failed to add class member : Component U21 IP4220CZ6
Add Class Member: Failed to add class member : Component U22 IP4220CZ6
Add Class Member: Failed to add class member : Component U35 TPS5430DDAR
Add Class Member: Failed to add class member : Component U45 PCA9508DP,118
Add Class Member: Failed to add class member : Component U46 PCA9508DP,118
Add Class Member: Failed to add class member : Component VR1 LM1117MP-3.3/NOPB
Add Class Member: Failed to add class member : Component VR2 LM1117MP-3.3/NOPB
