Removed Pin From Net: NetName=LASER_SW_EXT_CS Pin=R37-2
Change Component Description : Designator=BT1 Old Description=Battery Clip; THM; 20mm Cell; PhosBronze/Nickel New Description=Battery Clip; THM; 20mm Cell; PhosBronze/Nickel | Keystone Electronics 3035
Added Component: Designator=C414(CAP_MP_3216X180)
Add component (AddParameter): Name = "Availability"; Value = "Unavailable"; VariantName = "[No Variations]"
Add component (AddParameter): Name = "MF"; Value = "AVX"; VariantName = "[No Variations]"
Add component (AddParameter): Name = "MP"; Value = "TACR686M003RTA"; VariantName = "[No Variations]"
Add component (AddParameter): Name = "Package"; Value = "0805 AVX"; VariantName = "[No Variations]"
Add component (AddParameter): Name = "Price"; Value = "None"; VariantName = "[No Variations]"
Add component (AddParameter): Name = "SnapEDA_Link"; Value = "https://www.snapeda.com/parts/TACR686M003RTA/AVX/view-part/1745975/?ref=snap"; VariantName = "[No Variations]"
Add component (AddParameter): Name = "Value"; Value = ""; VariantName = "[No Variations]"
Added Component: Designator=C415(CAP_C_1005X60)
Added Component: Designator=C416(CAP_C_1005X60)
Added Component: Designator=C417(CAP_C_1608X80)
Add component (AddParameter): Name = "Chung_Loai"; Value = "Dán"; VariantName = "[No Variations]"
Add component (AddParameter): Name = "Don_Vi"; Value = "Con"; VariantName = "[No Variations]"
Add component (AddParameter): Name = "Kieu_Chan"; Value = ""; VariantName = "[No Variations]"
Add component (AddParameter): Name = "Ma_Hang"; Value = "MH007853"; VariantName = "[No Variations]"
Add component (AddParameter): Name = "So_Chan"; Value = "2"; VariantName = "[No Variations]"
Add component (AddParameter): Name = "Ten_Linh_Kien"; Value = "T? 0402 33nF X7R 10V GRM155R71A333KA01D"; VariantName = "[No Variations]"
Added Component: Designator=C418(CAP_C_1005X60)
Add component: Footprint Not Found SOD3715X145N
Added Component: Designator=D28(DO-214AC_SMA)
Added Component: Designator=J25(molex_0532610271)
Added Component: Designator=L12(L-SMD-M-4.8x4.8x2.8mm)
Add component (AddParameter): Name = "ComponentLink1Description"; Value = "Manufacturer"; VariantName = "[No Variations]"
Add component (AddParameter): Name = "ComponentLink1URL"; Value = "http://www.we-online.de"; VariantName = "[No Variations]"
Add component (AddParameter): Name = "ComponentLink2Description"; Value = "Datasheet"; VariantName = "[No Variations]"
Add component (AddParameter): Name = "ComponentLink2URL"; Value = "http://katalog.we-online.de/pbs/datasheet/78477010.pdf"; VariantName = "[No Variations]"
Add component (AddParameter): Name = "Created by"; Value = "Baojun Chen"; VariantName = "[No Variations]"
Add component (AddParameter): Name = "Created Date"; Value = "Nov.2015"; VariantName = "[No Variations]"
Add component (AddParameter): Name = "Inductance"; Value = "1.0 µH"; VariantName = "[No Variations]"
Add component (AddParameter): Name = "Manufacturer"; Value = "Wurth Elektronik"; VariantName = "[No Variations]"
Add component (AddParameter): Name = "partNo"; Value = "78477010"; VariantName = "[No Variations]"
Added Component: Designator=R653(RES_C_1005X40)
Added Component: Designator=R654(RES_C_3216X70)
Add component (AddParameter): Name = "Chung_Loai"; Value = "Dán"; VariantName = "[No Variations]"
Add component (AddParameter): Name = "Don_Vi"; Value = "Con"; VariantName = "[No Variations]"
Add component (AddParameter): Name = "Kieu_Chan"; Value = ""; VariantName = "[No Variations]"
Add component (AddParameter): Name = "Ma_Hang"; Value = "MH006333"; VariantName = "[No Variations]"
Add component (AddParameter): Name = "So_Chan"; Value = "2"; VariantName = "[No Variations]"
Add component (AddParameter): Name = "Ten_Linh_Kien"; Value = "Tr? 0603 1% 10k"; VariantName = "[No Variations]"
Added Component: Designator=R655(RES_C_1005X40)
Added Component: Designator=R656(RES_C_1005X40)
Added Component: Designator=U27(SOIC127P602X173-8N_EPAD)
Added Pin To Net: NetName=GND Pin=C414-2
Added Pin To Net: NetName=GND Pin=C417-1
Added Pin To Net: NetName=GND Pin=C418-1
Added Pin To Net: NetName=12V_HEATER_eFuse Pin=C418-2
Added Pin To Net: NetName=GND Pin=J25-M1
Added Pin To Net: NetName=GND Pin=J25-M2
Added Pin To Net: NetName=PA17 Pin=R653-1
Added Pin To Net: NetName=LASER_SW_EXT_CS Pin=R653-2
Added Pin To Net: NetName=GND Pin=R656-2
Added Pin To Net: NetName=GND Pin=U27-1
Added Pin To Net: NetName=GND Pin=U27-2
Added Pin To Net: NetName=12V_HEATER_eFuse Pin=U27-6
Add Pin To Net: Unknown Pin: Pin U27-EPAD
Added Pin To Net: NetName=+12V_IN Pin=C414-1
Added Pin To Net: NetName=+12V_IN Pin=D28-1
Added Pin To Net: NetName=+12V_IN Pin=R654-1
Added Net: Name=+12V_IN
Added Pin To Net: NetName=IR_LED_GND Pin=C415-1
Added Pin To Net: NetName=IR_LED_GND Pin=C416-1
Added Pin To Net: NetName=IR_LED_GND Pin=J25-2
Added Pin To Net: NetName=IR_LED_GND Pin=L12-2
Added Net: Name=IR_LED_GND
Added Pin To Net: NetName=IR_LED_P Pin=C415-2
Added Pin To Net: NetName=IR_LED_P Pin=C416-2
Added Pin To Net: NetName=IR_LED_P Pin=J25-1
Added Pin To Net: NetName=IR_LED_P Pin=R654-2
Added Pin To Net: NetName=IR_LED_P Pin=U27-3
Added Net: Name=IR_LED_P
Added Pin To Net: NetName=IR_LED_PWM Pin=R37-2
Added Pin To Net: NetName=IR_LED_PWM Pin=R655-2
Added Pin To Net: NetName=IR_LED_PWM Pin=R656-1
Added Net: Name=IR_LED_PWM
Added Pin To Net: NetName=NetC417_2 Pin=C417-2
Added Pin To Net: NetName=NetC417_2 Pin=R655-1
Added Pin To Net: NetName=NetC417_2 Pin=U27-5
Added Net: Name=NetC417_2
Added Pin To Net: NetName=NetD28_2 Pin=D28-2
Added Pin To Net: NetName=NetD28_2 Pin=L12-1
Added Pin To Net: NetName=NetD28_2 Pin=U27-7
Added Pin To Net: NetName=NetD28_2 Pin=U27-8
Added Net: Name=NetD28_2
Added Class: Name=18_HD4_PUMP_2
Added Member To Class: ClassName=11_MCU Member=Component R653 22R
Added Rule: Name=Schematic Supply Nets_14
