Removed Pin From Net: NetName=GND Pin=C1-1
Removed Pin From Net: NetName=EXP_12V Pin=C1-2
Removed Pin From Net: NetName=GND Pin=C2-1
Removed Pin From Net: NetName=EXP_12V Pin=C2-2
Removed Pin From Net: NetName=GND Pin=C3-1
Removed Pin From Net: NetName=IF_12V Pin=C3-2
Removed Pin From Net: NetName=GND Pin=C4-1
Removed Pin From Net: NetName=IF_12V Pin=C4-2
Removed Pin From Net: NetName=GND Pin=C5-1
Removed Pin From Net: NetName=GND Pin=C6-1
Removed Pin From Net: NetName=EXP_12V Pin=D1-1
Removed Pin From Net: NetName=GND Pin=D1-2
Removed Pin From Net: NetName=IF_12V Pin=JP1-1
Removed Pin From Net: NetName=EXP_12V Pin=JP1-2
Removed Pin From Net: NetName=IF_12V Pin=R1-2
Removed Pin From Net: NetName=EXP_12V Pin=R2-2
Removed Pin From Net: NetName=EXP_12V Pin=R3-2
Removed Pin From Net: NetName=GND Pin=R5-1
Removed Pin From Net: NetName=GND Pin=R6-1
Removed Pin From Net: NetName=eFUSE_ILIM_IF_12V Pin=R6-2
Removed Pin From Net: NetName=IF_12V Pin=U1-5
Removed Pin From Net: NetName=EXP_12V Pin=U1-6
Removed Pin From Net: NetName=GND Pin=U1-8
Removed Pin From Net: NetName=eFUSE_ILIM_IF_12V Pin=U1-9
Removed Member From Class: ClassName=06_POWER_1 Member=C1
Removed Member From Class: ClassName=06_POWER_1 Member=C2
Removed Member From Class: ClassName=06_POWER_1 Member=C3
Removed Member From Class: ClassName=06_POWER_1 Member=C4
Removed Member From Class: ClassName=06_POWER_1 Member=C5
Removed Member From Class: ClassName=06_POWER_1 Member=C6
Removed Member From Class: ClassName=06_POWER_1 Member=D1
Removed Member From Class: ClassName=06_POWER_1 Member=JP1
Removed Member From Class: ClassName=06_POWER_1 Member=R1
Removed Member From Class: ClassName=06_POWER_1 Member=R2
Removed Member From Class: ClassName=06_POWER_1 Member=R3
Removed Member From Class: ClassName=06_POWER_1 Member=R4
Removed Member From Class: ClassName=06_POWER_1 Member=R5
Removed Member From Class: ClassName=06_POWER_1 Member=R6
Removed Member From Class: ClassName=06_POWER_1 Member=U1
