Removed Pin From Net: NetName=5V_HD4 Pin=C122-2
Removed Pin From Net: NetName=3.3V_MCU Pin=C160-2
Removed Pin From Net: NetName=3.3V_MCU Pin=C208-2
Removed Pin From Net: NetName=VDDANA Pin=C271-1
Removed Pin From Net: NetName=GND Pin=C271-2
Removed Pin From Net: NetName=3V/5V_Solenoid Pin=D24-1
Removed Pin From Net: NetName=3V/5V_Solenoid Pin=D25-1
Removed Pin From Net: NetName=3V/5V_Solenoid Pin=D26-1
Removed Pin From Net: NetName=3V/5V_Solenoid Pin=D27-1
Removed Pin From Net: NetName=3V/5V_Solenoid Pin=D28-1
Removed Pin From Net: NetName=3V/5V_Solenoid Pin=D29-1
Removed Pin From Net: NetName=3V/5V_Solenoid Pin=D30-1
Removed Pin From Net: NetName=3V/5V_Solenoid Pin=D31-1
Removed Pin From Net: NetName=3V/5V_Solenoid Pin=D32-1
Removed Pin From Net: NetName=3V/5V_Solenoid Pin=D33-1
Removed Pin From Net: NetName=3V/5V_Solenoid Pin=D34-1
Removed Pin From Net: NetName=3V/5V_Solenoid Pin=D35-1
Removed Pin From Net: NetName=SOL_1_OUT2 Pin=J20-1
Removed Pin From Net: NetName=SOL_1_OUT1 Pin=J20-2
Removed Pin From Net: NetName=SOL_2_OUT2 Pin=J20-3
Removed Pin From Net: NetName=SOL_2_OUT1 Pin=J20-4
Removed Pin From Net: NetName=SOL_3_OUT2 Pin=J20-5
Removed Pin From Net: NetName=SOL_3_OUT1 Pin=J20-6
Removed Pin From Net: NetName=SOL_4_OUT2 Pin=J20-7
Removed Pin From Net: NetName=SOL_4_OUT1 Pin=J20-8
Removed Pin From Net: NetName=SOM_CAM_I2C_SDA Pin=J24-8
Removed Pin From Net: NetName=SOM_CAM_I2C_SCL Pin=J24-9
Removed Pin From Net: NetName=3V/5V_Solenoid Pin=J30-1
Removed Pin From Net: NetName=3V/5V_Solenoid Pin=J30-3
Removed Pin From Net: NetName=3V/5V_Solenoid Pin=J30-5
Removed Pin From Net: NetName=3V/5V_Solenoid Pin=J30-7
Removed Pin From Net: NetName=3V/5V_Solenoid Pin=J32-1
Removed Pin From Net: NetName=3V/5V_Solenoid Pin=J32-3
Removed Pin From Net: NetName=3V/5V_Solenoid Pin=J32-5
Removed Pin From Net: NetName=3V/5V_Solenoid Pin=J32-7
Removed Pin From Net: NetName=3V/5V_Solenoid Pin=J33-1
Removed Pin From Net: NetName=3V/5V_Solenoid Pin=J33-3
Removed Pin From Net: NetName=3V/5V_Solenoid Pin=J33-5
Removed Pin From Net: NetName=3V/5V_Solenoid Pin=J33-7
Removed Pin From Net: NetName=GND Pin=Q15-2
Removed Pin From Net: NetName=GND Pin=Q16-2
Removed Pin From Net: NetName=GND Pin=Q17-2
Removed Pin From Net: NetName=GND Pin=Q18-2
Removed Pin From Net: NetName=GND Pin=Q19-2
Removed Pin From Net: NetName=GND Pin=Q20-2
Removed Pin From Net: NetName=GND Pin=Q21-2
Removed Pin From Net: NetName=GND Pin=Q22-2
Removed Pin From Net: NetName=GND Pin=Q23-2
Removed Pin From Net: NetName=GND Pin=Q24-2
Removed Pin From Net: NetName=GND Pin=Q25-2
Removed Pin From Net: NetName=GND Pin=Q26-2
Removed Pin From Net: NetName=PD01 Pin=R14-2
Removed Pin From Net: NetName=PA02 Pin=R15-1
Removed Pin From Net: NetName=MCU_SOL_1_IN1 Pin=R15-2
Removed Pin From Net: NetName=PD07 Pin=R22-2
Removed Pin From Net: NetName=MCU_SOL_2_IN1 Pin=R40-1
Removed Pin From Net: NetName=PD18 Pin=R40-2
Removed Pin From Net: NetName=MCU_SOL_3_IN2 Pin=R44-2
Removed Pin From Net: NetName=MCU_SOL_3_IN1 Pin=R46-2
Removed Pin From Net: NetName=MCU_SOL_4_IN2 Pin=R47-2
Removed Pin From Net: NetName=MCU_SOL_4_IN1 Pin=R48-2
Removed Pin From Net: NetName=NetC15_2 Pin=R62-1
Removed Pin From Net: NetName=WD_nRESET Pin=R62-2
Removed Pin From Net: NetName=ADC_TEMP3 Pin=R73-1
Removed Pin From Net: NetName=ADC_TEMP7 Pin=R77-1
Removed Pin From Net: NetName=PB13 Pin=R96-2
Removed Pin From Net: NetName=PC19 Pin=R97-1
Removed Pin From Net: NetName=MCU_SOL_1_IN2 Pin=R97-2
Removed Pin From Net: NetName=LASER_ADC_1 Pin=R108-2
Removed Pin From Net: NetName=SOL_1_VREF Pin=R260-2
Removed Pin From Net: NetName=SOL_1_VREF Pin=R261-1
Removed Pin From Net: NetName=GND Pin=R261-2
Removed Pin From Net: NetName=5V_MCU Pin=R263-1
Removed Pin From Net: NetName=SOL_1_VREF Pin=R263-2
Removed Pin From Net: NetName=SOL_1_VREF Pin=R264-1
Removed Pin From Net: NetName=5V_MCU Pin=R266-1
Removed Pin From Net: NetName=SOL_1_VREF Pin=R266-2
Removed Pin From Net: NetName=SOL_1_VREF Pin=R267-1
Removed Pin From Net: NetName=GND Pin=R268-2
Removed Pin From Net: NetName=LASER_ADC_2 Pin=R278-2
Removed Pin From Net: NetName=PE00 Pin=R279-2
Removed Pin From Net: NetName=MCU_SOL_2_IN2 Pin=R283-1
Removed Pin From Net: NetName=PE05 Pin=R283-2
Removed Pin From Net: NetName=3.3V_MCU Pin=R289-1
Removed Pin From Net: NetName=3.3V_MCU Pin=R290-1
Removed Pin From Net: NetName=GND Pin=R478-1
Removed Pin From Net: NetName=GND Pin=R479-1
Removed Pin From Net: NetName=GND Pin=R480-1
Removed Pin From Net: NetName=GND Pin=R481-1
Removed Pin From Net: NetName=3.3V_MCU Pin=R482-1
Removed Pin From Net: NetName=3.3V_MCU Pin=R483-1
Removed Pin From Net: NetName=3.3V_MCU Pin=R484-1
Removed Pin From Net: NetName=GND Pin=R493-1
Removed Pin From Net: NetName=GND Pin=R494-1
Removed Pin From Net: NetName=GND Pin=R495-1
Removed Pin From Net: NetName=GND Pin=R496-1
Removed Pin From Net: NetName=GND Pin=R501-1
Removed Pin From Net: NetName=GND Pin=R502-1
Removed Pin From Net: NetName=GND Pin=R503-1
Removed Pin From Net: NetName=GND Pin=R504-1
Removed Pin From Net: NetName=SOM_CONSOLE_TX Pin=R516-1
Removed Pin From Net: NetName=SOM_CONSOLE_RX Pin=R518-1
Removed Pin From Net: NetName=USBC_P Pin=U4-2
Removed Pin From Net: NetName=USBC_N Pin=U4-3
Removed Pin From Net: NetName=MCU_HD4_I2C2_SCL Pin=U17-2
Removed Pin From Net: NetName=MCU_HD4_I2C2_SDA Pin=U17-3
Removed Pin From Net: NetName=MCU_SOL_4_IN2 Pin=U26-2
Removed Pin From Net: NetName=MCU_SOL_4_IN1 Pin=U26-3
Removed Pin From Net: NetName=SOL_1_VREF Pin=U26-4
Removed Pin From Net: NetName=SOL_4_OUT1 Pin=U26-6
Removed Pin From Net: NetName=SOL_4_OUT2 Pin=U26-8
Removed Pin From Net: NetName=MCU_SOL_3_IN2 Pin=U27-2
Removed Pin From Net: NetName=MCU_SOL_3_IN1 Pin=U27-3
Removed Pin From Net: NetName=SOL_1_VREF Pin=U27-4
Removed Pin From Net: NetName=SOL_3_OUT1 Pin=U27-6
Removed Pin From Net: NetName=NetR265_1 Pin=U27-7
Removed Pin From Net: NetName=SOL_3_OUT2 Pin=U27-8
Removed Pin From Net: NetName=MCU_SOL_2_IN2 Pin=U28-2
Removed Pin From Net: NetName=MCU_SOL_2_IN1 Pin=U28-3
Removed Pin From Net: NetName=SOL_1_VREF Pin=U28-4
Removed Pin From Net: NetName=SOL_2_OUT1 Pin=U28-6
Removed Pin From Net: NetName=SOL_2_OUT2 Pin=U28-8
Removed Pin From Net: NetName=3.3V_MCU Pin=U47-2
Removed Pin From Net: NetName=SOLENOID_CTR_1 Pin=U47-4
Removed Pin From Net: NetName=SOLENOID_CTR_2 Pin=U47-5
Removed Pin From Net: NetName=SOLENOID_CTR_3 Pin=U47-6
Removed Pin From Net: NetName=SOLENOID_CTR_4 Pin=U47-7
Removed Pin From Net: NetName=GND Pin=U47-12
Removed Pin From Net: NetName=GND Pin=U47-21
Removed Pin From Net: NetName=MCU_HD4_I2C2_SCL Pin=U47-22
Removed Pin From Net: NetName=MCU_HD4_I2C2_SDA Pin=U47-23
Removed Pin From Net: NetName=3.3V_MCU Pin=U47-24
Removed Pin From Net: NetName=3.3V_MCU Pin=U48-1
Removed Pin From Net: NetName=MCU_I2C1_SCL Pin=U48-2
Removed Pin From Net: NetName=GND Pin=U48-3
Removed Pin From Net: NetName=MCU_I2C1_SDA Pin=U48-4
Removed Pin From Net: NetName=GND Pin=U48-8
Removed Pin From Net: NetName=3.3V_MCU Pin=U48-10
Removed Pin From Net: NetName=5V_HD4 Pin=U50-1
Removed Pin From Net: NetName=GND Pin=U50-5
Removed Pin From Net: NetName=GND Pin=U50-8
Removed Pin From Net: NetName=GND Pin=U55-2
Removed Pin From Net: NetName=GND Pin=U55-3
Removed Pin From Net: NetName=GND Pin=U55-4
Removed Pin From Net: NetName=GND Pin=U55-13
Removed Pin From Net: NetName=GND Pin=U55-14
Removed Pin From Net: NetName=GND Pin=U55-17
Removed Member From Class: ClassName=19_SOLEDNOID_2 Member=C160
Removed Member From Class: ClassName=19_SOLEDNOID_2 Member=C208
Removed Member From Class: ClassName=08_SAMA7G54-MPU Member=C271
Removed Member From Class: ClassName=19_SOLEDNOID_2 Member=D24
Removed Member From Class: ClassName=19_SOLEDNOID_2 Member=D25
Removed Member From Class: ClassName=19_SOLEDNOID_2 Member=D26
Removed Member From Class: ClassName=19_SOLEDNOID_2 Member=D27
Removed Member From Class: ClassName=19_SOLEDNOID_2 Member=D28
Removed Member From Class: ClassName=19_SOLEDNOID_2 Member=D29
Removed Member From Class: ClassName=19_SOLEDNOID_2 Member=D30
Removed Member From Class: ClassName=19_SOLEDNOID_2 Member=D31
Removed Member From Class: ClassName=19_SOLEDNOID_2 Member=D32
Removed Member From Class: ClassName=19_SOLEDNOID_2 Member=D33
Removed Member From Class: ClassName=19_SOLEDNOID_2 Member=D34
Removed Member From Class: ClassName=19_SOLEDNOID_2 Member=D35
Removed Member From Class: ClassName=19_SOLEDNOID_2 Member=DZ5
Removed Member From Class: ClassName=19_SOLEDNOID_2 Member=DZ6
Removed Member From Class: ClassName=19_SOLEDNOID_2 Member=DZ7
Removed Member From Class: ClassName=19_SOLEDNOID_2 Member=DZ8
Removed Member From Class: ClassName=19_SOLEDNOID_2 Member=DZ9
Removed Member From Class: ClassName=19_SOLEDNOID_2 Member=DZ10
Removed Member From Class: ClassName=19_SOLEDNOID_2 Member=DZ11
Removed Member From Class: ClassName=19_SOLEDNOID_2 Member=DZ12
Removed Member From Class: ClassName=19_SOLEDNOID_2 Member=DZ13
Removed Member From Class: ClassName=19_SOLEDNOID_2 Member=DZ14
Removed Member From Class: ClassName=19_SOLEDNOID_2 Member=DZ15
Removed Member From Class: ClassName=19_SOLEDNOID_2 Member=DZ16
Removed Member From Class: ClassName=19_SOLEDNOID_1 Member=J20
Removed Member From Class: ClassName=19_SOLEDNOID_2 Member=J30
Removed Member From Class: ClassName=19_SOLEDNOID_2 Member=J32
Removed Member From Class: ClassName=19_SOLEDNOID_2 Member=J33
Removed Member From Class: ClassName=19_SOLEDNOID_2 Member=Q15
Removed Member From Class: ClassName=19_SOLEDNOID_2 Member=Q16
Removed Member From Class: ClassName=19_SOLEDNOID_2 Member=Q17
Removed Member From Class: ClassName=19_SOLEDNOID_2 Member=Q18
Removed Member From Class: ClassName=19_SOLEDNOID_2 Member=Q19
Removed Member From Class: ClassName=19_SOLEDNOID_2 Member=Q20
Removed Member From Class: ClassName=19_SOLEDNOID_2 Member=Q21
Removed Member From Class: ClassName=19_SOLEDNOID_2 Member=Q22
Removed Member From Class: ClassName=19_SOLEDNOID_2 Member=Q23
Removed Member From Class: ClassName=19_SOLEDNOID_2 Member=Q24
Removed Member From Class: ClassName=19_SOLEDNOID_2 Member=Q25
Removed Member From Class: ClassName=19_SOLEDNOID_2 Member=Q26
Removed Member From Class: ClassName=11_MCU Member=R14
Removed Member From Class: ClassName=11_MCU Member=R15
Removed Member From Class: ClassName=11_MCU Member=R22
Removed Member From Class: ClassName=11_MCU Member=R40
Removed Member From Class: ClassName=11_MCU Member=R62
Removed Member From Class: ClassName=11_MCU Member=R96
Removed Member From Class: ClassName=11_MCU Member=R97
Removed Member From Class: ClassName=19_SOLEDNOID_2 Member=R201
Removed Member From Class: ClassName=19_SOLEDNOID_2 Member=R202
Removed Member From Class: ClassName=11_MCU Member=R279
Removed Member From Class: ClassName=11_MCU Member=R283
Removed Member From Class: ClassName=17_I2C_Sensor_OnBoard Member=R289
Removed Member From Class: ClassName=17_I2C_Sensor_OnBoard Member=R290
Removed Member From Class: ClassName=17_I2C_Sensor_OnBoard Member=R295
Removed Member From Class: ClassName=19_SOLEDNOID_2 Member=R474
Removed Member From Class: ClassName=19_SOLEDNOID_2 Member=R475
Removed Member From Class: ClassName=19_SOLEDNOID_2 Member=R476
Removed Member From Class: ClassName=19_SOLEDNOID_2 Member=R477
Removed Member From Class: ClassName=19_SOLEDNOID_2 Member=R478
Removed Member From Class: ClassName=19_SOLEDNOID_2 Member=R479
Removed Member From Class: ClassName=19_SOLEDNOID_2 Member=R480
Removed Member From Class: ClassName=19_SOLEDNOID_2 Member=R481
Removed Member From Class: ClassName=19_SOLEDNOID_2 Member=R482
Removed Member From Class: ClassName=19_SOLEDNOID_2 Member=R483
Removed Member From Class: ClassName=17_I2C_Sensor_OnBoard Member=R484
Removed Member From Class: ClassName=19_SOLEDNOID_2 Member=R488
Removed Member From Class: ClassName=19_SOLEDNOID_2 Member=R491
Removed Member From Class: ClassName=19_SOLEDNOID_2 Member=R492
Removed Member From Class: ClassName=19_SOLEDNOID_2 Member=R493
Removed Member From Class: ClassName=19_SOLEDNOID_2 Member=R494
Removed Member From Class: ClassName=19_SOLEDNOID_2 Member=R495
Removed Member From Class: ClassName=19_SOLEDNOID_2 Member=R496
Removed Member From Class: ClassName=19_SOLEDNOID_2 Member=R497
Removed Member From Class: ClassName=19_SOLEDNOID_2 Member=R498
Removed Member From Class: ClassName=19_SOLEDNOID_2 Member=R499
Removed Member From Class: ClassName=19_SOLEDNOID_2 Member=R500
Removed Member From Class: ClassName=19_SOLEDNOID_2 Member=R501
Removed Member From Class: ClassName=19_SOLEDNOID_2 Member=R502
Removed Member From Class: ClassName=19_SOLEDNOID_2 Member=R503
Removed Member From Class: ClassName=19_SOLEDNOID_2 Member=R504
Removed Member From Class: ClassName=19_SOLEDNOID_2 Member=R505
Removed Member From Class: ClassName=19_SOLEDNOID_2 Member=R506
Removed Member From Class: ClassName=19_SOLEDNOID_2 Member=R507
Removed Member From Class: ClassName=19_SOLEDNOID_2 Member=R508
Removed Member From Class: ClassName=19_SOLEDNOID_2 Member=R509
Removed Member From Class: ClassName=19_SOLEDNOID_2 Member=R544
Removed Member From Class: ClassName=19_SOLEDNOID_2 Member=R545
Removed Member From Class: ClassName=19_SOLEDNOID_2 Member=R546
Removed Member From Class: ClassName=19_SOLEDNOID_2 Member=R547
Removed Member From Class: ClassName=19_SOLEDNOID_2 Member=R548
Removed Member From Class: ClassName=19_SOLEDNOID_2 Member=R549
Removed Member From Class: ClassName=19_SOLEDNOID_2 Member=U47
Removed Member From Class: ClassName=17_I2C_Sensor_OnBoard Member=U48
Change Footprint: Cannot match pads with new footprint in component :TP1 Footprint:TP_1mm_SMD
Change Footprint: Cannot match pads with new footprint in component :TP2 Footprint:TP_1mm_SMD
Change Footprint: Cannot match pads with new footprint in component :TP5 Footprint:TP_1mm_SMD
Change Footprint: Cannot match pads with new footprint in component :TP17 Footprint:TP_1mm_SMD
Change Footprint: Cannot match pads with new footprint in component :TP18 Footprint:TP_1mm_SMD
Change Component Footprint: Designator=U48 Old Footprint=10LGA_2X2X0P75_BOS New Footprint=SOIC127P602X173-8N_EPAD
Change Component Footprint: Designator=C271 Old Footprint=CAP_C_0603X30 New Footprint=CAP_C_1005X50_L
Change Component Footprint: Designator=C122 Old Footprint=CAP_C_1005X50_L New Footprint=CAP_C_1005X60
Change Component Footprint: Designator=J31 Old Footprint=MOLEX_5040500291 New Footprint=MOLEX_5040500891
Change Component Footprint: Designator=J20 Old Footprint=MOLEX_5040500891 New Footprint=MOLEX_5040501191
Change Component Footprint: Designator=U50 Old Footprint=MPD-200A New Footprint=SOIC127P602X173-8N_EPAD
Change Component Footprint: Designator=R14 Old Footprint=RES_C_0603X30 New Footprint=RES_C_1005x30_L
Change Component Footprint: Designator=R15 Old Footprint=RES_C_0603X30 New Footprint=RES_C_1005x30_L
Change Component Footprint: Designator=R22 Old Footprint=RES_C_0603X30 New Footprint=RES_C_1005x30_L
Change Component Footprint: Designator=R40 Old Footprint=RES_C_0603X30 New Footprint=RES_C_1005x30_L
Change Component Footprint: Designator=R279 Old Footprint=RES_C_0603X30 New Footprint=RES_C_1005x30_L
Change Component Footprint: Designator=R283 Old Footprint=RES_C_0603X30 New Footprint=RES_C_1005x30_L
Change Component Footprint: Designator=R290 Old Footprint=RES_C_0603X30 New Footprint=RES_C_1005x30_L
Change Component Footprint: Designator=R96 Old Footprint=RES_C_0603X30 New Footprint=RES_C_1005X40
Change Component Footprint: Designator=R97 Old Footprint=RES_C_0603X30 New Footprint=RES_C_1005X40
Change Component Footprint: Designator=R501 Old Footprint=RES_C_1005X30_L New Footprint=RES_C_0603X30
Change Component Footprint: Designator=R502 Old Footprint=RES_C_1005X30_L New Footprint=RES_C_0603X30
Change Component Footprint: Designator=R503 Old Footprint=RES_C_1005X30_L New Footprint=RES_C_0603X30
Change Component Footprint: Designator=R62 Old Footprint=RES_C_1005X30_L New Footprint=RES_C_1005X40
Change Component Footprint: Designator=R201 Old Footprint=RES_C_1005X30_L New Footprint=RES_C_1005X40
Change Component Footprint: Designator=R508 Old Footprint=RES_C_6331X65_N New Footprint=RES_C_0603X30
Change Component Footprint: Designator=R509 Old Footprint=RES_C_6331X65_N New Footprint=RES_C_0603X30
Change Component Footprint: Designator=R544 Old Footprint=RES_C_6331X65_N New Footprint=RES_C_0603X30
Change Component Footprint: Designator=R488 Old Footprint=RES_C_6331X65_N New Footprint=RES_C_1005x30_L
Change Component Footprint: Designator=R505 Old Footprint=RES_C_6331X65_N New Footprint=RES_C_1005X40
Change Component Footprint: Designator=R506 Old Footprint=RES_C_6331X65_N New Footprint=RES_C_1005X40
Change Component Footprint: Designator=R507 Old Footprint=RES_C_6331X65_N New Footprint=RES_C_1005X40
Change Component Footprint: Designator=R545 Old Footprint=RES_C_6331X65_N New Footprint=RES_C_1005X40
Change Component Footprint: Designator=R546 Old Footprint=RES_C_6331X65_N New Footprint=RES_C_1005X40
Change Component Footprint: Designator=R547 Old Footprint=RES_C_6331X65_N New Footprint=RES_C_1005X40
Change Component Footprint: Designator=R548 Old Footprint=RES_C_6331X65_N New Footprint=RES_C_1005X40
Change Component Footprint: Designator=R549 Old Footprint=RES_C_6331X65_N New Footprint=RES_C_1005X40
Change Component Footprint: Designator=U47 Old Footprint=SOP65P440W-24N New Footprint=SOIC127P602X173-8N_EPAD
Change Component Comment : Designator=R202 Old Comment=4.7k New Comment=10k
Change Component Comment : Designator=R290 Old Comment=4.7k New Comment=10k
Change Component Comment : Designator=R295 Old Comment=4.7k New Comment=10k
Change Component Comment : Designator=R474 Old Comment=4.7k New Comment=10k
Change Component Comment : Designator=R475 Old Comment=4.7k New Comment=10k
Change Component Comment : Designator=R476 Old Comment=4.7k New Comment=10k
Change Component Comment : Designator=R477 Old Comment=4.7k New Comment=10k
Change Component Comment : Designator=R484 Old Comment=4.7k New Comment=10k
Change Component Comment : Designator=R491 Old Comment=4.7k New Comment=10k
Change Component Comment : Designator=R492 Old Comment=4.7k New Comment=10k
Change Component Comment : Designator=R201 Old Comment=4.7k New Comment=100R
Change Component Comment : Designator=R482 Old Comment=4.7k New Comment=DNP/10k
Change Component Comment : Designator=R483 Old Comment=4.7k New Comment=DNP/10k
Change Component Comment : Designator=R497 Old Comment=4.7k New Comment=DNP/10k
Change Component Comment : Designator=R498 Old Comment=4.7k New Comment=DNP/10k
Change Component Comment : Designator=R499 Old Comment=4.7k New Comment=DNP/10k
Change Component Comment : Designator=R500 Old Comment=4.7k New Comment=DNP/10k
Change Component Comment : Designator=R504 Old Comment=10k New Comment=0R
Change Component Comment : Designator=R501 Old Comment=10k New Comment=4.7k
Change Component Comment : Designator=R502 Old Comment=10k New Comment=22R
Change Component Comment : Designator=R503 Old Comment=10k New Comment=22R
Change Component Comment : Designator=R266 Old Comment=10k New Comment=DNP/10k
Change Component Comment : Designator=R267 Old Comment=10k New Comment=DNP/10k
Change Component Comment : Designator=R480 Old Comment=10k New Comment=DNP/10k
Change Component Comment : Designator=R481 Old Comment=10k New Comment=DNP/10k
Change Component Comment : Designator=R488 Old Comment=20R/2W/5V or 10R/1W/3V New Comment=10k
Change Component Comment : Designator=R506 Old Comment=20R/2W/5V or 10R/1W/3V New Comment=10k
Change Component Comment : Designator=R545 Old Comment=20R/2W/5V or 10R/1W/3V New Comment=12k
Change Component Comment : Designator=R508 Old Comment=20R/2W/5V or 10R/1W/3V New Comment=22R
Change Component Comment : Designator=R509 Old Comment=20R/2W/5V or 10R/1W/3V New Comment=22R
Change Component Comment : Designator=R544 Old Comment=20R/2W/5V or 10R/1W/3V New Comment=22R
Change Component Comment : Designator=R546 Old Comment=20R/2W/5V or 10R/1W/3V New Comment=36k
Change Component Comment : Designator=R547 Old Comment=20R/2W/5V or 10R/1W/3V New Comment=36k
Change Component Comment : Designator=R548 Old Comment=20R/2W/5V or 10R/1W/3V New Comment=36k
Change Component Comment : Designator=R549 Old Comment=20R/2W/5V or 10R/1W/3V New Comment=36k
Change Component Comment : Designator=R505 Old Comment=20R/2W/5V or 10R/1W/3V New Comment=100R
Change Component Comment : Designator=R507 Old Comment=20R/2W/5V or 10R/1W/3V New Comment=100R
Change Component Comment : Designator=R62 Old Comment=22R New Comment=10k
Change Component Comment : Designator=R279 Old Comment=22R New Comment=10k
Change Component Comment : Designator=R283 Old Comment=22R New Comment=10k
Change Component Comment : Designator=R96 Old Comment=22R New Comment=20k
Change Component Comment : Designator=R97 Old Comment=22R New Comment=100k
Change Component Comment : Designator=R14 Old Comment=22R New Comment=DNP/0R
Change Component Comment : Designator=R15 Old Comment=22R New Comment=DNP/0R
Change Component Comment : Designator=J31 Old Comment=5040500291 New Comment=5040500891
Change Component Comment : Designator=J20 Old Comment=5040500891 New Comment=5040501191
Change Component Comment : Designator=U48 Old Comment=BMP390 New Comment=TB67H451AFNG,EL
Change Component Comment : Designator=R289 Old Comment=DNP/4.7k New Comment=10k
Change Component Comment : Designator=R303 Old Comment=DNP/10k New Comment=0R
Change Component Comment : Designator=R227 Old Comment=DNP/10k New Comment=10k
Change Component Comment : Designator=R228 Old Comment=DNP/10k New Comment=10k
Change Component Comment : Designator=R229 Old Comment=DNP/10k New Comment=10k
Change Component Comment : Designator=R230 Old Comment=DNP/10k New Comment=10k
Change Component Comment : Designator=R231 Old Comment=DNP/10k New Comment=10k
Change Component Comment : Designator=R232 Old Comment=DNP/10k New Comment=10k
Change Component Comment : Designator=R262 Old Comment=DNP/10k New Comment=10k
Change Component Comment : Designator=R268 Old Comment=DNP/10k New Comment=10k
Change Component Comment : Designator=U50 Old Comment=MPD-200A New Comment=TB67H451AFNG,EL
Change Component Comment : Designator=U47 Old Comment=TCA6416APWR New Comment=TB67H451AFNG,EL
Change component parameters: Designator = "U48" ("U48"); Footprint = "10LGA_2X2X0P75_BOS"; UniqueID = "\CYIDPFJY" ("\CYIDPFJY")
Added Component: Designator=C205(CAP_C_1005X50_L)
Added Component: Designator=C207(CAP_C_1005X50_L)
Added Component: Designator=C214(CAP_C_1005X50_L)
Added Component: Designator=C216(CAP_C_1005X50_L)
Added Component: Designator=C229(CAP_C_1005X50_L)
Added Component: Designator=C230(CAP_C_1005X50_L)
Added Component: Designator=C231(CAP_C_1005X50_L)
Added Component: Designator=C351(CAP_C_1005X50_L)
Added Component: Designator=C352(CAP_C_1005X50_L)
Added Component: Designator=C353(CAP_C_1005X50_L)
Added Component: Designator=C354(CAP_C_1005X60)
Added Component: Designator=C355(CAP_C_1005X50_L)
Added Component: Designator=C356(CAP_C_1005X60)
Added Component: Designator=C357(CAP_C_1608X80)
Added Component: Designator=C358(CAP_C_1005X60)
Added Component: Designator=C359(CAP_C_1005X60)
Added Component: Designator=C360(CAP_C_1005X60)
Added Component: Designator=C361(CAP_C_1005X60)
Added Component: Designator=C362(CAP_C_1005X60)
Added Component: Designator=C363(CAP_C_1005X60)
Added Component: Designator=C364(CAP_C_1005X60)
Added Component: Designator=C365(CAP_C_1005X60)
Added Component: Designator=C366(CAP_C_1005X60)
Added Component: Designator=C367(CAP_C_1005X50_L)
Added Component: Designator=C368(CAP_C_1005X50_L)
Added Component: Designator=C369(CAP_C_1005X50_L)
Added Component: Designator=C370(CAP_C_1005X50_L)
Added Component: Designator=H1(HEX-M3_NoVia)
Added Component: Designator=H2(HEX-M3_NoVia)
Added Component: Designator=JP12(TESTPOINT_SHORT_120X100_60)
Added Component: Designator=JP13(TESTPOINT_SHORT_120X100_60)
Added Component: Designator=JP14(TESTPOINT_SHORT_120X100_60)
Added Component: Designator=JP15(TESTPOINT_SHORT_120X100_60)
Added Component: Designator=JP16(TESTPOINT_SHORT_120X100_60)
Added Component: Designator=R316(RES_C_1005x30_L)
Added Component: Designator=R318(RES_C_1005x30_L)
Added Component: Designator=R319(RES_C_1005x30_L)
Added Component: Designator=R320(RES_C_1005x30_L)
Added Component: Designator=R343(RES_C_1005x30_L)
Added Component: Designator=R345(RES_C_1005x30_L)
Added Component: Designator=R393(RES_C_1005x30_L)
Added Component: Designator=R394(RES_C_1005x30_L)
Added Component: Designator=R564(RES_C_1005X40)
Added Component: Designator=R565(RES_C_1005X40)
Added Component: Designator=R566(RES_C_1005X40)
Added Component: Designator=R567(RES_C_1005X40)
Added Component: Designator=R568(RES_C_1005x30_L)
Added Component: Designator=R569(RES_C_1005x30_L)
Added Component: Designator=R570(RES_C_1005x30_L)
Added Component: Designator=R571(RES_C_1005x30_L)
Added Component: Designator=R572(RES_C_1005x30_L)
Added Component: Designator=R573(RES_C_1005x30_L)
Added Component: Designator=R574(RES_C_1005x30_L)
Added Component: Designator=R575(RES_C_1005x30_L)
Added Component: Designator=R576(RES_C_1005x30_L)
Added Component: Designator=TP6(Testpoint_50)
Add component (AddParameter): Name = "Category"; Value = ""; VariantName = "[No Variations]"
Add component (AddParameter): Name = "CompanyID"; Value = ""; VariantName = "[No Variations]"
Add component (AddParameter): Name = "MFR"; Value = ""; VariantName = "[No Variations]"
Add component (AddParameter): Name = "MFR_URL"; Value = ""; VariantName = "[No Variations]"
Add component (AddParameter): Name = "MPN"; Value = ""; VariantName = "[No Variations]"
Add component (AddParameter): Name = "PinCount"; Value = ""; VariantName = "[No Variations]"
Add component (AddParameter): Name = "Solder"; Value = "NF"; VariantName = "[No Variations]"
Add component (AddParameter): Name = "Value"; Value = ""; VariantName = "[No Variations]"
Added Component: Designator=TP7(Testpoint_50)
Add component (AddParameter): Name = "Category"; Value = ""; VariantName = "[No Variations]"
Add component (AddParameter): Name = "CompanyID"; Value = ""; VariantName = "[No Variations]"
Add component (AddParameter): Name = "MFR"; Value = ""; VariantName = "[No Variations]"
Add component (AddParameter): Name = "MFR_URL"; Value = ""; VariantName = "[No Variations]"
Add component (AddParameter): Name = "MPN"; Value = ""; VariantName = "[No Variations]"
Add component (AddParameter): Name = "PinCount"; Value = ""; VariantName = "[No Variations]"
Add component (AddParameter): Name = "Solder"; Value = "NF"; VariantName = "[No Variations]"
Add component (AddParameter): Name = "Value"; Value = ""; VariantName = "[No Variations]"
Added Component: Designator=TP8(Testpoint_50)
Add component (AddParameter): Name = "Category"; Value = ""; VariantName = "[No Variations]"
Add component (AddParameter): Name = "CompanyID"; Value = ""; VariantName = "[No Variations]"
Add component (AddParameter): Name = "MFR"; Value = ""; VariantName = "[No Variations]"
Add component (AddParameter): Name = "MFR_URL"; Value = ""; VariantName = "[No Variations]"
Add component (AddParameter): Name = "MPN"; Value = ""; VariantName = "[No Variations]"
Add component (AddParameter): Name = "PinCount"; Value = ""; VariantName = "[No Variations]"
Add component (AddParameter): Name = "Solder"; Value = "NF"; VariantName = "[No Variations]"
Add component (AddParameter): Name = "Value"; Value = ""; VariantName = "[No Variations]"
Added Component: Designator=TP9(Testpoint_50)
Add component (AddParameter): Name = "Category"; Value = ""; VariantName = "[No Variations]"
Add component (AddParameter): Name = "CompanyID"; Value = ""; VariantName = "[No Variations]"
Add component (AddParameter): Name = "MFR"; Value = ""; VariantName = "[No Variations]"
Add component (AddParameter): Name = "MFR_URL"; Value = ""; VariantName = "[No Variations]"
Add component (AddParameter): Name = "MPN"; Value = ""; VariantName = "[No Variations]"
Add component (AddParameter): Name = "PinCount"; Value = ""; VariantName = "[No Variations]"
Add component (AddParameter): Name = "Solder"; Value = "NF"; VariantName = "[No Variations]"
Add component (AddParameter): Name = "Value"; Value = ""; VariantName = "[No Variations]"
Added Component: Designator=TP10(Testpoint_50)
Add component (AddParameter): Name = "Category"; Value = ""; VariantName = "[No Variations]"
Add component (AddParameter): Name = "CompanyID"; Value = ""; VariantName = "[No Variations]"
Add component (AddParameter): Name = "MFR"; Value = ""; VariantName = "[No Variations]"
Add component (AddParameter): Name = "MFR_URL"; Value = ""; VariantName = "[No Variations]"
Add component (AddParameter): Name = "MPN"; Value = ""; VariantName = "[No Variations]"
Add component (AddParameter): Name = "PinCount"; Value = ""; VariantName = "[No Variations]"
Add component (AddParameter): Name = "Solder"; Value = "NF"; VariantName = "[No Variations]"
Add component (AddParameter): Name = "Value"; Value = ""; VariantName = "[No Variations]"
Added Component: Designator=TP11(Testpoint_50)
Add component (AddParameter): Name = "Category"; Value = ""; VariantName = "[No Variations]"
Add component (AddParameter): Name = "CompanyID"; Value = ""; VariantName = "[No Variations]"
Add component (AddParameter): Name = "MFR"; Value = ""; VariantName = "[No Variations]"
Add component (AddParameter): Name = "MFR_URL"; Value = ""; VariantName = "[No Variations]"
Add component (AddParameter): Name = "MPN"; Value = ""; VariantName = "[No Variations]"
Add component (AddParameter): Name = "PinCount"; Value = ""; VariantName = "[No Variations]"
Add component (AddParameter): Name = "Solder"; Value = "NF"; VariantName = "[No Variations]"
Add component (AddParameter): Name = "Value"; Value = ""; VariantName = "[No Variations]"
Added Component: Designator=TP12(Testpoint_50)
Add component (AddParameter): Name = "Category"; Value = ""; VariantName = "[No Variations]"
Add component (AddParameter): Name = "CompanyID"; Value = ""; VariantName = "[No Variations]"
Add component (AddParameter): Name = "MFR"; Value = ""; VariantName = "[No Variations]"
Add component (AddParameter): Name = "MFR_URL"; Value = ""; VariantName = "[No Variations]"
Add component (AddParameter): Name = "MPN"; Value = ""; VariantName = "[No Variations]"
Add component (AddParameter): Name = "PinCount"; Value = ""; VariantName = "[No Variations]"
Add component (AddParameter): Name = "Solder"; Value = "NF"; VariantName = "[No Variations]"
Add component (AddParameter): Name = "Value"; Value = ""; VariantName = "[No Variations]"
Added Component: Designator=TP13(Testpoint_50)
Add component (AddParameter): Name = "Category"; Value = ""; VariantName = "[No Variations]"
Add component (AddParameter): Name = "CompanyID"; Value = ""; VariantName = "[No Variations]"
Add component (AddParameter): Name = "MFR"; Value = ""; VariantName = "[No Variations]"
Add component (AddParameter): Name = "MFR_URL"; Value = ""; VariantName = "[No Variations]"
Add component (AddParameter): Name = "MPN"; Value = ""; VariantName = "[No Variations]"
Add component (AddParameter): Name = "PinCount"; Value = ""; VariantName = "[No Variations]"
Add component (AddParameter): Name = "Solder"; Value = "NF"; VariantName = "[No Variations]"
Add component (AddParameter): Name = "Value"; Value = ""; VariantName = "[No Variations]"
Added Component: Designator=TP14(Testpoint_50)
Add component (AddParameter): Name = "Category"; Value = ""; VariantName = "[No Variations]"
Add component (AddParameter): Name = "CompanyID"; Value = ""; VariantName = "[No Variations]"
Add component (AddParameter): Name = "MFR"; Value = ""; VariantName = "[No Variations]"
Add component (AddParameter): Name = "MFR_URL"; Value = ""; VariantName = "[No Variations]"
Add component (AddParameter): Name = "MPN"; Value = ""; VariantName = "[No Variations]"
Add component (AddParameter): Name = "PinCount"; Value = ""; VariantName = "[No Variations]"
Add component (AddParameter): Name = "Solder"; Value = "NF"; VariantName = "[No Variations]"
Add component (AddParameter): Name = "Value"; Value = ""; VariantName = "[No Variations]"
Added Component: Designator=TP16(Testpoint_50)
Add component (AddParameter): Name = "Category"; Value = ""; VariantName = "[No Variations]"
Add component (AddParameter): Name = "CompanyID"; Value = ""; VariantName = "[No Variations]"
Add component (AddParameter): Name = "MFR"; Value = ""; VariantName = "[No Variations]"
Add component (AddParameter): Name = "MFR_URL"; Value = ""; VariantName = "[No Variations]"
Add component (AddParameter): Name = "MPN"; Value = ""; VariantName = "[No Variations]"
Add component (AddParameter): Name = "PinCount"; Value = ""; VariantName = "[No Variations]"
Add component (AddParameter): Name = "Solder"; Value = "NF"; VariantName = "[No Variations]"
Add component (AddParameter): Name = "Value"; Value = ""; VariantName = "[No Variations]"
Added Component: Designator=TP19(TP_1mm_SMD)
Add component (AddParameter): Name = "Category"; Value = ""; VariantName = "[No Variations]"
Add component (AddParameter): Name = "CompanyID"; Value = ""; VariantName = "[No Variations]"
Add component (AddParameter): Name = "MFR"; Value = ""; VariantName = "[No Variations]"
Add component (AddParameter): Name = "MFR_URL"; Value = ""; VariantName = "[No Variations]"
Add component (AddParameter): Name = "MPN"; Value = ""; VariantName = "[No Variations]"
Add component (AddParameter): Name = "PinCount"; Value = ""; VariantName = "[No Variations]"
Add component (AddParameter): Name = "Solder"; Value = "NF"; VariantName = "[No Variations]"
Add component (AddParameter): Name = "Value"; Value = ""; VariantName = "[No Variations]"
Added Component: Designator=TP20(TP_1mm_SMD)
Add component (AddParameter): Name = "Category"; Value = ""; VariantName = "[No Variations]"
Add component (AddParameter): Name = "CompanyID"; Value = ""; VariantName = "[No Variations]"
Add component (AddParameter): Name = "MFR"; Value = ""; VariantName = "[No Variations]"
Add component (AddParameter): Name = "MFR_URL"; Value = ""; VariantName = "[No Variations]"
Add component (AddParameter): Name = "MPN"; Value = ""; VariantName = "[No Variations]"
Add component (AddParameter): Name = "PinCount"; Value = ""; VariantName = "[No Variations]"
Add component (AddParameter): Name = "Solder"; Value = "NF"; VariantName = "[No Variations]"
Add component (AddParameter): Name = "Value"; Value = ""; VariantName = "[No Variations]"
Added Component: Designator=TP21(TP_1mm_SMD)
Add component (AddParameter): Name = "Category"; Value = ""; VariantName = "[No Variations]"
Add component (AddParameter): Name = "CompanyID"; Value = ""; VariantName = "[No Variations]"
Add component (AddParameter): Name = "MFR"; Value = ""; VariantName = "[No Variations]"
Add component (AddParameter): Name = "MFR_URL"; Value = ""; VariantName = "[No Variations]"
Add component (AddParameter): Name = "MPN"; Value = ""; VariantName = "[No Variations]"
Add component (AddParameter): Name = "PinCount"; Value = ""; VariantName = "[No Variations]"
Add component (AddParameter): Name = "Solder"; Value = "NF"; VariantName = "[No Variations]"
Add component (AddParameter): Name = "Value"; Value = ""; VariantName = "[No Variations]"
Added Component: Designator=TP22(TP_1mm_SMD)
Add component (AddParameter): Name = "Category"; Value = ""; VariantName = "[No Variations]"
Add component (AddParameter): Name = "CompanyID"; Value = ""; VariantName = "[No Variations]"
Add component (AddParameter): Name = "MFR"; Value = ""; VariantName = "[No Variations]"
Add component (AddParameter): Name = "MFR_URL"; Value = ""; VariantName = "[No Variations]"
Add component (AddParameter): Name = "MPN"; Value = ""; VariantName = "[No Variations]"
Add component (AddParameter): Name = "PinCount"; Value = ""; VariantName = "[No Variations]"
Add component (AddParameter): Name = "Solder"; Value = "NF"; VariantName = "[No Variations]"
Add component (AddParameter): Name = "Value"; Value = ""; VariantName = "[No Variations]"
Added Component: Designator=TP23(TP_1mm_SMD)
Add component (AddParameter): Name = "Category"; Value = ""; VariantName = "[No Variations]"
Add component (AddParameter): Name = "CompanyID"; Value = ""; VariantName = "[No Variations]"
Add component (AddParameter): Name = "MFR"; Value = ""; VariantName = "[No Variations]"
Add component (AddParameter): Name = "MFR_URL"; Value = ""; VariantName = "[No Variations]"
Add component (AddParameter): Name = "MPN"; Value = ""; VariantName = "[No Variations]"
Add component (AddParameter): Name = "PinCount"; Value = ""; VariantName = "[No Variations]"
Add component (AddParameter): Name = "Solder"; Value = "NF"; VariantName = "[No Variations]"
Add component (AddParameter): Name = "Value"; Value = ""; VariantName = "[No Variations]"
Added Component: Designator=TP24(TP_1mm_SMD)
Add component (AddParameter): Name = "Category"; Value = ""; VariantName = "[No Variations]"
Add component (AddParameter): Name = "CompanyID"; Value = ""; VariantName = "[No Variations]"
Add component (AddParameter): Name = "MFR"; Value = ""; VariantName = "[No Variations]"
Add component (AddParameter): Name = "MFR_URL"; Value = ""; VariantName = "[No Variations]"
Add component (AddParameter): Name = "MPN"; Value = ""; VariantName = "[No Variations]"
Add component (AddParameter): Name = "PinCount"; Value = ""; VariantName = "[No Variations]"
Add component (AddParameter): Name = "Solder"; Value = "NF"; VariantName = "[No Variations]"
Add component (AddParameter): Name = "Value"; Value = ""; VariantName = "[No Variations]"
Added Component: Designator=TP25(TP_1mm_SMD)
Add component (AddParameter): Name = "Category"; Value = ""; VariantName = "[No Variations]"
Add component (AddParameter): Name = "CompanyID"; Value = ""; VariantName = "[No Variations]"
Add component (AddParameter): Name = "MFR"; Value = ""; VariantName = "[No Variations]"
Add component (AddParameter): Name = "MFR_URL"; Value = ""; VariantName = "[No Variations]"
Add component (AddParameter): Name = "MPN"; Value = ""; VariantName = "[No Variations]"
Add component (AddParameter): Name = "PinCount"; Value = ""; VariantName = "[No Variations]"
Add component (AddParameter): Name = "Solder"; Value = "NF"; VariantName = "[No Variations]"
Add component (AddParameter): Name = "Value"; Value = ""; VariantName = "[No Variations]"
Added Component: Designator=TP26(TP_1mm_SMD)
Add component (AddParameter): Name = "Category"; Value = ""; VariantName = "[No Variations]"
Add component (AddParameter): Name = "CompanyID"; Value = ""; VariantName = "[No Variations]"
Add component (AddParameter): Name = "MFR"; Value = ""; VariantName = "[No Variations]"
Add component (AddParameter): Name = "MFR_URL"; Value = ""; VariantName = "[No Variations]"
Add component (AddParameter): Name = "MPN"; Value = ""; VariantName = "[No Variations]"
Add component (AddParameter): Name = "PinCount"; Value = ""; VariantName = "[No Variations]"
Add component (AddParameter): Name = "Solder"; Value = "NF"; VariantName = "[No Variations]"
Add component (AddParameter): Name = "Value"; Value = ""; VariantName = "[No Variations]"
Added Component: Designator=TP27(TP_1mm_SMD)
Add component (AddParameter): Name = "Category"; Value = ""; VariantName = "[No Variations]"
Add component (AddParameter): Name = "CompanyID"; Value = ""; VariantName = "[No Variations]"
Add component (AddParameter): Name = "MFR"; Value = ""; VariantName = "[No Variations]"
Add component (AddParameter): Name = "MFR_URL"; Value = ""; VariantName = "[No Variations]"
Add component (AddParameter): Name = "MPN"; Value = ""; VariantName = "[No Variations]"
Add component (AddParameter): Name = "PinCount"; Value = ""; VariantName = "[No Variations]"
Add component (AddParameter): Name = "Solder"; Value = "NF"; VariantName = "[No Variations]"
Add component (AddParameter): Name = "Value"; Value = ""; VariantName = "[No Variations]"
Added Component: Designator=TP28(TP_1mm_SMD)
Add component (AddParameter): Name = "Category"; Value = ""; VariantName = "[No Variations]"
Add component (AddParameter): Name = "CompanyID"; Value = ""; VariantName = "[No Variations]"
Add component (AddParameter): Name = "MFR"; Value = ""; VariantName = "[No Variations]"
Add component (AddParameter): Name = "MFR_URL"; Value = ""; VariantName = "[No Variations]"
Add component (AddParameter): Name = "MPN"; Value = ""; VariantName = "[No Variations]"
Add component (AddParameter): Name = "PinCount"; Value = ""; VariantName = "[No Variations]"
Add component (AddParameter): Name = "Solder"; Value = "NF"; VariantName = "[No Variations]"
Add component (AddParameter): Name = "Value"; Value = ""; VariantName = "[No Variations]"
Added Component: Designator=U58(SOIC127P602X173-8N_EPAD)
Added Component: Designator=U59(SOIC127P602X173-8N_EPAD)
Added Component: Designator=U60(SOIC127P602X173-8N_EPAD)
Added Component: Designator=U61(SOIC127P602X173-8N_EPAD)
Added Component: Designator=U62(SOIC127P602X173-8N_EPAD)
Added Component: Designator=U63(SOIC127P602X173-8N_EPAD)
Added Component: Designator=U64(SOIC127P602X173-8N_EPAD)
Added Component: Designator=U65(SOIC127P602X173-8N_EPAD)
Added Component: Designator=U66(SOIC127P602X173-8N_EPAD)
Add component: Footprint Not Found IC_BME688
Added Component: Designator=U68(QFN36_6X6MC_MCH)
Add component (AddParameter): Name = "Copyright"; Value = "Copyright (C) 2026 Ultra Librarian. All rights reserved."; VariantName = "[No Variations]"
Add component (AddParameter): Name = "Manufacturer_Name"; Value = "Microchip"; VariantName = "[No Variations]"
Add component (AddParameter): Name = "Manufacturer_Part_Number"; Value = "USB2512BI-AEZG"; VariantName = "[No Variations]"
Add component (AddParameter): Name = "RefDes"; Value = "RefDes"; VariantName = "[No Variations]"
Add component (AddParameter): Name = "Type"; Value = "Type"; VariantName = "[No Variations]"
Add component: Footprint Not Found SOP65P440W-24N
Add component: Footprint Not Found SOP65P440W-24N
Added Component: Designator=Y6(CRYSTAL_ABM8G)
Add component (AddParameter): Name = "Category"; Value = "Crystal/Oscillator"; VariantName = "[No Variations]"
Add component (AddParameter): Name = "ComponentLink1Description"; Value = "SVN Datasheet"; VariantName = "[No Variations]"
Add component (AddParameter): Name = "ComponentLink1URL"; Value = "https://chn-vm-apps.microchip.com/mchprepo/parts/Datasheets/ABM8G.pdf"; VariantName = "[No Variations]"
Add component (AddParameter): Name = "ComponentLink2Description"; Value = "Local Datasheet"; VariantName = "[No Variations]"
Add component (AddParameter): Name = "ComponentLink2URL"; Value = "C:\ALTIUM_WORK\00001_MCHP-CDB\Datasheets\ABM8G.pdf"; VariantName = "[No Variations]"
Add component (AddParameter): Name = "ComponentLink3Description"; Value = "Open Symbol"; VariantName = "[No Variations]"
Add component (AddParameter): Name = "ComponentLink3URL"; Value = "C:\ALTIUM_WORK\00001_MCHP-CDB\Library\LibraryRefs\Crystal 4 Pins.SchLib"; VariantName = "[No Variations]"
Add component (AddParameter): Name = "ComponentLink4Description"; Value = "Open Footprint"; VariantName = "[No Variations]"
Add component (AddParameter): Name = "ComponentLink4URL"; Value = "C:\ALTIUM_WORK\00001_MCHP-CDB\Library\Footprints\CRYSTAL_ABM8G.PcbLib"; VariantName = "[No Variations]"
Add component (AddParameter): Name = "ComponentLink5Description"; Value = "Open Footprint 2"; VariantName = "[No Variations]"
Add component (AddParameter): Name = "ComponentLink6Description"; Value = "Open Footprint 3"; VariantName = "[No Variations]"
Add component (AddParameter): Name = "ComponentLink7Description"; Value = "Open Footprint 4"; VariantName = "[No Variations]"
Add component (AddParameter): Name = "Description_"; Value = "CRYSTAL 24MHz 18pF SMD ABM8G"; VariantName = "[No Variations]"
Add component (AddParameter): Name = "Dev Tools Status"; Value = "Production"; VariantName = "[No Variations]"
Add component (AddParameter): Name = "Load Capacitance"; Value = "18pF"; VariantName = "[No Variations]"
Add component (AddParameter): Name = "Manufacturer 1"; Value = "Abracon Corporation"; VariantName = "[No Variations]"
Add component (AddParameter): Name = "Manufacturer Part Number 1"; Value = "ABM8G-24.000MHZ-18-D2Y-T"; VariantName = "[No Variations]"
Add component (AddParameter): Name = "MCHP-ID"; Value = "OSC1047"; VariantName = "[No Variations]"
Add component (AddParameter): Name = "Owner"; Value = "Mark Loper"; VariantName = "[No Variations]"
Add component (AddParameter): Name = "Package"; Value = "ABM8G"; VariantName = "[No Variations]"
Add component (AddParameter): Name = "Populated"; Value = "DNP"; VariantName = "[No Variations]"
Add component (AddParameter): Name = "Quantity Override"; Value = "1"; VariantName = "[No Variations]"
Add component (AddParameter): Name = "Revision"; Value = "1"; VariantName = "[No Variations]"
Add component (AddParameter): Name = "Status"; Value = "MCL Design"; VariantName = "[No Variations]"
Add component (AddParameter): Name = "Supplier 1"; Value = "Digi-Key"; VariantName = "[No Variations]"
Add component (AddParameter): Name = "Supplier Part Number 1"; Value = "535-10273-1-ND"; VariantName = "[No Variations]"
Add component (AddParameter): Name = "Symbol"; Value = "Crystal 4 Pins"; VariantName = "[No Variations]"
Add component (AddParameter): Name = "Type"; Value = "Crystal"; VariantName = "[No Variations]"
Add component (AddParameter): Name = "Value"; Value = "24MHz"; VariantName = "[No Variations]"
Added Pin To Net: NetName=3V/5V_Solenoid Pin=C160-2
Added Pin To Net: NetName=GND Pin=C205-1
Added Pin To Net: NetName=3V/5V_Solenoid Pin=C205-2
Added Pin To Net: NetName=GND Pin=C207-1
Added Pin To Net: NetName=3V/5V_Solenoid Pin=C207-2
Added Pin To Net: NetName=3V/5V_Solenoid Pin=C208-2
Added Pin To Net: NetName=GND Pin=C214-1
Added Pin To Net: NetName=3V/5V_Solenoid Pin=C214-2
Added Pin To Net: NetName=GND Pin=C216-1
Added Pin To Net: NetName=3V/5V_Solenoid Pin=C216-2
Added Pin To Net: NetName=GND Pin=C229-1
Added Pin To Net: NetName=3V/5V_Solenoid Pin=C229-2
Added Pin To Net: NetName=GND Pin=C230-1
Added Pin To Net: NetName=3V/5V_Solenoid Pin=C230-2
Added Pin To Net: NetName=GND Pin=C231-1
Added Pin To Net: NetName=3V/5V_Solenoid Pin=C231-2
Added Pin To Net: NetName=GND Pin=C271-1
Added Pin To Net: NetName=3V/5V_Solenoid Pin=C271-2
Added Pin To Net: NetName=GND Pin=C351-1
Added Pin To Net: NetName=3V/5V_Solenoid Pin=C351-2
Added Pin To Net: NetName=GND Pin=C352-1
Added Pin To Net: NetName=3V/5V_Solenoid Pin=C352-2
Added Pin To Net: NetName=VDDANA Pin=C353-1
Added Pin To Net: NetName=GND Pin=C353-2
Added Pin To Net: NetName=GND Pin=C354-1
Added Pin To Net: NetName=GND Pin=C355-2
Added Pin To Net: NetName=GND Pin=C356-1
Added Pin To Net: NetName=GND Pin=C357-2
Added Pin To Net: NetName=GND Pin=C358-1
Added Pin To Net: NetName=GND Pin=C359-1
Added Pin To Net: NetName=GND Pin=C360-1
Added Pin To Net: NetName=GND Pin=C361-1
Added Pin To Net: NetName=GND Pin=C362-1
Added Pin To Net: NetName=GND Pin=C363-1
Added Pin To Net: NetName=GND Pin=C364-1
Added Pin To Net: NetName=GND Pin=C365-2
Added Pin To Net: NetName=GND Pin=C366-2
Added Pin To Net: NetName=GND Pin=C367-1
Added Pin To Net: NetName=3.3V_MCU Pin=C367-2
Added Pin To Net: NetName=GND Pin=C368-1
Added Pin To Net: NetName=3.3V_MCU Pin=C368-2
Added Pin To Net: NetName=GND Pin=C369-1
Added Pin To Net: NetName=3.3V_MCU Pin=C369-2
Added Pin To Net: NetName=GND Pin=C370-1
Added Pin To Net: NetName=3.3V_MCU Pin=C370-2
Added Pin To Net: NetName=GND Pin=H1-1
Added Pin To Net: NetName=GND Pin=H2-1
Added Pin To Net: NetName=GND Pin=J20-3
Added Pin To Net: NetName=CAN_L Pin=J20-4
Added Pin To Net: NetName=CAN_H Pin=J20-5
Added Pin To Net: NetName=GND Pin=J20-6
Added Pin To Net: NetName=GND Pin=J20-9
Added Pin To Net: NetName=SOM_CAM_I2C_SCL Pin=J24-8
Added Pin To Net: NetName=SOM_CAM_I2C_SDA Pin=J24-9
Added Pin To Net: NetName=SOL_1_OUT2 Pin=J30-1
Added Pin To Net: NetName=SOL_1_OUT1 Pin=J30-2
Added Pin To Net: NetName=SOL_2_OUT2 Pin=J30-3
Added Pin To Net: NetName=SOL_2_OUT1 Pin=J30-4
Added Pin To Net: NetName=SOL_3_OUT2 Pin=J30-5
Added Pin To Net: NetName=SOL_3_OUT1 Pin=J30-6
Added Pin To Net: NetName=SOL_4_OUT2 Pin=J30-7
Added Pin To Net: NetName=SOL_4_OUT1 Pin=J30-8
Added Pin To Net: NetName=GND Pin=JP12-2
Added Pin To Net: NetName=GND Pin=JP13-2
Added Pin To Net: NetName=GND Pin=JP14-2
Added Pin To Net: NetName=GND Pin=JP15-2
Added Pin To Net: NetName=GND Pin=JP16-2
Added Pin To Net: NetName=MCU_HD4_I2C2_SCL Pin=R22-1
Added Pin To Net: NetName=MCU_HD4_I2C2_SDA Pin=R40-1
Added Pin To Net: NetName=SOLENOID_CTR_1 Pin=R44-2
Added Pin To Net: NetName=SOLENOID_CTR_2 Pin=R46-2
Added Pin To Net: NetName=SOLENOID_CTR_3 Pin=R47-2
Added Pin To Net: NetName=SOLENOID_CTR_4 Pin=R48-2
Added Pin To Net: NetName=VUSB Pin=R62-2
Added Pin To Net: NetName=LASER_ADC_1 Pin=R73-1
Added Pin To Net: NetName=LASER_ADC_2 Pin=R77-1
Added Pin To Net: NetName=GND Pin=R96-2
Added Pin To Net: NetName=VDD_3V3 Pin=R97-2
Added Pin To Net: NetName=ADC_TEMP3 Pin=R108-2
Added Pin To Net: NetName=5V_MCU Pin=R202-1
Added Pin To Net: NetName=5V_MCU Pin=R261-1
Added Pin To Net: NetName=GND Pin=R263-2
Added Pin To Net: NetName=GND Pin=R266-2
Added Pin To Net: NetName=5V_MCU Pin=R268-1
Added Pin To Net: NetName=ADC_TEMP7 Pin=R278-2
Added Pin To Net: NetName=5V_MCU Pin=R279-1
Added Pin To Net: NetName=5V_MCU Pin=R283-1
Added Pin To Net: NetName=5V_MCU Pin=R289-1
Added Pin To Net: NetName=GND Pin=R290-2
Added Pin To Net: NetName=GND Pin=R316-2
Added Pin To Net: NetName=GND Pin=R318-2
Added Pin To Net: NetName=GND Pin=R319-2
Added Pin To Net: NetName=GND Pin=R320-2
Added Pin To Net: NetName=GND Pin=R343-2
Added Pin To Net: NetName=GND Pin=R345-2
Added Pin To Net: NetName=5V_MCU Pin=R393-1
Added Pin To Net: NetName=5V_MCU Pin=R394-1
Added Pin To Net: NetName=5V_MCU Pin=R474-1
Added Pin To Net: NetName=5V_MCU Pin=R475-1
Added Pin To Net: NetName=GND Pin=R476-2
Added Pin To Net: NetName=GND Pin=R477-2
Added Pin To Net: NetName=GND Pin=R478-2
Added Pin To Net: NetName=GND Pin=R479-2
Added Pin To Net: NetName=GND Pin=R480-2
Added Pin To Net: NetName=GND Pin=R481-2
Added Pin To Net: NetName=GND Pin=R482-2
Added Pin To Net: NetName=GND Pin=R483-2
Added Pin To Net: NetName=5V_MCU Pin=R484-1
Added Pin To Net: NetName=5V_MCU Pin=R488-1
Added Pin To Net: NetName=5V_MCU Pin=R491-1
Added Pin To Net: NetName=5V_MCU Pin=R492-1
Added Pin To Net: NetName=GND Pin=R493-2
Added Pin To Net: NetName=GND Pin=R494-2
Added Pin To Net: NetName=GND Pin=R495-2
Added Pin To Net: NetName=GND Pin=R496-2
Added Pin To Net: NetName=GND Pin=R497-2
Added Pin To Net: NetName=GND Pin=R498-2
Added Pin To Net: NetName=GND Pin=R499-2
Added Pin To Net: NetName=GND Pin=R500-2
Added Pin To Net: NetName=3.3V_MCU Pin=R501-1
Added Pin To Net: NetName=MCU_I2C1_SDA Pin=R502-2
Added Pin To Net: NetName=MCU_I2C1_SCL Pin=R503-1
Added Pin To Net: NetName=VDDBU Pin=R504-1
Added Pin To Net: NetName=VDDIN33 Pin=R504-2
Added Pin To Net: NetName=NetC300_2 Pin=R505-1
Added Pin To Net: NetName=VDD_3V3 Pin=R506-2
Added Pin To Net: NetName=SOM_CONSOLE_TX Pin=R525-1
Added Pin To Net: NetName=SOM_CONSOLE_RX Pin=R527-1
Added Pin To Net: NetName=GND Pin=R545-1
Added Pin To Net: NetName=GND Pin=R547-1
Added Pin To Net: NetName=GND Pin=R548-1
Added Pin To Net: NetName=GND Pin=R549-1
Added Pin To Net: NetName=GND Pin=R564-1
Added Pin To Net: NetName=MCU_HD4_I2C2_SDA Pin=R568-1
Added Pin To Net: NetName=MCU_HD4_I2C2_SCL Pin=R569-1
Added Pin To Net: NetName=3.3V_MCU Pin=R570-1
Added Pin To Net: NetName=3.3V_MCU Pin=R571-1
Added Pin To Net: NetName=MCU_HD4_I2C2_SDA Pin=R572-1
Added Pin To Net: NetName=MCU_HD4_I2C2_SCL Pin=R573-1
Added Pin To Net: NetName=3.3V_MCU Pin=R574-1
Added Pin To Net: NetName=3.3V_MCU Pin=R575-1
Added Pin To Net: NetName=3.3V_MCU Pin=R576-2
Add Pin To Net: Unknown Pin: Pin TP6-0
Add Pin To Net: Unknown Pin: Pin TP7-0
Add Pin To Net: Unknown Pin: Pin TP8-0
Add Pin To Net: Unknown Pin: Pin TP9-0
Add Pin To Net: Unknown Pin: Pin TP10-0
Add Pin To Net: Unknown Pin: Pin TP11-0
Add Pin To Net: Unknown Pin: Pin TP12-0
Add Pin To Net: Unknown Pin: Pin TP13-0
Add Pin To Net: Unknown Pin: Pin TP14-0
Add Pin To Net: Unknown Pin: Pin TP16-0
Add Pin To Net: Unknown Pin: Pin TP19-0
Add Pin To Net: Unknown Pin: Pin TP20-0
Add Pin To Net: Unknown Pin: Pin TP21-0
Add Pin To Net: Unknown Pin: Pin TP22-0
Add Pin To Net: Unknown Pin: Pin TP23-0
Add Pin To Net: Unknown Pin: Pin TP24-0
Add Pin To Net: Unknown Pin: Pin TP25-0
Add Pin To Net: Unknown Pin: Pin TP26-0
Add Pin To Net: Unknown Pin: Pin TP27-0
Add Pin To Net: Unknown Pin: Pin TP28-0
Added Pin To Net: NetName=NetR265_1 Pin=U26-7
Added Pin To Net: NetName=GND Pin=U47-1
Added Pin To Net: NetName=MCU_SOL_2_IN2 Pin=U47-2
Added Pin To Net: NetName=MCU_SOL_2_IN1 Pin=U47-3
Added Pin To Net: NetName=3V/5V_Solenoid Pin=U47-5
Added Pin To Net: NetName=SOL_2_OUT1 Pin=U47-6
Added Pin To Net: NetName=SOL_2_OUT2 Pin=U47-8
Added Pin To Net: NetName=GND Pin=U47-9
Added Pin To Net: NetName=GND Pin=U48-1
Added Pin To Net: NetName=3V/5V_Solenoid Pin=U48-5
Added Pin To Net: NetName=GND Pin=U50-1
Added Pin To Net: NetName=3V/5V_Solenoid Pin=U50-5
Added Pin To Net: NetName=GND Pin=U50-9
Added Pin To Net: NetName=GND Pin=U58-1
Added Pin To Net: NetName=3V/5V_Solenoid Pin=U58-5
Added Pin To Net: NetName=GND Pin=U58-9
Added Pin To Net: NetName=GND Pin=U59-1
Added Pin To Net: NetName=MCU_SOL_3_IN2 Pin=U59-2
Added Pin To Net: NetName=MCU_SOL_3_IN1 Pin=U59-3
Added Pin To Net: NetName=3V/5V_Solenoid Pin=U59-5
Added Pin To Net: NetName=SOL_3_OUT1 Pin=U59-6
Added Pin To Net: NetName=SOL_3_OUT2 Pin=U59-8
Added Pin To Net: NetName=GND Pin=U59-9
Added Pin To Net: NetName=GND Pin=U60-1
Added Pin To Net: NetName=3V/5V_Solenoid Pin=U60-5
Added Pin To Net: NetName=GND Pin=U60-9
Added Pin To Net: NetName=GND Pin=U61-1
Added Pin To Net: NetName=3V/5V_Solenoid Pin=U61-5
Added Pin To Net: NetName=GND Pin=U61-9
Added Pin To Net: NetName=GND Pin=U62-1
Added Pin To Net: NetName=3V/5V_Solenoid Pin=U62-5
Added Pin To Net: NetName=GND Pin=U62-9
Added Pin To Net: NetName=GND Pin=U63-1
Added Pin To Net: NetName=MCU_SOL_4_IN2 Pin=U63-2
Added Pin To Net: NetName=MCU_SOL_4_IN1 Pin=U63-3
Added Pin To Net: NetName=3V/5V_Solenoid Pin=U63-5
Added Pin To Net: NetName=SOL_4_OUT1 Pin=U63-6
Added Pin To Net: NetName=SOL_4_OUT2 Pin=U63-8
Added Pin To Net: NetName=GND Pin=U63-9
Added Pin To Net: NetName=GND Pin=U64-1
Added Pin To Net: NetName=3V/5V_Solenoid Pin=U64-5
Added Pin To Net: NetName=GND Pin=U64-9
Added Pin To Net: NetName=GND Pin=U65-1
Added Pin To Net: NetName=3V/5V_Solenoid Pin=U65-5
Added Pin To Net: NetName=GND Pin=U65-9
Added Pin To Net: NetName=GND Pin=U66-1
Added Pin To Net: NetName=3V/5V_Solenoid Pin=U66-5
Added Pin To Net: NetName=GND Pin=U66-9
Add Pin To Net: Unknown Pin: Pin U67-1
Add Pin To Net: Unknown Pin: Pin U67-5
Add Pin To Net: Unknown Pin: Pin U67-6
Add Pin To Net: Unknown Pin: Pin U67-7
Add Pin To Net: Unknown Pin: Pin U67-8
Added Pin To Net: NetName=USBC_N Pin=U68-30
Added Pin To Net: NetName=USBC_P Pin=U68-31
Added Pin To Net: NetName=GND Pin=U68-37
Add Pin To Net: Unknown Pin: Pin U69-2
Add Pin To Net: Unknown Pin: Pin U69-4
Add Pin To Net: Unknown Pin: Pin U69-5
Add Pin To Net: Unknown Pin: Pin U69-6
Add Pin To Net: Unknown Pin: Pin U69-7
Add Pin To Net: Unknown Pin: Pin U69-8
Add Pin To Net: Unknown Pin: Pin U69-9
Add Pin To Net: Unknown Pin: Pin U69-10
Add Pin To Net: Unknown Pin: Pin U69-11
Add Pin To Net: Unknown Pin: Pin U69-12
Add Pin To Net: Unknown Pin: Pin U69-21
Add Pin To Net: Unknown Pin: Pin U69-24
Add Pin To Net: Unknown Pin: Pin U70-2
Add Pin To Net: Unknown Pin: Pin U70-12
Add Pin To Net: Unknown Pin: Pin U70-24
Added Pin To Net: NetName=GND Pin=Y6-2
Added Pin To Net: NetName=GND Pin=Y6-4
Added Pin To Net: NetName=+3.3V Pin=C357-1
Added Pin To Net: NetName=+3.3V Pin=C358-2
Added Pin To Net: NetName=+3.3V Pin=C359-2
Added Pin To Net: NetName=+3.3V Pin=C360-2
Added Pin To Net: NetName=+3.3V Pin=C361-2
Added Pin To Net: NetName=+3.3V Pin=C362-2
Added Pin To Net: NetName=+3.3V Pin=C363-2
Added Pin To Net: NetName=+3.3V Pin=R546-1
Added Pin To Net: NetName=+3.3V Pin=U68-5
Added Pin To Net: NetName=+3.3V Pin=U68-10
Added Pin To Net: NetName=+3.3V Pin=U68-15
Added Pin To Net: NetName=+3.3V Pin=U68-23
Added Pin To Net: NetName=+3.3V Pin=U68-27
Added Pin To Net: NetName=+3.3V Pin=U68-29
Added Pin To Net: NetName=+3.3V Pin=U68-36
Added Net: Name=+3.3V
Added Pin To Net: NetName=_PA12 Pin=R508-2
Added Pin To Net: NetName=_PA12 Pin=U29-V14
Added Net: Name=_PA12
Added Pin To Net: NetName=_PA14 Pin=R509-2
Added Pin To Net: NetName=_PA14 Pin=U29-AA20
Added Net: Name=_PA14
Added Pin To Net: NetName=_PC17 Pin=R544-2
Added Pin To Net: NetName=_PC17 Pin=U29-D3
Added Net: Name=_PC17
Added Pin To Net: NetName=AI_UART_RX Pin=J20-11
Added Pin To Net: NetName=AI_UART_RX Pin=R566-2
Added Net: Name=AI_UART_RX
Added Pin To Net: NetName=AI_UART_TX Pin=J20-10
Added Pin To Net: NetName=AI_UART_TX Pin=R565-2
Added Net: Name=AI_UART_TX
Added Pin To Net: NetName=AI_USB_N Pin=J20-7
Added Pin To Net: NetName=AI_USB_N Pin=U68-1
Added Net: Name=AI_USB_N
Added Pin To Net: NetName=AI_USB_P Pin=J20-8
Added Pin To Net: NetName=AI_USB_P Pin=U68-2
Added Net: Name=AI_USB_P
Added Pin To Net: NetName=FLEXCOM2_RX Pin=R14-2
Added Pin To Net: NetName=FLEXCOM2_RX Pin=R518-1
Added Pin To Net: NetName=FLEXCOM2_RX Pin=R566-1
Added Net: Name=FLEXCOM2_RX
Added Pin To Net: NetName=FLEXCOM2_TX Pin=R15-2
Added Pin To Net: NetName=FLEXCOM2_TX Pin=R516-1
Added Pin To Net: NetName=FLEXCOM2_TX Pin=R565-1
Added Net: Name=FLEXCOM2_TX
Added Pin To Net: NetName=HUB_nRESET Pin=C364-2
Added Pin To Net: NetName=HUB_nRESET Pin=JP16-1
Added Pin To Net: NetName=HUB_nRESET Pin=R546-2
Added Pin To Net: NetName=HUB_nRESET Pin=U68-26
Added Net: Name=HUB_nRESET
Added Pin To Net: NetName=HUB_XIN Pin=C365-1
Added Pin To Net: NetName=HUB_XIN Pin=R567-1
Added Pin To Net: NetName=HUB_XIN Pin=U68-33
Added Pin To Net: NetName=HUB_XIN Pin=Y6-3
Added Net: Name=HUB_XIN
Added Pin To Net: NetName=HUB_XOUT Pin=C366-1
Added Pin To Net: NetName=HUB_XOUT Pin=R567-2
Added Pin To Net: NetName=HUB_XOUT Pin=U68-32
Added Pin To Net: NetName=HUB_XOUT Pin=Y6-1
Added Net: Name=HUB_XOUT
Added Pin To Net: NetName=MCU_SOL_5_IN1 Pin=U26-3
Added Net: Name=MCU_SOL_5_IN1
Added Pin To Net: NetName=MCU_SOL_5_IN2 Pin=U26-2
Added Net: Name=MCU_SOL_5_IN2
Added Pin To Net: NetName=MCU_SOL_6_IN1 Pin=U48-3
Added Net: Name=MCU_SOL_6_IN1
Added Pin To Net: NetName=MCU_SOL_6_IN2 Pin=U48-2
Added Net: Name=MCU_SOL_6_IN2
Added Pin To Net: NetName=MCU_SOL_7_IN1 Pin=U60-3
Added Net: Name=MCU_SOL_7_IN1
Added Pin To Net: NetName=MCU_SOL_7_IN2 Pin=U60-2
Added Net: Name=MCU_SOL_7_IN2
Added Pin To Net: NetName=MCU_SOL_8_IN1 Pin=U64-3
Added Net: Name=MCU_SOL_8_IN1
Added Pin To Net: NetName=MCU_SOL_8_IN2 Pin=U64-2
Added Net: Name=MCU_SOL_8_IN2
Added Pin To Net: NetName=MCU_SOL_9_IN1 Pin=U27-3
Added Net: Name=MCU_SOL_9_IN1
Added Pin To Net: NetName=MCU_SOL_9_IN2 Pin=U27-2
Added Net: Name=MCU_SOL_9_IN2
Added Pin To Net: NetName=MCU_SOL_10_IN1 Pin=U50-3
Added Net: Name=MCU_SOL_10_IN1
Added Pin To Net: NetName=MCU_SOL_10_IN2 Pin=U50-2
Added Net: Name=MCU_SOL_10_IN2
Added Pin To Net: NetName=MCU_SOL_11_IN1 Pin=U61-3
Added Net: Name=MCU_SOL_11_IN1
Added Pin To Net: NetName=MCU_SOL_11_IN2 Pin=U61-2
Added Net: Name=MCU_SOL_11_IN2
Added Pin To Net: NetName=MCU_SOL_12_IN1 Pin=U65-3
Added Net: Name=MCU_SOL_12_IN1
Added Pin To Net: NetName=MCU_SOL_12_IN2 Pin=U65-2
Added Net: Name=MCU_SOL_12_IN2
Added Pin To Net: NetName=MCU_SOL_13_IN1 Pin=U28-3
Added Net: Name=MCU_SOL_13_IN1
Added Pin To Net: NetName=MCU_SOL_13_IN2 Pin=U28-2
Added Net: Name=MCU_SOL_13_IN2
Added Pin To Net: NetName=MCU_SOL_14_IN1 Pin=U58-3
Added Net: Name=MCU_SOL_14_IN1
Added Pin To Net: NetName=MCU_SOL_14_IN2 Pin=U58-2
Added Net: Name=MCU_SOL_14_IN2
Added Pin To Net: NetName=MCU_SOL_15_IN1 Pin=U62-3
Added Net: Name=MCU_SOL_15_IN1
Added Pin To Net: NetName=MCU_SOL_15_IN2 Pin=U62-2
Added Net: Name=MCU_SOL_15_IN2
Added Pin To Net: NetName=MCU_SOL_16_IN1 Pin=U66-3
Added Net: Name=MCU_SOL_16_IN1
Added Pin To Net: NetName=MCU_SOL_16_IN2 Pin=U66-2
Added Net: Name=MCU_SOL_16_IN2
Added Pin To Net: NetName=NetC122_2 Pin=C122-2
Added Pin To Net: NetName=NetC122_2 Pin=JP12-1
Added Pin To Net: NetName=NetC122_2 Pin=R97-1
Added Pin To Net: NetName=NetC122_2 Pin=R201-2
Added Net: Name=NetC122_2
Added Pin To Net: NetName=NetC354_2 Pin=C354-2
Added Pin To Net: NetName=NetC354_2 Pin=JP13-1
Added Pin To Net: NetName=NetC354_2 Pin=R505-2
Added Net: Name=NetC354_2
Added Pin To Net: NetName=NetC355_1 Pin=C355-1
Added Pin To Net: NetName=NetC355_1 Pin=JP15-1
Added Pin To Net: NetName=NetC355_1 Pin=R286-2
Added Pin To Net: NetName=NetC355_1 Pin=U51-24
Added Net: Name=NetC355_1
Added Pin To Net: NetName=NetC356_2 Pin=C356-2
Added Pin To Net: NetName=NetC356_2 Pin=JP14-1
Added Pin To Net: NetName=NetC356_2 Pin=R506-1
Added Pin To Net: NetName=NetC356_2 Pin=R507-2
Added Net: Name=NetC356_2
Added Pin To Net: NetName=NetR22_2 Pin=R22-2
Added Pin To Net: NetName=NetR22_2 Pin=U17-2
Added Net: Name=NetR22_2
Added Pin To Net: NetName=NetR40_2 Pin=R40-2
Added Pin To Net: NetName=NetR40_2 Pin=U17-3
Added Net: Name=NetR40_2
Added Pin To Net: NetName=NetR266_1 Pin=R266-1
Added Pin To Net: NetName=NetR266_1 Pin=U27-7
Added Net: Name=NetR266_1
Added Pin To Net: NetName=NetR267_1 Pin=R267-1
Added Pin To Net: NetName=NetR267_1 Pin=U28-7
Added Net: Name=NetR267_1
Added Pin To Net: NetName=NetR319_1 Pin=R319-1
Added Pin To Net: NetName=NetR319_1 Pin=U47-7
Added Net: Name=NetR319_1
Added Pin To Net: NetName=NetR320_1 Pin=R320-1
Added Pin To Net: NetName=NetR320_1 Pin=U48-7
Added Net: Name=NetR320_1
Added Pin To Net: NetName=NetR343_1 Pin=R343-1
Added Pin To Net: NetName=NetR343_1 Pin=U50-7
Added Net: Name=NetR343_1
Added Pin To Net: NetName=NetR345_1 Pin=R345-1
Added Pin To Net: NetName=NetR345_1 Pin=U58-7
Added Net: Name=NetR345_1
Added Pin To Net: NetName=NetR480_1 Pin=R480-1
Added Pin To Net: NetName=NetR480_1 Pin=U59-7
Added Net: Name=NetR480_1
Added Pin To Net: NetName=NetR481_1 Pin=R481-1
Added Pin To Net: NetName=NetR481_1 Pin=U60-7
Added Net: Name=NetR481_1
Added Pin To Net: NetName=NetR482_1 Pin=R482-1
Added Pin To Net: NetName=NetR482_1 Pin=U61-7
Added Net: Name=NetR482_1
Added Pin To Net: NetName=NetR483_1 Pin=R483-1
Added Pin To Net: NetName=NetR483_1 Pin=U62-7
Added Net: Name=NetR483_1
Added Pin To Net: NetName=NetR497_1 Pin=R497-1
Added Pin To Net: NetName=NetR497_1 Pin=U63-7
Added Net: Name=NetR497_1
Added Pin To Net: NetName=NetR498_1 Pin=R498-1
Added Pin To Net: NetName=NetR498_1 Pin=U64-7
Added Net: Name=NetR498_1
Added Pin To Net: NetName=NetR499_1 Pin=R499-1
Added Pin To Net: NetName=NetR499_1 Pin=U65-7
Added Net: Name=NetR499_1
Added Pin To Net: NetName=NetR500_1 Pin=R500-1
Added Pin To Net: NetName=NetR500_1 Pin=U66-7
Added Net: Name=NetR500_1
Added Pin To Net: NetName=NetR501_2 Pin=R501-2
Added Net: Name=NetR501_2
Added Pin To Net: NetName=NetR502_1 Pin=R502-1
Added Net: Name=NetR502_1
Added Pin To Net: NetName=NetR503_2 Pin=R503-2
Added Net: Name=NetR503_2
Added Pin To Net: NetName=NetR545_2 Pin=R545-2
Added Pin To Net: NetName=NetR545_2 Pin=U68-35
Added Net: Name=NetR545_2
Added Pin To Net: NetName=NetR547_2 Pin=R547-2
Added Pin To Net: NetName=NetR547_2 Pin=U68-24
Added Net: Name=NetR547_2
Added Pin To Net: NetName=NetR548_2 Pin=R548-2
Added Pin To Net: NetName=NetR548_2 Pin=U68-22
Added Net: Name=NetR548_2
Added Pin To Net: NetName=NetR549_2 Pin=R549-2
Added Pin To Net: NetName=NetR549_2 Pin=U68-28
Added Net: Name=NetR549_2
Added Pin To Net: NetName=NetR564_2 Pin=R564-2
Added Pin To Net: NetName=NetR564_2 Pin=U68-25
Added Net: Name=NetR564_2
Added Pin To Net: NetName=NetR568_2 Pin=R568-2
Added Net: Name=NetR568_2
Added Pin To Net: NetName=NetR569_2 Pin=R569-2
Added Net: Name=NetR569_2
Added Pin To Net: NetName=NetR570_2 Pin=R570-2
Added Net: Name=NetR570_2
Added Pin To Net: NetName=NetR571_2 Pin=R571-2
Added Net: Name=NetR571_2
Added Pin To Net: NetName=NetR572_2 Pin=R572-2
Added Net: Name=NetR572_2
Added Pin To Net: NetName=NetR573_2 Pin=R573-2
Added Net: Name=NetR573_2
Added Pin To Net: NetName=NetR574_2 Pin=R574-2
Added Net: Name=NetR574_2
Added Pin To Net: NetName=NetR575_2 Pin=R575-2
Added Net: Name=NetR575_2
Added Pin To Net: NetName=NetR576_1 Pin=R576-1
Added Net: Name=NetR576_1
Added Pin To Net: NetName=RS422_RX Pin=R14-1
Added Pin To Net: NetName=RS422_RX Pin=U54-1
Added Net: Name=RS422_RX
Added Pin To Net: NetName=RS422_TX Pin=R15-1
Added Pin To Net: NetName=RS422_TX Pin=U54-4
Added Net: Name=RS422_TX
Added Pin To Net: NetName=SOL_2_VREF Pin=R268-2
Added Pin To Net: NetName=SOL_2_VREF Pin=R290-1
Added Pin To Net: NetName=SOL_2_VREF Pin=U47-4
Added Net: Name=SOL_2_VREF
Added Pin To Net: NetName=SOL_3_VREF Pin=R393-2
Added Pin To Net: NetName=SOL_3_VREF Pin=R476-1
Added Pin To Net: NetName=SOL_3_VREF Pin=U59-4
Added Net: Name=SOL_3_VREF
Added Pin To Net: NetName=SOL_4_VREF Pin=R484-2
Added Pin To Net: NetName=SOL_4_VREF Pin=R493-1
Added Pin To Net: NetName=SOL_4_VREF Pin=U63-4
Added Net: Name=SOL_4_VREF
Added Pin To Net: NetName=SOL_5_OUT1 Pin=J31-2
Added Pin To Net: NetName=SOL_5_OUT1 Pin=U26-6
Added Net: Name=SOL_5_OUT1
Added Pin To Net: NetName=SOL_5_OUT2 Pin=J31-1
Added Pin To Net: NetName=SOL_5_OUT2 Pin=U26-8
Added Net: Name=SOL_5_OUT2
Added Pin To Net: NetName=SOL_5_VREF Pin=R202-2
Added Pin To Net: NetName=SOL_5_VREF Pin=R262-1
Added Pin To Net: NetName=SOL_5_VREF Pin=U26-4
Added Net: Name=SOL_5_VREF
Added Pin To Net: NetName=SOL_6_OUT1 Pin=J31-4
Added Pin To Net: NetName=SOL_6_OUT1 Pin=U48-6
Added Net: Name=SOL_6_OUT1
Added Pin To Net: NetName=SOL_6_OUT2 Pin=J31-3
Added Pin To Net: NetName=SOL_6_OUT2 Pin=U48-8
Added Net: Name=SOL_6_OUT2
Added Pin To Net: NetName=SOL_6_VREF Pin=R279-2
Added Pin To Net: NetName=SOL_6_VREF Pin=R295-1
Added Pin To Net: NetName=SOL_6_VREF Pin=U48-4
Added Net: Name=SOL_6_VREF
Added Pin To Net: NetName=SOL_7_OUT1 Pin=J31-6
Added Pin To Net: NetName=SOL_7_OUT1 Pin=U60-6
Added Net: Name=SOL_7_OUT1
Added Pin To Net: NetName=SOL_7_OUT2 Pin=J31-5
Added Pin To Net: NetName=SOL_7_OUT2 Pin=U60-8
Added Net: Name=SOL_7_OUT2
Added Pin To Net: NetName=SOL_7_VREF Pin=R394-2
Added Pin To Net: NetName=SOL_7_VREF Pin=R477-1
Added Pin To Net: NetName=SOL_7_VREF Pin=U60-4
Added Net: Name=SOL_7_VREF
Added Pin To Net: NetName=SOL_8_OUT1 Pin=J31-8
Added Pin To Net: NetName=SOL_8_OUT1 Pin=U64-6
Added Net: Name=SOL_8_OUT1
Added Pin To Net: NetName=SOL_8_OUT2 Pin=J31-7
Added Pin To Net: NetName=SOL_8_OUT2 Pin=U64-8
Added Net: Name=SOL_8_OUT2
Added Pin To Net: NetName=SOL_8_VREF Pin=R488-2
Added Pin To Net: NetName=SOL_8_VREF Pin=R494-1
Added Pin To Net: NetName=SOL_8_VREF Pin=U64-4
Added Net: Name=SOL_8_VREF
Added Pin To Net: NetName=SOL_9_OUT1 Pin=J32-2
Added Pin To Net: NetName=SOL_9_OUT1 Pin=U27-6
Added Net: Name=SOL_9_OUT1
Added Pin To Net: NetName=SOL_9_OUT2 Pin=J32-1
Added Pin To Net: NetName=SOL_9_OUT2 Pin=U27-8
Added Net: Name=SOL_9_OUT2
Added Pin To Net: NetName=SOL_9_VREF Pin=R260-2
Added Pin To Net: NetName=SOL_9_VREF Pin=R263-1
Added Pin To Net: NetName=SOL_9_VREF Pin=U27-4
Added Net: Name=SOL_9_VREF
Added Pin To Net: NetName=SOL_10_OUT1 Pin=J32-4
Added Pin To Net: NetName=SOL_10_OUT1 Pin=U50-6
Added Net: Name=SOL_10_OUT1
Added Pin To Net: NetName=SOL_10_OUT2 Pin=J32-3
Added Pin To Net: NetName=SOL_10_OUT2 Pin=U50-8
Added Net: Name=SOL_10_OUT2
Added Pin To Net: NetName=SOL_10_VREF Pin=R283-2
Added Pin To Net: NetName=SOL_10_VREF Pin=R316-1
Added Pin To Net: NetName=SOL_10_VREF Pin=U50-4
Added Net: Name=SOL_10_VREF
Added Pin To Net: NetName=SOL_11_OUT1 Pin=J32-6
Added Pin To Net: NetName=SOL_11_OUT1 Pin=U61-6
Added Net: Name=SOL_11_OUT1
Added Pin To Net: NetName=SOL_11_OUT2 Pin=J32-5
Added Pin To Net: NetName=SOL_11_OUT2 Pin=U61-8
Added Net: Name=SOL_11_OUT2
Added Pin To Net: NetName=SOL_11_VREF Pin=R474-2
Added Pin To Net: NetName=SOL_11_VREF Pin=R478-1
Added Pin To Net: NetName=SOL_11_VREF Pin=U61-4
Added Net: Name=SOL_11_VREF
Added Pin To Net: NetName=SOL_12_OUT1 Pin=J32-8
Added Pin To Net: NetName=SOL_12_OUT1 Pin=U65-6
Added Net: Name=SOL_12_OUT1
Added Pin To Net: NetName=SOL_12_OUT2 Pin=J32-7
Added Pin To Net: NetName=SOL_12_OUT2 Pin=U65-8
Added Net: Name=SOL_12_OUT2
Added Pin To Net: NetName=SOL_12_VREF Pin=R491-2
Added Pin To Net: NetName=SOL_12_VREF Pin=R495-1
Added Pin To Net: NetName=SOL_12_VREF Pin=U65-4
Added Net: Name=SOL_12_VREF
Added Pin To Net: NetName=SOL_13_OUT1 Pin=J33-2
Added Pin To Net: NetName=SOL_13_OUT1 Pin=U28-6
Added Net: Name=SOL_13_OUT1
Added Pin To Net: NetName=SOL_13_OUT2 Pin=J33-1
Added Pin To Net: NetName=SOL_13_OUT2 Pin=U28-8
Added Net: Name=SOL_13_OUT2
Added Pin To Net: NetName=SOL_13_VREF Pin=R261-2
Added Pin To Net: NetName=SOL_13_VREF Pin=R264-1
Added Pin To Net: NetName=SOL_13_VREF Pin=U28-4
Added Net: Name=SOL_13_VREF
Added Pin To Net: NetName=SOL_14_OUT1 Pin=J33-4
Added Pin To Net: NetName=SOL_14_OUT1 Pin=U58-6
Added Net: Name=SOL_14_OUT1
Added Pin To Net: NetName=SOL_14_OUT2 Pin=J33-3
Added Pin To Net: NetName=SOL_14_OUT2 Pin=U58-8
Added Net: Name=SOL_14_OUT2
Added Pin To Net: NetName=SOL_14_VREF Pin=R289-2
Added Pin To Net: NetName=SOL_14_VREF Pin=R318-1
Added Pin To Net: NetName=SOL_14_VREF Pin=U58-4
Added Net: Name=SOL_14_VREF
Added Pin To Net: NetName=SOL_15_OUT1 Pin=J33-6
Added Pin To Net: NetName=SOL_15_OUT1 Pin=U62-6
Added Net: Name=SOL_15_OUT1
Added Pin To Net: NetName=SOL_15_OUT2 Pin=J33-5
Added Pin To Net: NetName=SOL_15_OUT2 Pin=U62-8
Added Net: Name=SOL_15_OUT2
Added Pin To Net: NetName=SOL_15_VREF Pin=R475-2
Added Pin To Net: NetName=SOL_15_VREF Pin=R479-1
Added Pin To Net: NetName=SOL_15_VREF Pin=U62-4
Added Net: Name=SOL_15_VREF
Added Pin To Net: NetName=SOL_16_OUT1 Pin=J33-8
Added Pin To Net: NetName=SOL_16_OUT1 Pin=U66-6
Added Net: Name=SOL_16_OUT1
Added Pin To Net: NetName=SOL_16_OUT2 Pin=J33-7
Added Pin To Net: NetName=SOL_16_OUT2 Pin=U66-8
Added Net: Name=SOL_16_OUT2
Added Pin To Net: NetName=SOL_16_VREF Pin=R492-2
Added Pin To Net: NetName=SOL_16_VREF Pin=R496-1
Added Pin To Net: NetName=SOL_16_VREF Pin=U66-4
Added Net: Name=SOL_16_VREF
Added Pin To Net: NetName=SOM_SDMMC0_CD_PA14 Pin=R201-1
Added Pin To Net: NetName=SOM_SDMMC0_CD_PA14 Pin=R509-1
Added Net: Name=SOM_SDMMC0_CD_PA14
Added Pin To Net: NetName=SOM_USER_BUTTON_PA12 Pin=R507-1
Added Pin To Net: NetName=SOM_USER_BUTTON_PA12 Pin=R508-1
Added Net: Name=SOM_USER_BUTTON_PA12
Added Pin To Net: NetName=USB1_VBUS_DETEC_PC17 Pin=R62-1
Added Pin To Net: NetName=USB1_VBUS_DETEC_PC17 Pin=R96-1
Added Pin To Net: NetName=USB1_VBUS_DETEC_PC17 Pin=R544-1
Added Net: Name=USB1_VBUS_DETEC_PC17
Added Pin To Net: NetName=USB_HUB_CAM_N Pin=U4-3
Added Pin To Net: NetName=USB_HUB_CAM_N Pin=U68-4
Added Net: Name=USB_HUB_CAM_N
Added Pin To Net: NetName=USB_HUB_CAM_P Pin=U4-2
Added Pin To Net: NetName=USB_HUB_CAM_P Pin=U68-3
Added Net: Name=USB_HUB_CAM_P
Added Pin To Net: NetName=VCC Pin=J20-1
Added Pin To Net: NetName=VCC Pin=J20-2
Added Net: Name=VCC
Change Class Name : Old Net Name=19_SOLEDNOID_1 New Net Name=19_SOLENOID_HB_1
Change Class Name : Old Net Name=19_SOLEDNOID_2 New Net Name=19_SOLENOID_OF
Added Class: Name=19_SOLENOID_HB_2
Added Class: Name=20_AI_Board
Added Differential Pair: Name=USB_HUB_CAM
Added Member To Class: ClassName=09_eMMC Member=Component C122 0.1uF/10V
Added Member To Class: ClassName=19_SOLENOID_HB_1 Member=Component C160 0.1uF/10V
Added Member To Class: ClassName=19_SOLENOID_HB_1 Member=Component C205 0.1uF/10V
Added Member To Class: ClassName=19_SOLENOID_HB_1 Member=Component C207 0.1uF/10V
Added Member To Class: ClassName=19_SOLENOID_HB_1 Member=Component C208 0.1uF/10V
Added Member To Class: ClassName=19_SOLENOID_HB_1 Member=Component C214 0.1uF/10V
Added Member To Class: ClassName=19_SOLENOID_HB_1 Member=Component C216 0.1uF/10V
Added Member To Class: ClassName=19_SOLENOID_HB_1 Member=Component C229 0.1uF/10V
Added Member To Class: ClassName=19_SOLENOID_HB_1 Member=Component C230 0.1uF/10V
Added Member To Class: ClassName=19_SOLENOID_HB_1 Member=Component C231 0.1uF/10V
Added Member To Class: ClassName=19_SOLENOID_HB_1 Member=Component C271 0.1uF/10V
Added Member To Class: ClassName=19_SOLENOID_HB_1 Member=Component C351 0.1uF/10V
Added Member To Class: ClassName=19_SOLENOID_HB_1 Member=Component C352 0.1uF/10V
Added Member To Class: ClassName=08_SAMA7G54-MPU Member=Component C353 2.2uF/10V
Added Member To Class: ClassName=08_SAMA7G54-MPU Member=Component C354 0.1uF/10V
Added Member To Class: ClassName=08_SAMA7G54-MPU Member=Component C355 2.2uF/10V
Added Member To Class: ClassName=08_SAMA7G54-MPU Member=Component C356 0.1uF/10V
Added Member To Class: ClassName=MOUTING Member=Component H1 M3
Added Member To Class: ClassName=MOUTING Member=Component H2 M3
Added Member To Class: ClassName=05_CONNECTOR_OUT Member=Component J22 0532610971
Added Member To Class: ClassName=09_eMMC Member=Component JP12
Added Member To Class: ClassName=08_SAMA7G54-MPU Member=Component JP13
Added Member To Class: ClassName=08_SAMA7G54-MPU Member=Component JP14
Added Member To Class: ClassName=08_SAMA7G54-MPU Member=Component JP15
Added Member To Class: ClassName=05_CONNECTOR_IN Member=Component R14 DNP/0R
Added Member To Class: ClassName=05_CONNECTOR_IN Member=Component R15 DNP/0R
Added Member To Class: ClassName=18_HD4_PUMP Member=Component R22 22R
Added Member To Class: ClassName=18_HD4_PUMP Member=Component R40 22R
Added Member To Class: ClassName=08_SOM_USB_CARD Member=Component R62 10k
Added Member To Class: ClassName=08_SOM_USB_CARD Member=Component R96 20k
Added Member To Class: ClassName=09_eMMC Member=Component R97 100k
Added Member To Class: ClassName=09_eMMC Member=Component R201 100R
Added Member To Class: ClassName=19_SOLENOID_HB_1 Member=Component R202 10k
Added Member To Class: ClassName=19_SOLENOID_HB_1 Member=Component R279 10k
Added Member To Class: ClassName=19_SOLENOID_HB_1 Member=Component R283 10k
Added Member To Class: ClassName=19_SOLENOID_HB_1 Member=Component R289 10k
Added Member To Class: ClassName=19_SOLENOID_HB_1 Member=Component R290 10k
Added Member To Class: ClassName=19_SOLENOID_HB_1 Member=Component R295 10k
Added Member To Class: ClassName=19_SOLENOID_HB_1 Member=Component R316 10k
Added Member To Class: ClassName=19_SOLENOID_HB_1 Member=Component R318 10k
Added Member To Class: ClassName=19_SOLENOID_HB_1 Member=Component R319 DNP/10k
Added Member To Class: ClassName=19_SOLENOID_HB_1 Member=Component R320 DNP/10k
Added Member To Class: ClassName=19_SOLENOID_HB_1 Member=Component R343 DNP/10k
Added Member To Class: ClassName=19_SOLENOID_HB_1 Member=Component R345 DNP/10k
Added Member To Class: ClassName=19_SOLENOID_HB_1 Member=Component R393 10k
Added Member To Class: ClassName=19_SOLENOID_HB_1 Member=Component R394 10k
Added Member To Class: ClassName=19_SOLENOID_HB_1 Member=Component R474 10k
Added Member To Class: ClassName=19_SOLENOID_HB_1 Member=Component R475 10k
Added Member To Class: ClassName=19_SOLENOID_HB_1 Member=Component R476 10k
Added Member To Class: ClassName=19_SOLENOID_HB_1 Member=Component R477 10k
Added Member To Class: ClassName=19_SOLENOID_HB_1 Member=Component R478 10k
Added Member To Class: ClassName=19_SOLENOID_HB_1 Member=Component R479 10k
Added Member To Class: ClassName=19_SOLENOID_HB_1 Member=Component R480 DNP/10k
Added Member To Class: ClassName=19_SOLENOID_HB_1 Member=Component R481 DNP/10k
Added Member To Class: ClassName=19_SOLENOID_HB_1 Member=Component R482 DNP/10k
Added Member To Class: ClassName=19_SOLENOID_HB_1 Member=Component R483 DNP/10k
Added Member To Class: ClassName=19_SOLENOID_HB_1 Member=Component R484 10k
Added Member To Class: ClassName=19_SOLENOID_HB_1 Member=Component R488 10k
Added Member To Class: ClassName=19_SOLENOID_HB_1 Member=Component R491 10k
Added Member To Class: ClassName=19_SOLENOID_HB_1 Member=Component R492 10k
Added Member To Class: ClassName=19_SOLENOID_HB_1 Member=Component R493 10k
Added Member To Class: ClassName=19_SOLENOID_HB_1 Member=Component R494 10k
Added Member To Class: ClassName=19_SOLENOID_HB_1 Member=Component R495 10k
Added Member To Class: ClassName=19_SOLENOID_HB_1 Member=Component R496 10k
Added Member To Class: ClassName=19_SOLENOID_HB_1 Member=Component R497 DNP/10k
Added Member To Class: ClassName=19_SOLENOID_HB_1 Member=Component R498 DNP/10k
Added Member To Class: ClassName=19_SOLENOID_HB_1 Member=Component R499 DNP/10k
Added Member To Class: ClassName=19_SOLENOID_HB_1 Member=Component R500 DNP/10k
Added Member To Class: ClassName=17_I2C_Sensor_OnBoard Member=Component R501 4.7k
Added Member To Class: ClassName=17_I2C_Sensor_OnBoard Member=Component R502 22R
Added Member To Class: ClassName=17_I2C_Sensor_OnBoard Member=Component R503 22R
Added Member To Class: ClassName=08_SAMA7G54-MPU Member=Component R504 0R
Added Member To Class: ClassName=08_SAMA7G54-MPU Member=Component R505 100R
Added Member To Class: ClassName=08_SAMA7G54-MPU Member=Component R506 10k
Added Member To Class: ClassName=08_SAMA7G54-MPU Member=Component R507 100R
Added Member To Class: ClassName=08_SAMA7G54-PIO Member=Component R508 22R
Added Member To Class: ClassName=08_SAMA7G54-PIO Member=Component R509 22R
Added Member To Class: ClassName=08_SAMA7G54-PIO Member=Component R544 22R
Added Member To Class: ClassName=08_SAMA7G54-PMIC Member=Component TP6
Added Member To Class: ClassName=08_SAMA7G54-PMIC Member=Component TP7
Added Member To Class: ClassName=08_SAMA7G54-PMIC Member=Component TP8
Added Member To Class: ClassName=08_SAMA7G54-PMIC Member=Component TP9
Added Member To Class: ClassName=08_SAMA7G54-PMIC Member=Component TP10
Added Member To Class: ClassName=08_SAMA7G54-PMIC Member=Component TP11
Added Member To Class: ClassName=08_SAMA7G54-PMIC Member=Component TP12
Added Member To Class: ClassName=08_SAMA7G54-PMIC Member=Component TP13
Added Member To Class: ClassName=08_SAMA7G54-PMIC Member=Component TP14
Added Member To Class: ClassName=08_SAMA7G54-PMIC Member=Component TP16
Added Member To Class: ClassName=08_SAMA7G54-DDR3 Member=Component TP19
Added Member To Class: ClassName=08_SAMA7G54-DDR3 Member=Component TP20
Added Member To Class: ClassName=08_SAMA7G54-DDR3 Member=Component TP21
Added Member To Class: ClassName=08_SAMA7G54-DDR3 Member=Component TP22
Added Member To Class: ClassName=08_SAMA7G54-DDR3 Member=Component TP23
Added Member To Class: ClassName=08_SAMA7G54-DDR3 Member=Component TP24
Added Member To Class: ClassName=08_SAMA7G54-DDR3 Member=Component TP25
Added Member To Class: ClassName=08_SAMA7G54-DDR3 Member=Component TP26
Added Member To Class: ClassName=08_SAMA7G54-DDR3 Member=Component TP27
Added Member To Class: ClassName=08_SAMA7G54-DDR3 Member=Component TP28
Added Member To Class: ClassName=19_SOLENOID_HB_1 Member=Component U47 TB67H451AFNG,EL
Added Member To Class: ClassName=19_SOLENOID_HB_1 Member=Component U48 TB67H451AFNG,EL
Added Member To Class: ClassName=19_SOLENOID_HB_1 Member=Component U50 TB67H451AFNG,EL
Added Member To Class: ClassName=19_SOLENOID_HB_1 Member=Component U58 TB67H451AFNG,EL
Added Member To Class: ClassName=19_SOLENOID_HB_1 Member=Component U59 TB67H451AFNG,EL
Added Member To Class: ClassName=19_SOLENOID_HB_1 Member=Component U60 TB67H451AFNG,EL
Added Member To Class: ClassName=19_SOLENOID_HB_1 Member=Component U61 TB67H451AFNG,EL
Added Member To Class: ClassName=19_SOLENOID_HB_1 Member=Component U62 TB67H451AFNG,EL
Added Member To Class: ClassName=19_SOLENOID_HB_1 Member=Component U63 TB67H451AFNG,EL
Added Member To Class: ClassName=19_SOLENOID_HB_1 Member=Component U64 TB67H451AFNG,EL
Added Member To Class: ClassName=19_SOLENOID_HB_1 Member=Component U65 TB67H451AFNG,EL
Added Member To Class: ClassName=19_SOLENOID_HB_1 Member=Component U66 TB67H451AFNG,EL
Add Class Member: Failed to add class member : Component U67 BME688
Added Rule: Name=Schematic Supply Nets
Added Rule: Name=Schematic Supply Nets_1
Added Rule: Name=Schematic Supply Nets_2
Added Rule: Name=Schematic Supply Nets_3
Added Rule: Name=Schematic Supply Nets_4
Added Rule: Name=Schematic Supply Nets_5
Added Rule: Name=Schematic Supply Nets_6
Added Rule: Name=Schematic Supply Nets_7
Added Rule: Name=Schematic Supply Nets_8
Added Rule: Name=Schematic Supply Nets_9
Added Rule: Name=Schematic Supply Nets_10
Added Rule: Name=Schematic Supply Nets_11
Added Rule: Name=Schematic Supply Nets_12
Added Rule: Name=Schematic Supply Nets_13
Added Rule: Name=Schematic Supply Nets_14
Added Rule: Name=Schematic Supply Nets_15
Added Rule: Name=Schematic Supply Nets_16
Added Rule: Name=Schematic Supply Nets_17
Added Rule: Name=Schematic Supply Nets_18
Added Rule: Name=Schematic Supply Nets_19
Added Rule: Name=Schematic Supply Nets_20
Added Rule: Name=Schematic Supply Nets_21
Added Rule: Name=Schematic Supply Nets_22
Added Rule: Name=Schematic Supply Nets_23
Added Rule: Name=Schematic Supply Nets_24
Added Rule: Name=Schematic Supply Nets_25
Added Rule: Name=Schematic Supply Nets_26
Added Rule: Name=Schematic Supply Nets_27
Added Rule: Name=Schematic Supply Nets_28
Added Rule: Name=Schematic Supply Nets_29
Added Rule: Name=Schematic Supply Nets_30
Added Rule: Name=Schematic Supply Nets_31
Added Rule: Name=Schematic Supply Nets_32
Added Rule: Name=Schematic Supply Nets_33
Removed Member From Class: ClassName=DIFF90 Member=RS422_AB
Removed Member From Class: ClassName=DIFF90 Member=RS422_YZ
Removed Member From Class: ClassName=DIFF90 Member=SENSE1
Removed Member From Class: ClassName=DIFF90 Member=SENSE2
Removed Member From Class: ClassName=DIFF90 Member=SENSE3
Removed Member From Class: ClassName=DIFF90 Member=SENSE4
Added Member To Class: ClassName=DIFF90 Member=USB_HUB_CAM
