Removed Pin From Net: NetName=VDD_3V3 Pin=J25-1
Removed Pin From Net: NetName=GND Pin=J25-2
Removed Pin From Net: NetName=TDI_PC28 Pin=J25-3
Removed Pin From Net: NetName=TCK_SWCLK_PC26 Pin=J25-4
Removed Pin From Net: NetName=NTRST_PC25 Pin=J25-5
Removed Pin From Net: NetName=TDO_PC29 Pin=J25-6
Removed Pin From Net: NetName=TMS_SWDIO_PC27 Pin=J25-7
Removed Pin From Net: NetName=5V_SAMA7_eFuse Pin=R643-1
Removed Pin From Net: NetName=5V_SAMA7_eFuse Pin=R643-1
Removed Pin From Net: NetName=5V_SAMA7 Pin=R643-2
Removed Pin From Net: NetName=5V_SAMA7 Pin=R643-2
Removed Pin From Net: NetName=12V_HEATER_eFuse Pin=R644-1
Removed Pin From Net: NetName=12V_HEATER_eFuse Pin=R644-1
Removed Pin From Net: NetName=12V_HEATER Pin=R644-2
Removed Pin From Net: NetName=12V_HEATER Pin=R644-2
Removed Pin From Net: NetName=5V_TEC_eFuse Pin=R645-1
Removed Pin From Net: NetName=5V_TEC_eFuse Pin=R645-1
Removed Pin From Net: NetName=5V_TEC Pin=R645-2
Removed Pin From Net: NetName=5V_TEC Pin=R645-2
Removed Pin From Net: NetName=12V_AI_eFuse Pin=R646-1
Removed Pin From Net: NetName=12V_AI_eFuse Pin=R646-1
Removed Pin From Net: NetName=12V_AI Pin=R646-2
Removed Pin From Net: NetName=12V_AI Pin=R646-2
Removed Pin From Net: NetName=5V_HD4_eFuse Pin=R647-1
Removed Pin From Net: NetName=5V_HD4_eFuse Pin=R647-1
Removed Pin From Net: NetName=5V_HD4 Pin=R647-2
Removed Pin From Net: NetName=5V_HD4 Pin=R647-2
Removed Pin From Net: NetName=EXP_12V_eFuse Pin=R648-1
Removed Pin From Net: NetName=EXP_12V_eFuse Pin=R648-1
Removed Pin From Net: NetName=EXP_12V Pin=R648-2
Removed Pin From Net: NetName=EXP_12V Pin=R648-2
Removed Pin From Net: NetName=5V_Solenoid_eFuse Pin=R649-1
Removed Pin From Net: NetName=5V_Solenoid_eFuse Pin=R649-1
Removed Pin From Net: NetName=5V_Solenoid Pin=R649-2
Removed Pin From Net: NetName=5V_Solenoid Pin=R649-2
Removed Pin From Net: NetName=5V_SAMA7 Pin=TP4-1
Removed Pin From Net: NetName=12V_HEATER Pin=TP15-1
Removed Pin From Net: NetName=5V_TEC Pin=TP29-1
Removed Pin From Net: NetName=12V_AI Pin=TP30-1
Removed Pin From Net: NetName=5V_HD4 Pin=TP31-1
Removed Pin From Net: NetName=EXP_12V Pin=TP32-1
Removed Pin From Net: NetName=5V_Solenoid Pin=TP33-1
Removed Member From Class: ClassName=08_SAMA7G54-PIO Member=J25
Added Component: Designator=TP34(Testpoint_TH_D130H80)
Add component (AddParameter): Name = "Category"; Value = ""; VariantName = "[No Variations]"
Add component (AddParameter): Name = "CompanyID"; Value = ""; VariantName = "[No Variations]"
Add component (AddParameter): Name = "MFR"; Value = ""; VariantName = "[No Variations]"
Add component (AddParameter): Name = "MFR_URL"; Value = ""; VariantName = "[No Variations]"
Add component (AddParameter): Name = "MPN"; Value = ""; VariantName = "[No Variations]"
Add component (AddParameter): Name = "PinCount"; Value = ""; VariantName = "[No Variations]"
Add component (AddParameter): Name = "Solder"; Value = "NF"; VariantName = "[No Variations]"
Add component (AddParameter): Name = "Value"; Value = ""; VariantName = "[No Variations]"
Added Component: Designator=TP35(Testpoint_TH_D130H80)
Add component (AddParameter): Name = "Category"; Value = ""; VariantName = "[No Variations]"
Add component (AddParameter): Name = "CompanyID"; Value = ""; VariantName = "[No Variations]"
Add component (AddParameter): Name = "MFR"; Value = ""; VariantName = "[No Variations]"
Add component (AddParameter): Name = "MFR_URL"; Value = ""; VariantName = "[No Variations]"
Add component (AddParameter): Name = "MPN"; Value = ""; VariantName = "[No Variations]"
Add component (AddParameter): Name = "PinCount"; Value = ""; VariantName = "[No Variations]"
Add component (AddParameter): Name = "Solder"; Value = "NF"; VariantName = "[No Variations]"
Add component (AddParameter): Name = "Value"; Value = ""; VariantName = "[No Variations]"
Added Component: Designator=TP36(Testpoint_TH_D130H80)
Add component (AddParameter): Name = "Category"; Value = ""; VariantName = "[No Variations]"
Add component (AddParameter): Name = "CompanyID"; Value = ""; VariantName = "[No Variations]"
Add component (AddParameter): Name = "MFR"; Value = ""; VariantName = "[No Variations]"
Add component (AddParameter): Name = "MFR_URL"; Value = ""; VariantName = "[No Variations]"
Add component (AddParameter): Name = "MPN"; Value = ""; VariantName = "[No Variations]"
Add component (AddParameter): Name = "PinCount"; Value = ""; VariantName = "[No Variations]"
Add component (AddParameter): Name = "Solder"; Value = "NF"; VariantName = "[No Variations]"
Add component (AddParameter): Name = "Value"; Value = ""; VariantName = "[No Variations]"
Added Component: Designator=TP37(Testpoint_TH_D130H80)
Add component (AddParameter): Name = "Category"; Value = ""; VariantName = "[No Variations]"
Add component (AddParameter): Name = "CompanyID"; Value = ""; VariantName = "[No Variations]"
Add component (AddParameter): Name = "MFR"; Value = ""; VariantName = "[No Variations]"
Add component (AddParameter): Name = "MFR_URL"; Value = ""; VariantName = "[No Variations]"
Add component (AddParameter): Name = "MPN"; Value = ""; VariantName = "[No Variations]"
Add component (AddParameter): Name = "PinCount"; Value = ""; VariantName = "[No Variations]"
Add component (AddParameter): Name = "Solder"; Value = "NF"; VariantName = "[No Variations]"
Add component (AddParameter): Name = "Value"; Value = ""; VariantName = "[No Variations]"
Added Component: Designator=TP38(Testpoint_TH_D130H80)
Add component (AddParameter): Name = "Category"; Value = ""; VariantName = "[No Variations]"
Add component (AddParameter): Name = "CompanyID"; Value = ""; VariantName = "[No Variations]"
Add component (AddParameter): Name = "MFR"; Value = ""; VariantName = "[No Variations]"
Add component (AddParameter): Name = "MFR_URL"; Value = ""; VariantName = "[No Variations]"
Add component (AddParameter): Name = "MPN"; Value = ""; VariantName = "[No Variations]"
Add component (AddParameter): Name = "PinCount"; Value = ""; VariantName = "[No Variations]"
Add component (AddParameter): Name = "Solder"; Value = "NF"; VariantName = "[No Variations]"
Add component (AddParameter): Name = "Value"; Value = ""; VariantName = "[No Variations]"
Added Component: Designator=TP39(Testpoint_TH_D130H80)
Add component (AddParameter): Name = "Category"; Value = ""; VariantName = "[No Variations]"
Add component (AddParameter): Name = "CompanyID"; Value = ""; VariantName = "[No Variations]"
Add component (AddParameter): Name = "MFR"; Value = ""; VariantName = "[No Variations]"
Add component (AddParameter): Name = "MFR_URL"; Value = ""; VariantName = "[No Variations]"
Add component (AddParameter): Name = "MPN"; Value = ""; VariantName = "[No Variations]"
Add component (AddParameter): Name = "PinCount"; Value = ""; VariantName = "[No Variations]"
Add component (AddParameter): Name = "Solder"; Value = "NF"; VariantName = "[No Variations]"
Add component (AddParameter): Name = "Value"; Value = ""; VariantName = "[No Variations]"
Added Component: Designator=TP40(Testpoint_TH_D130H80)
Add component (AddParameter): Name = "Category"; Value = ""; VariantName = "[No Variations]"
Add component (AddParameter): Name = "CompanyID"; Value = ""; VariantName = "[No Variations]"
Add component (AddParameter): Name = "MFR"; Value = ""; VariantName = "[No Variations]"
Add component (AddParameter): Name = "MFR_URL"; Value = ""; VariantName = "[No Variations]"
Add component (AddParameter): Name = "MPN"; Value = ""; VariantName = "[No Variations]"
Add component (AddParameter): Name = "PinCount"; Value = ""; VariantName = "[No Variations]"
Add component (AddParameter): Name = "Solder"; Value = "NF"; VariantName = "[No Variations]"
Add component (AddParameter): Name = "Value"; Value = ""; VariantName = "[No Variations]"
Added Pin To Net: NetName=5V_Solenoid_eFuse Pin=R643-1
Added Pin To Net: NetName=5V_Solenoid_eFuse Pin=R643-1
Added Pin To Net: NetName=5V_Solenoid Pin=R643-2
Added Pin To Net: NetName=5V_Solenoid Pin=R643-2
Added Pin To Net: NetName=12V_AI_eFuse Pin=R644-1
Added Pin To Net: NetName=12V_AI_eFuse Pin=R644-1
Added Pin To Net: NetName=12V_AI Pin=R644-2
Added Pin To Net: NetName=12V_AI Pin=R644-2
Added Pin To Net: NetName=5V_SAMA7_eFuse Pin=R645-1
Added Pin To Net: NetName=5V_SAMA7_eFuse Pin=R645-1
Added Pin To Net: NetName=5V_SAMA7 Pin=R645-2
Added Pin To Net: NetName=5V_SAMA7 Pin=R645-2
Added Pin To Net: NetName=EXP_12V_eFuse Pin=R646-1
Added Pin To Net: NetName=EXP_12V_eFuse Pin=R646-1
Added Pin To Net: NetName=EXP_12V Pin=R646-2
Added Pin To Net: NetName=EXP_12V Pin=R646-2
Added Pin To Net: NetName=5V_TEC_eFuse Pin=R647-1
Added Pin To Net: NetName=5V_TEC_eFuse Pin=R647-1
Added Pin To Net: NetName=5V_TEC Pin=R647-2
Added Pin To Net: NetName=5V_TEC Pin=R647-2
Added Pin To Net: NetName=12V_HEATER_eFuse Pin=R648-1
Added Pin To Net: NetName=12V_HEATER_eFuse Pin=R648-1
Added Pin To Net: NetName=12V_HEATER Pin=R648-2
Added Pin To Net: NetName=12V_HEATER Pin=R648-2
Added Pin To Net: NetName=5V_HD4_eFuse Pin=R649-1
Added Pin To Net: NetName=5V_HD4_eFuse Pin=R649-1
Added Pin To Net: NetName=5V_HD4 Pin=R649-2
Added Pin To Net: NetName=5V_HD4 Pin=R649-2
Added Pin To Net: NetName=5V_Solenoid Pin=TP4-1
Added Pin To Net: NetName=12V_AI Pin=TP15-1
Added Pin To Net: NetName=5V_SAMA7 Pin=TP29-1
Added Pin To Net: NetName=EXP_12V Pin=TP30-1
Added Pin To Net: NetName=5V_TEC Pin=TP31-1
Added Pin To Net: NetName=12V_HEATER Pin=TP32-1
Added Pin To Net: NetName=5V_HD4 Pin=TP33-1
Added Pin To Net: NetName=NTRST_PC25 Pin=TP34-1
Added Pin To Net: NetName=TCK_SWCLK_PC26 Pin=TP35-1
Added Pin To Net: NetName=VDD_3V3 Pin=TP36-1
Added Pin To Net: NetName=TMS_SWDIO_PC27 Pin=TP37-1
Added Pin To Net: NetName=GND Pin=TP38-1
Added Pin To Net: NetName=TDI_PC28 Pin=TP39-1
Added Pin To Net: NetName=TDO_PC29 Pin=TP40-1
Change Net Name : Old Net Name=SENSE_5V_HD4_N New Net Name=SENSE_5V_TEC_N
Change Net Name : Old Net Name=SENSE_5V_HD4_P New Net Name=SENSE_5V_TEC_P
Change Net Name : Old Net Name=SENSE_5V_SAMA7_N New Net Name=SENSE_5V_Solenoid_N
Change Net Name : Old Net Name=SENSE_5V_SAMA7_P New Net Name=SENSE_5V_Solenoid_P
Change Net Name : Old Net Name=SENSE_5V_Solenoid_N New Net Name=SENSE_5V_HD4_N
Change Net Name : Old Net Name=SENSE_5V_Solenoid_P New Net Name=SENSE_5V_HD4_P
Change Net Name : Old Net Name=SENSE_5V_TEC_N New Net Name=SENSE_5V_SAMA7_N
Change Net Name : Old Net Name=SENSE_5V_TEC_P New Net Name=SENSE_5V_SAMA7_P
Change Net Name : Old Net Name=SENSE_12V_AI_N New Net Name=SENSE_EXP_12V_N
Change Net Name : Old Net Name=SENSE_12V_AI_P New Net Name=SENSE_EXP_12V_P
Change Net Name : Old Net Name=SENSE_12V_HEATER_N New Net Name=SENSE_12V_AI_N
Change Net Name : Old Net Name=SENSE_12V_HEATER_P New Net Name=SENSE_12V_AI_P
Change Net Name : Old Net Name=SENSE_EXP_12V_N New Net Name=SENSE_12V_HEATER_N
Change Net Name : Old Net Name=SENSE_EXP_12V_P New Net Name=SENSE_12V_HEATER_P
Added Member To Class: ClassName=08_SAMA7G54-PIO Member=Component TP34
Added Member To Class: ClassName=08_SAMA7G54-PIO Member=Component TP35
Added Member To Class: ClassName=08_SAMA7G54-PIO Member=Component TP36
Added Member To Class: ClassName=08_SAMA7G54-PIO Member=Component TP37
Added Member To Class: ClassName=08_SAMA7G54-PIO Member=Component TP38
Added Member To Class: ClassName=08_SAMA7G54-PIO Member=Component TP39
Added Member To Class: ClassName=08_SAMA7G54-PIO Member=Component TP40
