Removed Pin From Net: NetName=MCU_SPI0_MISO Pin=R319-2
Removed Pin From Net: NetName=MCU_SPI0_MISO Pin=R343-2
Removed Pin From Net: NetName=MCU_SPI0_MISO Pin=R345-1
Removed Pin From Net: NetName=MCU_SPI0_MISO Pin=R366-1
Removed Pin From Net: NetName=MCU_SPI0_nCS_SOLE_A Pin=R369-1
Removed Pin From Net: NetName=MCU_SPI0_nCS_SOLE_D Pin=R372-1
Removed Pin From Net: NetName=MCU_SPI0_SCK Pin=R374-1
Removed Pin From Net: NetName=MCU_SPI0_SCK Pin=R376-1
Removed Pin From Net: NetName=MCU_SPI0_MOSI Pin=R393-1
Removed Pin From Net: NetName=MCU_SPI0_MOSI Pin=R394-1
Removed Pin From Net: NetName=MCU_SPI0_CMD_SOLE_A Pin=R476-1
Removed Pin From Net: NetName=MCU_SPI0_CMD_SOLE_D Pin=R477-1
Removed Pin From Net: NetName=MCU_SPI0_MISO Pin=R481-2
Removed Pin From Net: NetName=MCU_SPI0_MISO Pin=R483-2
Removed Pin From Net: NetName=MCU_SPI0_MISO Pin=R484-1
Removed Pin From Net: NetName=MCU_SPI0_nCS_SOLE_B Pin=R488-1
Removed Pin From Net: NetName=MCU_SPI0_MISO Pin=R491-1
Removed Pin From Net: NetName=MCU_SPI0_SCK Pin=R492-1
Removed Pin From Net: NetName=MCU_SPI0_nCS_SOLE_E Pin=R493-1
Removed Pin From Net: NetName=MCU_SPI0_MOSI Pin=R494-1
Removed Pin From Net: NetName=MCU_SPI0_SCK Pin=R495-1
Removed Pin From Net: NetName=MCU_SPI0_MOSI Pin=R496-1
Removed Pin From Net: NetName=MCU_SPI0_CMD_SOLE_B Pin=R498-1
Removed Pin From Net: NetName=MCU_SPI0_CMD_SOLE_E Pin=R500-1
Removed Pin From Net: NetName=MCU_SPI0_MISO Pin=R564-2
Removed Pin From Net: NetName=MCU_SPI0_MISO Pin=R567-1
Removed Pin From Net: NetName=MCU_SPI0_nCS_SOLE_C Pin=R568-1
Removed Pin From Net: NetName=MCU_SPI0_SCK Pin=R569-1
Removed Pin From Net: NetName=MCU_SPI0_MOSI Pin=R570-1
Removed Pin From Net: NetName=MCU_SPI0_CMD_SOLE_C Pin=R572-1
Added Pin To Net: NetName=NetR319_2 Pin=R319-2
Added Pin To Net: NetName=NetR319_2 Pin=R345-1
Added Net: Name=NetR319_2
Added Pin To Net: NetName=NetR343_2 Pin=R343-2
Added Pin To Net: NetName=NetR343_2 Pin=R366-1
Added Net: Name=NetR343_2
Added Pin To Net: NetName=NetR481_2 Pin=R481-2
Added Pin To Net: NetName=NetR481_2 Pin=R484-1
Added Net: Name=NetR481_2
Added Pin To Net: NetName=NetR483_2 Pin=R483-2
Added Pin To Net: NetName=NetR483_2 Pin=R491-1
Added Net: Name=NetR483_2
Added Pin To Net: NetName=NetR564_2 Pin=R564-2
Added Pin To Net: NetName=NetR564_2 Pin=R567-1
Added Net: Name=NetR564_2
