Removed Pin From Net: NetName=GND Pin=C208-1
Removed Pin From Net: NetName=3V/5V_Solenoid Pin=C208-2
Removed Pin From Net: NetName=GND Pin=C214-1
Removed Pin From Net: NetName=3V/5V_Solenoid Pin=C214-2
Removed Pin From Net: NetName=GND Pin=C216-1
Removed Pin From Net: NetName=3V/5V_Solenoid Pin=C216-2
Removed Pin From Net: NetName=GND Pin=C229-1
Removed Pin From Net: NetName=3V/5V_Solenoid Pin=C229-2
Removed Pin From Net: NetName=3V/5V_Solenoid Pin=C230-2
Removed Pin From Net: NetName=3V/5V_Solenoid Pin=C231-2
Removed Pin From Net: NetName=GND Pin=C347-1
Removed Pin From Net: NetName=GND Pin=C348-1
Removed Pin From Net: NetName=GND Pin=C349-1
Removed Pin From Net: NetName=3V/5V_Solenoid Pin=C349-2
Removed Pin From Net: NetName=GND Pin=C351-1
Removed Pin From Net: NetName=3V/5V_Solenoid Pin=C351-2
Removed Pin From Net: NetName=GND Pin=C352-1
Removed Pin From Net: NetName=3V/5V_Solenoid Pin=C352-2
Removed Pin From Net: NetName=GND Pin=C367-1
Removed Pin From Net: NetName=3V/5V_Solenoid Pin=C367-2
Removed Pin From Net: NetName=3V/5V_Solenoid Pin=C368-2
Removed Pin From Net: NetName=3V/5V_Solenoid Pin=C369-2
Removed Pin From Net: NetName=GND Pin=C379-1
Removed Pin From Net: NetName=GND Pin=C380-1
Removed Pin From Net: NetName=GND Pin=C381-1
Removed Pin From Net: NetName=3V/5V_Solenoid Pin=C381-2
Removed Pin From Net: NetName=GND Pin=C382-1
Removed Pin From Net: NetName=3V/5V_Solenoid Pin=C382-2
Removed Pin From Net: NetName=3V/5V_Solenoid Pin=C383-2
Removed Pin From Net: NetName=GND Pin=C385-1
Removed Pin From Net: NetName=3.3V_MCU Pin=R318-1
Removed Pin From Net: NetName=3.3V_MCU Pin=R319-1
Removed Pin From Net: NetName=MCU_SPI0_MISO Pin=R319-2
Removed Pin From Net: NetName=3.3V_MCU Pin=R320-1
Removed Pin From Net: NetName=3.3V_MCU Pin=R343-1
Removed Pin From Net: NetName=MCU_SPI0_MISO Pin=R343-2
Removed Pin From Net: NetName=MCU_SPI0_MISO Pin=R345-1
Removed Pin From Net: NetName=MCU_SPI0_MISO Pin=R366-1
Removed Pin From Net: NetName=MCU_SPI0_nCS_SOLE_A Pin=R369-1
Removed Pin From Net: NetName=MCU_SPI0_nCS_SOLE_D Pin=R372-1
Removed Pin From Net: NetName=MCU_SPI0_SCK Pin=R374-1
Removed Pin From Net: NetName=MCU_SPI0_SCK Pin=R376-1
Removed Pin From Net: NetName=MCU_SPI0_MOSI Pin=R393-1
Removed Pin From Net: NetName=MCU_SPI0_MOSI Pin=R394-1
Removed Pin From Net: NetName=MCU_SPI0_CMD_SOLE_A Pin=R476-1
Removed Pin From Net: NetName=MCU_SPI0_CMD_SOLE_D Pin=R477-1
Removed Pin From Net: NetName=GND Pin=R478-1
Removed Pin From Net: NetName=GND Pin=R479-1
Removed Pin From Net: NetName=3.3V_MCU Pin=R480-1
Removed Pin From Net: NetName=3.3V_MCU Pin=R481-1
Removed Pin From Net: NetName=MCU_SPI0_MISO Pin=R481-2
Removed Pin From Net: NetName=3.3V_MCU Pin=R482-1
Removed Pin From Net: NetName=3.3V_MCU Pin=R483-1
Removed Pin From Net: NetName=MCU_SPI0_MISO Pin=R483-2
Removed Pin From Net: NetName=MCU_SPI0_MISO Pin=R484-1
Removed Pin From Net: NetName=MCU_SPI0_nCS_SOLE_B Pin=R488-1
Removed Pin From Net: NetName=MCU_SPI0_MISO Pin=R491-1
Removed Pin From Net: NetName=MCU_SPI0_SCK Pin=R492-1
Removed Pin From Net: NetName=MCU_SPI0_nCS_SOLE_E Pin=R493-1
Removed Pin From Net: NetName=MCU_SPI0_MOSI Pin=R494-1
Removed Pin From Net: NetName=MCU_SPI0_SCK Pin=R495-1
Removed Pin From Net: NetName=MCU_SPI0_MOSI Pin=R496-1
Removed Pin From Net: NetName=MCU_SPI0_CMD_SOLE_B Pin=R498-1
Removed Pin From Net: NetName=MCU_SPI0_CMD_SOLE_E Pin=R500-1
Removed Pin From Net: NetName=GND Pin=R544-1
Removed Pin From Net: NetName=GND Pin=R548-1
Removed Pin From Net: NetName=3.3V_MCU Pin=R549-1
Removed Pin From Net: NetName=3.3V_MCU Pin=R564-1
Removed Pin From Net: NetName=MCU_SPI0_MISO Pin=R564-2
Removed Pin From Net: NetName=MCU_SPI0_MISO Pin=R567-1
Removed Pin From Net: NetName=MCU_SPI0_nCS_SOLE_C Pin=R568-1
Removed Pin From Net: NetName=MCU_SPI0_CMD_SOLE_C Pin=R572-1
Removed Pin From Net: NetName=GND Pin=R573-1
Removed Pin From Net: NetName=NetR476_2 Pin=U50-2
Removed Pin From Net: NetName=GND Pin=U50-4
Removed Pin From Net: NetName=3V/5V_Solenoid Pin=U50-9
Removed Pin From Net: NetName=SOLE3_OUT1 Pin=U50-10
Removed Pin From Net: NetName=SOLE3_OUT2 Pin=U50-11
Removed Pin From Net: NetName=3V/5V_Solenoid Pin=U50-12
Removed Pin From Net: NetName=3V/5V_Solenoid Pin=U50-13
Removed Pin From Net: NetName=SOLE4_OUT2 Pin=U50-14
Removed Pin From Net: NetName=SOLE4_OUT1 Pin=U50-15
Removed Pin From Net: NetName=3V/5V_Solenoid Pin=U50-16
Removed Pin From Net: NetName=NetR478_2 Pin=U50-18
Removed Pin From Net: NetName=GND Pin=U50-19
Removed Pin From Net: NetName=NetR474_2 Pin=U50-21
Removed Pin From Net: NetName=3V/5V_Solenoid Pin=U50-25
Removed Pin From Net: NetName=SOLE2_OUT2 Pin=U50-26
Removed Pin From Net: NetName=SOLE2_OUT1 Pin=U50-27
Removed Pin From Net: NetName=3V/5V_Solenoid Pin=U50-28
Removed Pin From Net: NetName=3V/5V_Solenoid Pin=U50-29
Removed Pin From Net: NetName=SOLE1_OUT2 Pin=U50-30
Removed Pin From Net: NetName=SOLE1_OUT1 Pin=U50-31
Removed Pin From Net: NetName=3V/5V_Solenoid Pin=U50-32
Removed Pin From Net: NetName=GND Pin=U50-33
Removed Pin From Net: NetName=GND Pin=U58-4
Removed Pin From Net: NetName=3V/5V_Solenoid Pin=U58-9
Removed Pin From Net: NetName=SOLE15_OUT1 Pin=U58-10
Removed Pin From Net: NetName=SOLE15_OUT2 Pin=U58-11
Removed Pin From Net: NetName=3V/5V_Solenoid Pin=U58-12
Removed Pin From Net: NetName=3V/5V_Solenoid Pin=U58-13
Removed Pin From Net: NetName=SOLE16_OUT2 Pin=U58-14
Removed Pin From Net: NetName=SOLE16_OUT1 Pin=U58-15
Removed Pin From Net: NetName=3V/5V_Solenoid Pin=U58-16
Removed Pin From Net: NetName=NetR479_2 Pin=U58-18
Removed Pin From Net: NetName=GND Pin=U58-19
Removed Pin From Net: NetName=3V/5V_Solenoid Pin=U58-25
Removed Pin From Net: NetName=SOLE14_OUT2 Pin=U58-26
Removed Pin From Net: NetName=SOLE14_OUT1 Pin=U58-27
Removed Pin From Net: NetName=3V/5V_Solenoid Pin=U58-28
Removed Pin From Net: NetName=3V/5V_Solenoid Pin=U58-29
Removed Pin From Net: NetName=SOLE13_OUT2 Pin=U58-30
Removed Pin From Net: NetName=SOLE13_OUT1 Pin=U58-31
Removed Pin From Net: NetName=3V/5V_Solenoid Pin=U58-32
Removed Pin From Net: NetName=GND Pin=U58-33
Removed Pin From Net: NetName=NetR480_2 Pin=U59-1
Removed Pin From Net: NetName=NetR488_2 Pin=U59-3
Removed Pin From Net: NetName=GND Pin=U59-4
Removed Pin From Net: NetName=NetR492_2 Pin=U59-5
Removed Pin From Net: NetName=NetR494_2 Pin=U59-6
Removed Pin From Net: NetName=NetR484_2 Pin=U59-7
Removed Pin From Net: NetName=3V/5V_Solenoid Pin=U59-9
Removed Pin From Net: NetName=SOLE7_OUT1 Pin=U59-10
Removed Pin From Net: NetName=SOLE7_OUT2 Pin=U59-11
Removed Pin From Net: NetName=3V/5V_Solenoid Pin=U59-12
Removed Pin From Net: NetName=3V/5V_Solenoid Pin=U59-13
Removed Pin From Net: NetName=SOLE8_OUT2 Pin=U59-14
Removed Pin From Net: NetName=SOLE8_OUT1 Pin=U59-15
Removed Pin From Net: NetName=3V/5V_Solenoid Pin=U59-16
Removed Pin From Net: NetName=NetR544_2 Pin=U59-18
Removed Pin From Net: NetName=GND Pin=U59-19
Removed Pin From Net: NetName=NetR497_2 Pin=U59-21
Removed Pin From Net: NetName=3V/5V_Solenoid Pin=U59-25
Removed Pin From Net: NetName=SOLE6_OUT2 Pin=U59-26
Removed Pin From Net: NetName=SOLE6_OUT1 Pin=U59-27
Removed Pin From Net: NetName=3V/5V_Solenoid Pin=U59-28
Removed Pin From Net: NetName=3V/5V_Solenoid Pin=U59-29
Removed Pin From Net: NetName=SOLE5_OUT2 Pin=U59-30
Removed Pin From Net: NetName=SOLE5_OUT1 Pin=U59-31
Removed Pin From Net: NetName=3V/5V_Solenoid Pin=U59-32
Removed Pin From Net: NetName=GND Pin=U59-33
Removed Pin From Net: NetName=NetR482_2 Pin=U60-1
Removed Pin From Net: NetName=NetR493_2 Pin=U60-3
Removed Pin From Net: NetName=GND Pin=U60-4
Removed Pin From Net: NetName=NetR495_2 Pin=U60-5
Removed Pin From Net: NetName=NetR496_2 Pin=U60-6
Removed Pin From Net: NetName=NetR491_2 Pin=U60-7
Removed Pin From Net: NetName=3V/5V_Solenoid Pin=U60-9
Removed Pin From Net: NetName=SOLE19_OUT1 Pin=U60-10
Removed Pin From Net: NetName=SOLE19_OUT2 Pin=U60-11
Removed Pin From Net: NetName=3V/5V_Solenoid Pin=U60-12
Removed Pin From Net: NetName=3V/5V_Solenoid Pin=U60-13
Removed Pin From Net: NetName=SOLE20_OUT2 Pin=U60-14
Removed Pin From Net: NetName=SOLE20_OUT1 Pin=U60-15
Removed Pin From Net: NetName=3V/5V_Solenoid Pin=U60-16
Removed Pin From Net: NetName=NetR548_2 Pin=U60-18
Removed Pin From Net: NetName=GND Pin=U60-19
Removed Pin From Net: NetName=NetR499_2 Pin=U60-21
Removed Pin From Net: NetName=3V/5V_Solenoid Pin=U60-25
Removed Pin From Net: NetName=SOLE18_OUT2 Pin=U60-26
Removed Pin From Net: NetName=SOLE18_OUT1 Pin=U60-27
Removed Pin From Net: NetName=3V/5V_Solenoid Pin=U60-28
Removed Pin From Net: NetName=3V/5V_Solenoid Pin=U60-29
Removed Pin From Net: NetName=SOLE17_OUT2 Pin=U60-30
Removed Pin From Net: NetName=SOLE17_OUT1 Pin=U60-31
Removed Pin From Net: NetName=3V/5V_Solenoid Pin=U60-32
Removed Pin From Net: NetName=GND Pin=U60-33
Removed Pin From Net: NetName=NetR549_2 Pin=U61-1
Removed Pin From Net: NetName=NetR572_2 Pin=U61-2
Removed Pin From Net: NetName=NetR568_2 Pin=U61-3
Removed Pin From Net: NetName=GND Pin=U61-4
Removed Pin From Net: NetName=NetR569_2 Pin=U61-5
Removed Pin From Net: NetName=NetR570_2 Pin=U61-6
Removed Pin From Net: NetName=NetR567_2 Pin=U61-7
Removed Pin From Net: NetName=3V/5V_Solenoid Pin=U61-9
Removed Pin From Net: NetName=SOLE11_OUT1 Pin=U61-10
Removed Pin From Net: NetName=SOLE11_OUT2 Pin=U61-11
Removed Pin From Net: NetName=3V/5V_Solenoid Pin=U61-12
Removed Pin From Net: NetName=3V/5V_Solenoid Pin=U61-13
Removed Pin From Net: NetName=SOLE12_OUT2 Pin=U61-14
Removed Pin From Net: NetName=SOLE12_OUT1 Pin=U61-15
Removed Pin From Net: NetName=3V/5V_Solenoid Pin=U61-16
Removed Pin From Net: NetName=NetR573_2 Pin=U61-18
Removed Pin From Net: NetName=GND Pin=U61-19
Removed Pin From Net: NetName=NetR571_2 Pin=U61-21
Removed Pin From Net: NetName=3V/5V_Solenoid Pin=U61-25
Removed Pin From Net: NetName=SOLE10_OUT2 Pin=U61-26
Removed Pin From Net: NetName=SOLE10_OUT1 Pin=U61-27
Removed Pin From Net: NetName=3V/5V_Solenoid Pin=U61-28
Removed Pin From Net: NetName=3V/5V_Solenoid Pin=U61-29
Removed Pin From Net: NetName=SOLE9_OUT2 Pin=U61-30
Removed Pin From Net: NetName=SOLE9_OUT1 Pin=U61-31
Removed Pin From Net: NetName=3V/5V_Solenoid Pin=U61-32
Removed Pin From Net: NetName=GND Pin=U61-33
Removed Member From Class: ClassName=19_SOLENOID_HB_1 Member=C208
Removed Member From Class: ClassName=19_SOLENOID_HB_1 Member=C214
Removed Member From Class: ClassName=19_SOLENOID_HB_1 Member=C216
Removed Member From Class: ClassName=19_SOLENOID_HB_1 Member=C229
Removed Member From Class: ClassName=19_SOLENOID_HB_1 Member=C230
Removed Member From Class: ClassName=19_SOLENOID_HB_1 Member=C231
Removed Member From Class: ClassName=19_SOLENOID_HB_1 Member=C271
Removed Member From Class: ClassName=19_SOLENOID_HB_1 Member=C346
Removed Member From Class: ClassName=19_SOLENOID_HB_1 Member=C347
Removed Member From Class: ClassName=19_SOLENOID_HB_1 Member=C348
Removed Member From Class: ClassName=19_SOLENOID_HB_1 Member=C349
Removed Member From Class: ClassName=19_SOLENOID_HB_1 Member=C351
Removed Member From Class: ClassName=19_SOLENOID_HB_1 Member=C352
Removed Member From Class: ClassName=19_SOLENOID_HB_1 Member=C367
Removed Member From Class: ClassName=19_SOLENOID_HB_1 Member=C368
Removed Member From Class: ClassName=19_SOLENOID_HB_1 Member=C369
Removed Member From Class: ClassName=19_SOLENOID_HB_1 Member=C370
Removed Member From Class: ClassName=19_SOLENOID_HB_1 Member=C378
Removed Member From Class: ClassName=19_SOLENOID_HB_1 Member=C379
Removed Member From Class: ClassName=19_SOLENOID_HB_1 Member=C380
Removed Member From Class: ClassName=19_SOLENOID_HB_1 Member=C381
Removed Member From Class: ClassName=19_SOLENOID_HB_1 Member=C382
Removed Member From Class: ClassName=19_SOLENOID_HB_1 Member=C383
Removed Member From Class: ClassName=19_SOLENOID_HB_1 Member=C384
Removed Member From Class: ClassName=19_SOLENOID_HB_1 Member=C385
Removed Member From Class: ClassName=19_SOLENOID_HB_1 Member=R318
Removed Member From Class: ClassName=19_SOLENOID_HB_1 Member=R319
Removed Member From Class: ClassName=19_SOLENOID_HB_1 Member=R320
Removed Member From Class: ClassName=19_SOLENOID_HB_1 Member=R343
Removed Member From Class: ClassName=19_SOLENOID_HB_1 Member=R345
Removed Member From Class: ClassName=19_SOLENOID_HB_1 Member=R366
Removed Member From Class: ClassName=19_SOLENOID_HB_1 Member=R369
Removed Member From Class: ClassName=19_SOLENOID_HB_1 Member=R372
Removed Member From Class: ClassName=19_SOLENOID_HB_1 Member=R374
Removed Member From Class: ClassName=19_SOLENOID_HB_1 Member=R376
Removed Member From Class: ClassName=19_SOLENOID_HB_1 Member=R393
Removed Member From Class: ClassName=19_SOLENOID_HB_1 Member=R394
Removed Member From Class: ClassName=19_SOLENOID_HB_1 Member=U50
Removed Member From Class: ClassName=19_SOLENOID_HB_1 Member=U58
Removed Member From Class: ClassName=19_SOLENOID_HB_1 Member=U59
Removed Member From Class: ClassName=19_SOLENOID_HB_1 Member=U60
Removed Member From Class: ClassName=19_SOLENOID_HB_1 Member=U61
Change Component Comment : Designator=R480 Old Comment=10k New Comment=22R
Change Component Comment : Designator=R481 Old Comment=10k New Comment=22R
Change Component Comment : Designator=R482 Old Comment=10k New Comment=22R
Change Component Comment : Designator=R483 Old Comment=10k New Comment=22R
Change Component Comment : Designator=R549 Old Comment=10k New Comment=22R
Change Component Comment : Designator=R564 Old Comment=10k New Comment=22R
Change Component Comment : Designator=R573 Old Comment=20k New Comment=10k
Change Component Comment : Designator=R478 Old Comment=20k New Comment=22R
Change Component Comment : Designator=R479 Old Comment=20k New Comment=22R
Change Component Comment : Designator=R544 Old Comment=20k New Comment=22R
Change Component Comment : Designator=R548 Old Comment=20k New Comment=22R
Change Component Comment : Designator=R476 Old Comment=22R New Comment=10k
Change Component Comment : Designator=R477 Old Comment=22R New Comment=10k
Change Component Comment : Designator=R491 Old Comment=22R New Comment=10k
Change Component Comment : Designator=R492 Old Comment=22R New Comment=10k
Change Component Comment : Designator=R498 Old Comment=22R New Comment=10k
Change Component Comment : Designator=R500 Old Comment=22R New Comment=10k
Change Component Comment : Designator=R495 Old Comment=22R New Comment=20k
Change Component Comment : Designator=R496 Old Comment=22R New Comment=20k
Added Component: Designator=C400(CAP_C_1005X50_L)
Added Component: Designator=C401(CAP_C_1005X50_L)
Added Component: Designator=C402(CAP_C_1005X50_L)
Added Component: Designator=C403(CAP_C_1005X50_L)
Added Component: Designator=C404(CAP_C_1005X50_L)
Added Component: Designator=C405(CAP_C_1005X50_L)
Added Component: Designator=C406(CAP_C_1005X50_L)
Added Component: Designator=C407(CAP_C_1005X50_L)
Added Component: Designator=C408(CAP_C_1005X50_L)
Added Component: Designator=C409(CAP_C_1005X50_L)
Added Component: Designator=C410(CAP_C_1005X50_L)
Added Component: Designator=C411(CAP_C_1005X50_L)
Added Component: Designator=C412(CAP_C_1005X50_L)
Added Component: Designator=C413(CAP_C_1005X50_L)
Added Component: Designator=C414(CAP_C_1005X50_L)
Added Component: Designator=C415(CAP_C_1005X50_L)
Added Component: Designator=C416(CAP_C_1005X50_L)
Added Component: Designator=C417(CAP_C_1005X50_L)
Added Component: Designator=C418(CAP_C_1005X50_L)
Added Component: Designator=C419(CAP_C_1005X50_L)
Added Component: Designator=C420(CAP_C_1005X50_L)
Added Component: Designator=C421(CAP_C_1005X50_L)
Added Component: Designator=C422(CAP_C_1005X50_L)
Added Component: Designator=C423(CAP_C_1005X50_L)
Added Component: Designator=C424(CAP_C_1005X50_L)
Added Component: Designator=R625(RES_C_1005x30_L)
Added Component: Designator=R626(RES_C_1005x30_L)
Added Component: Designator=R627(RES_C_1005x30_L)
Added Component: Designator=R628(RES_C_1005x30_L)
Added Component: Designator=R629(RES_C_1005x30_L)
Added Component: Designator=R630(RES_C_1005x30_L)
Added Component: Designator=R631(RES_C_1005x30_L)
Added Component: Designator=R632(RES_C_1005x30_L)
Added Component: Designator=R633(RES_C_1005x30_L)
Added Component: Designator=R634(RES_C_1005x30_L)
Added Component: Designator=R635(RES_C_1005x30_L)
Added Component: Designator=R636(RES_C_1005x30_L)
Added Component: Designator=U400(21-0140AK_T3255_8C_MXM)
Add component (AddParameter): Name = "Copyright"; Value = "Copyright (C) 2026 Ultra Librarian. All rights reserved."; VariantName = "[No Variations]"
Add component (AddParameter): Name = "Manufacturer_Name"; Value = "Analog Devices Inc"; VariantName = "[No Variations]"
Add component (AddParameter): Name = "Manufacturer_Part_Number"; Value = "MAX22200ETJ+T"; VariantName = "[No Variations]"
Add component (AddParameter): Name = "RefDes"; Value = "RefDes"; VariantName = "[No Variations]"
Add component (AddParameter): Name = "Type"; Value = "Type"; VariantName = "[No Variations]"
Added Component: Designator=U401(21-0140AK_T3255_8C_MXM)
Add component (AddParameter): Name = "Copyright"; Value = "Copyright (C) 2026 Ultra Librarian. All rights reserved."; VariantName = "[No Variations]"
Add component (AddParameter): Name = "Manufacturer_Name"; Value = "Analog Devices Inc"; VariantName = "[No Variations]"
Add component (AddParameter): Name = "Manufacturer_Part_Number"; Value = "MAX22200ETJ+T"; VariantName = "[No Variations]"
Add component (AddParameter): Name = "RefDes"; Value = "RefDes"; VariantName = "[No Variations]"
Add component (AddParameter): Name = "Type"; Value = "Type"; VariantName = "[No Variations]"
Added Component: Designator=U402(21-0140AK_T3255_8C_MXM)
Add component (AddParameter): Name = "Copyright"; Value = "Copyright (C) 2026 Ultra Librarian. All rights reserved."; VariantName = "[No Variations]"
Add component (AddParameter): Name = "Manufacturer_Name"; Value = "Analog Devices Inc"; VariantName = "[No Variations]"
Add component (AddParameter): Name = "Manufacturer_Part_Number"; Value = "MAX22200ETJ+T"; VariantName = "[No Variations]"
Add component (AddParameter): Name = "RefDes"; Value = "RefDes"; VariantName = "[No Variations]"
Add component (AddParameter): Name = "Type"; Value = "Type"; VariantName = "[No Variations]"
Added Component: Designator=U403(21-0140AK_T3255_8C_MXM)
Add component (AddParameter): Name = "Copyright"; Value = "Copyright (C) 2026 Ultra Librarian. All rights reserved."; VariantName = "[No Variations]"
Add component (AddParameter): Name = "Manufacturer_Name"; Value = "Analog Devices Inc"; VariantName = "[No Variations]"
Add component (AddParameter): Name = "Manufacturer_Part_Number"; Value = "MAX22200ETJ+T"; VariantName = "[No Variations]"
Add component (AddParameter): Name = "RefDes"; Value = "RefDes"; VariantName = "[No Variations]"
Add component (AddParameter): Name = "Type"; Value = "Type"; VariantName = "[No Variations]"
Added Component: Designator=U404(21-0140AK_T3255_8C_MXM)
Add component (AddParameter): Name = "Copyright"; Value = "Copyright (C) 2026 Ultra Librarian. All rights reserved."; VariantName = "[No Variations]"
Add component (AddParameter): Name = "Manufacturer_Name"; Value = "Analog Devices Inc"; VariantName = "[No Variations]"
Add component (AddParameter): Name = "Manufacturer_Part_Number"; Value = "MAX22200ETJ+T"; VariantName = "[No Variations]"
Add component (AddParameter): Name = "RefDes"; Value = "RefDes"; VariantName = "[No Variations]"
Add component (AddParameter): Name = "Type"; Value = "Type"; VariantName = "[No Variations]"
Added Pin To Net: NetName=GND Pin=C400-1
Added Pin To Net: NetName=3V/5V_Solenoid Pin=C400-2
Added Pin To Net: NetName=GND Pin=C401-1
Added Pin To Net: NetName=3V/5V_Solenoid Pin=C401-2
Added Pin To Net: NetName=GND Pin=C402-1
Added Pin To Net: NetName=3V/5V_Solenoid Pin=C402-2
Added Pin To Net: NetName=GND Pin=C403-1
Added Pin To Net: NetName=3V/5V_Solenoid Pin=C403-2
Added Pin To Net: NetName=3V/5V_Solenoid Pin=C404-2
Added Pin To Net: NetName=3V/5V_Solenoid Pin=C405-2
Added Pin To Net: NetName=GND Pin=C408-1
Added Pin To Net: NetName=GND Pin=C409-1
Added Pin To Net: NetName=GND Pin=C410-1
Added Pin To Net: NetName=3V/5V_Solenoid Pin=C410-2
Added Pin To Net: NetName=GND Pin=C411-1
Added Pin To Net: NetName=3V/5V_Solenoid Pin=C411-2
Added Pin To Net: NetName=GND Pin=C412-1
Added Pin To Net: NetName=3V/5V_Solenoid Pin=C412-2
Added Pin To Net: NetName=GND Pin=C413-1
Added Pin To Net: NetName=3V/5V_Solenoid Pin=C413-2
Added Pin To Net: NetName=3V/5V_Solenoid Pin=C414-2
Added Pin To Net: NetName=3V/5V_Solenoid Pin=C415-2
Added Pin To Net: NetName=GND Pin=C418-1
Added Pin To Net: NetName=GND Pin=C419-1
Added Pin To Net: NetName=GND Pin=C420-1
Added Pin To Net: NetName=3V/5V_Solenoid Pin=C420-2
Added Pin To Net: NetName=GND Pin=C421-1
Added Pin To Net: NetName=3V/5V_Solenoid Pin=C421-2
Added Pin To Net: NetName=3V/5V_Solenoid Pin=C422-2
Added Pin To Net: NetName=GND Pin=C424-1
Added Pin To Net: NetName=MCU_SPI0_MISO Pin=R475-2
Added Pin To Net: NetName=3.3V_MCU Pin=R476-1
Added Pin To Net: NetName=3.3V_MCU Pin=R477-1
Added Pin To Net: NetName=MCU_SPI0_MISO Pin=R477-2
Added Pin To Net: NetName=MCU_SPI0_MISO Pin=R478-1
Added Pin To Net: NetName=MCU_SPI0_MISO Pin=R479-1
Added Pin To Net: NetName=MCU_SPI0_nCS_SOLE_A Pin=R480-1
Added Pin To Net: NetName=MCU_SPI0_nCS_SOLE_D Pin=R481-1
Added Pin To Net: NetName=MCU_SPI0_SCK Pin=R482-1
Added Pin To Net: NetName=MCU_SPI0_SCK Pin=R483-1
Added Pin To Net: NetName=MCU_SPI0_MOSI Pin=R484-1
Added Pin To Net: NetName=MCU_SPI0_MOSI Pin=R488-1
Added Pin To Net: NetName=3.3V_MCU Pin=R491-1
Added Pin To Net: NetName=3.3V_MCU Pin=R492-1
Added Pin To Net: NetName=MCU_SPI0_CMD_SOLE_A Pin=R493-1
Added Pin To Net: NetName=MCU_SPI0_CMD_SOLE_D Pin=R494-1
Added Pin To Net: NetName=GND Pin=R495-1
Added Pin To Net: NetName=GND Pin=R496-1
Added Pin To Net: NetName=3.3V_MCU Pin=R498-1
Added Pin To Net: NetName=MCU_SPI0_MISO Pin=R498-2
Added Pin To Net: NetName=3.3V_MCU Pin=R500-1
Added Pin To Net: NetName=MCU_SPI0_MISO Pin=R500-2
Added Pin To Net: NetName=MCU_SPI0_MISO Pin=R544-1
Added Pin To Net: NetName=MCU_SPI0_nCS_SOLE_B Pin=R548-1
Added Pin To Net: NetName=MCU_SPI0_MISO Pin=R549-1
Added Pin To Net: NetName=MCU_SPI0_SCK Pin=R564-1
Added Pin To Net: NetName=MCU_SPI0_nCS_SOLE_E Pin=R567-1
Added Pin To Net: NetName=MCU_SPI0_MOSI Pin=R568-1
Added Pin To Net: NetName=MCU_SPI0_CMD_SOLE_B Pin=R572-1
Added Pin To Net: NetName=3.3V_MCU Pin=R573-1
Added Pin To Net: NetName=MCU_SPI0_CMD_SOLE_E Pin=R625-1
Added Pin To Net: NetName=GND Pin=R626-1
Added Pin To Net: NetName=GND Pin=R627-1
Added Pin To Net: NetName=3.3V_MCU Pin=R628-1
Added Pin To Net: NetName=3.3V_MCU Pin=R629-1
Added Pin To Net: NetName=MCU_SPI0_MISO Pin=R629-2
Added Pin To Net: NetName=MCU_SPI0_MISO Pin=R630-1
Added Pin To Net: NetName=MCU_SPI0_nCS_SOLE_C Pin=R631-1
Added Pin To Net: NetName=MCU_SPI0_SCK Pin=R632-1
Added Pin To Net: NetName=MCU_SPI0_MOSI Pin=R633-1
Added Pin To Net: NetName=3.3V_MCU Pin=R634-1
Added Pin To Net: NetName=MCU_SPI0_CMD_SOLE_C Pin=R635-1
Added Pin To Net: NetName=GND Pin=R636-1
Added Pin To Net: NetName=NetR474_2 Pin=U400-1
Added Pin To Net: NetName=NetR493_2 Pin=U400-2
Added Pin To Net: NetName=NetR480_2 Pin=U400-3
Added Pin To Net: NetName=GND Pin=U400-4
Added Pin To Net: NetName=NetR482_2 Pin=U400-5
Added Pin To Net: NetName=NetR484_2 Pin=U400-6
Added Pin To Net: NetName=NetR478_2 Pin=U400-7
Added Pin To Net: NetName=3V/5V_Solenoid Pin=U400-9
Added Pin To Net: NetName=SOLE3_OUT1 Pin=U400-10
Added Pin To Net: NetName=SOLE3_OUT2 Pin=U400-11
Added Pin To Net: NetName=3V/5V_Solenoid Pin=U400-12
Added Pin To Net: NetName=3V/5V_Solenoid Pin=U400-13
Added Pin To Net: NetName=SOLE4_OUT2 Pin=U400-14
Added Pin To Net: NetName=SOLE4_OUT1 Pin=U400-15
Added Pin To Net: NetName=3V/5V_Solenoid Pin=U400-16
Added Pin To Net: NetName=NetR495_2 Pin=U400-18
Added Pin To Net: NetName=GND Pin=U400-19
Added Pin To Net: NetName=NetR491_2 Pin=U400-21
Added Pin To Net: NetName=3V/5V_Solenoid Pin=U400-25
Added Pin To Net: NetName=SOLE2_OUT2 Pin=U400-26
Added Pin To Net: NetName=SOLE2_OUT1 Pin=U400-27
Added Pin To Net: NetName=3V/5V_Solenoid Pin=U400-28
Added Pin To Net: NetName=3V/5V_Solenoid Pin=U400-29
Added Pin To Net: NetName=SOLE1_OUT2 Pin=U400-30
Added Pin To Net: NetName=SOLE1_OUT1 Pin=U400-31
Added Pin To Net: NetName=3V/5V_Solenoid Pin=U400-32
Added Pin To Net: NetName=GND Pin=U400-33
Added Pin To Net: NetName=NetR476_2 Pin=U401-1
Added Pin To Net: NetName=NetR494_2 Pin=U401-2
Added Pin To Net: NetName=GND Pin=U401-4
Added Pin To Net: NetName=NetR488_2 Pin=U401-6
Added Pin To Net: NetName=NetR479_2 Pin=U401-7
Added Pin To Net: NetName=3V/5V_Solenoid Pin=U401-9
Added Pin To Net: NetName=SOLE15_OUT1 Pin=U401-10
Added Pin To Net: NetName=SOLE15_OUT2 Pin=U401-11
Added Pin To Net: NetName=3V/5V_Solenoid Pin=U401-12
Added Pin To Net: NetName=3V/5V_Solenoid Pin=U401-13
Added Pin To Net: NetName=SOLE16_OUT2 Pin=U401-14
Added Pin To Net: NetName=SOLE16_OUT1 Pin=U401-15
Added Pin To Net: NetName=3V/5V_Solenoid Pin=U401-16
Added Pin To Net: NetName=NetR496_2 Pin=U401-18
Added Pin To Net: NetName=GND Pin=U401-19
Added Pin To Net: NetName=NetR492_2 Pin=U401-21
Added Pin To Net: NetName=3V/5V_Solenoid Pin=U401-25
Added Pin To Net: NetName=SOLE14_OUT2 Pin=U401-26
Added Pin To Net: NetName=SOLE14_OUT1 Pin=U401-27
Added Pin To Net: NetName=3V/5V_Solenoid Pin=U401-28
Added Pin To Net: NetName=3V/5V_Solenoid Pin=U401-29
Added Pin To Net: NetName=SOLE13_OUT2 Pin=U401-30
Added Pin To Net: NetName=SOLE13_OUT1 Pin=U401-31
Added Pin To Net: NetName=3V/5V_Solenoid Pin=U401-32
Added Pin To Net: NetName=GND Pin=U401-33
Added Pin To Net: NetName=NetR497_2 Pin=U402-1
Added Pin To Net: NetName=NetR572_2 Pin=U402-2
Added Pin To Net: NetName=NetR548_2 Pin=U402-3
Added Pin To Net: NetName=GND Pin=U402-4
Added Pin To Net: NetName=NetR568_2 Pin=U402-6
Added Pin To Net: NetName=NetR544_2 Pin=U402-7
Added Pin To Net: NetName=3V/5V_Solenoid Pin=U402-9
Added Pin To Net: NetName=SOLE7_OUT1 Pin=U402-10
Added Pin To Net: NetName=SOLE7_OUT2 Pin=U402-11
Added Pin To Net: NetName=3V/5V_Solenoid Pin=U402-12
Added Pin To Net: NetName=3V/5V_Solenoid Pin=U402-13
Added Pin To Net: NetName=SOLE8_OUT2 Pin=U402-14
Added Pin To Net: NetName=SOLE8_OUT1 Pin=U402-15
Added Pin To Net: NetName=3V/5V_Solenoid Pin=U402-16
Added Pin To Net: NetName=GND Pin=U402-19
Added Pin To Net: NetName=NetR571_2 Pin=U402-21
Added Pin To Net: NetName=3V/5V_Solenoid Pin=U402-25
Added Pin To Net: NetName=SOLE6_OUT2 Pin=U402-26
Added Pin To Net: NetName=SOLE6_OUT1 Pin=U402-27
Added Pin To Net: NetName=3V/5V_Solenoid Pin=U402-28
Added Pin To Net: NetName=3V/5V_Solenoid Pin=U402-29
Added Pin To Net: NetName=SOLE5_OUT2 Pin=U402-30
Added Pin To Net: NetName=SOLE5_OUT1 Pin=U402-31
Added Pin To Net: NetName=3V/5V_Solenoid Pin=U402-32
Added Pin To Net: NetName=GND Pin=U402-33
Added Pin To Net: NetName=NetR499_2 Pin=U403-1
Added Pin To Net: NetName=NetR567_2 Pin=U403-3
Added Pin To Net: NetName=GND Pin=U403-4
Added Pin To Net: NetName=NetR569_2 Pin=U403-5
Added Pin To Net: NetName=NetR570_2 Pin=U403-6
Added Pin To Net: NetName=NetR549_2 Pin=U403-7
Added Pin To Net: NetName=3V/5V_Solenoid Pin=U403-9
Added Pin To Net: NetName=SOLE19_OUT1 Pin=U403-10
Added Pin To Net: NetName=SOLE19_OUT2 Pin=U403-11
Added Pin To Net: NetName=3V/5V_Solenoid Pin=U403-12
Added Pin To Net: NetName=3V/5V_Solenoid Pin=U403-13
Added Pin To Net: NetName=SOLE20_OUT2 Pin=U403-14
Added Pin To Net: NetName=SOLE20_OUT1 Pin=U403-15
Added Pin To Net: NetName=3V/5V_Solenoid Pin=U403-16
Added Pin To Net: NetName=GND Pin=U403-19
Added Pin To Net: NetName=NetR573_2 Pin=U403-21
Added Pin To Net: NetName=3V/5V_Solenoid Pin=U403-25
Added Pin To Net: NetName=SOLE18_OUT2 Pin=U403-26
Added Pin To Net: NetName=SOLE18_OUT1 Pin=U403-27
Added Pin To Net: NetName=3V/5V_Solenoid Pin=U403-28
Added Pin To Net: NetName=3V/5V_Solenoid Pin=U403-29
Added Pin To Net: NetName=SOLE17_OUT2 Pin=U403-30
Added Pin To Net: NetName=SOLE17_OUT1 Pin=U403-31
Added Pin To Net: NetName=3V/5V_Solenoid Pin=U403-32
Added Pin To Net: NetName=GND Pin=U403-33
Added Pin To Net: NetName=GND Pin=U404-4
Added Pin To Net: NetName=3V/5V_Solenoid Pin=U404-9
Added Pin To Net: NetName=SOLE11_OUT1 Pin=U404-10
Added Pin To Net: NetName=SOLE11_OUT2 Pin=U404-11
Added Pin To Net: NetName=3V/5V_Solenoid Pin=U404-12
Added Pin To Net: NetName=3V/5V_Solenoid Pin=U404-13
Added Pin To Net: NetName=SOLE12_OUT2 Pin=U404-14
Added Pin To Net: NetName=SOLE12_OUT1 Pin=U404-15
Added Pin To Net: NetName=3V/5V_Solenoid Pin=U404-16
Added Pin To Net: NetName=GND Pin=U404-19
Added Pin To Net: NetName=3V/5V_Solenoid Pin=U404-25
Added Pin To Net: NetName=SOLE10_OUT2 Pin=U404-26
Added Pin To Net: NetName=SOLE10_OUT1 Pin=U404-27
Added Pin To Net: NetName=3V/5V_Solenoid Pin=U404-28
Added Pin To Net: NetName=3V/5V_Solenoid Pin=U404-29
Added Pin To Net: NetName=SOLE9_OUT2 Pin=U404-30
Added Pin To Net: NetName=SOLE9_OUT1 Pin=U404-31
Added Pin To Net: NetName=3V/5V_Solenoid Pin=U404-32
Added Pin To Net: NetName=GND Pin=U404-33
Added Pin To Net: NetName=NetC404_1 Pin=C404-1
Added Pin To Net: NetName=NetC404_1 Pin=U400-24
Added Net: Name=NetC404_1
Added Pin To Net: NetName=NetC405_1 Pin=C405-1
Added Pin To Net: NetName=NetC405_1 Pin=U401-24
Added Net: Name=NetC405_1
Added Pin To Net: NetName=NetC406_1 Pin=C406-1
Added Pin To Net: NetName=NetC406_1 Pin=U400-22
Added Net: Name=NetC406_1
Added Pin To Net: NetName=NetC406_2 Pin=C406-2
Added Pin To Net: NetName=NetC406_2 Pin=U400-23
Added Net: Name=NetC406_2
Added Pin To Net: NetName=NetC407_1 Pin=C407-1
Added Pin To Net: NetName=NetC407_1 Pin=U401-22
Added Net: Name=NetC407_1
Added Pin To Net: NetName=NetC407_2 Pin=C407-2
Added Pin To Net: NetName=NetC407_2 Pin=U401-23
Added Net: Name=NetC407_2
Added Pin To Net: NetName=NetC408_2 Pin=C408-2
Added Pin To Net: NetName=NetC408_2 Pin=U400-20
Added Net: Name=NetC408_2
Added Pin To Net: NetName=NetC409_2 Pin=C409-2
Added Pin To Net: NetName=NetC409_2 Pin=U401-20
Added Net: Name=NetC409_2
Added Pin To Net: NetName=NetC414_1 Pin=C414-1
Added Pin To Net: NetName=NetC414_1 Pin=U402-24
Added Net: Name=NetC414_1
Added Pin To Net: NetName=NetC415_1 Pin=C415-1
Added Pin To Net: NetName=NetC415_1 Pin=U403-24
Added Net: Name=NetC415_1
Added Pin To Net: NetName=NetC416_1 Pin=C416-1
Added Pin To Net: NetName=NetC416_1 Pin=U402-22
Added Net: Name=NetC416_1
Added Pin To Net: NetName=NetC416_2 Pin=C416-2
Added Pin To Net: NetName=NetC416_2 Pin=U402-23
Added Net: Name=NetC416_2
Added Pin To Net: NetName=NetC417_1 Pin=C417-1
Added Pin To Net: NetName=NetC417_1 Pin=U403-22
Added Net: Name=NetC417_1
Added Pin To Net: NetName=NetC417_2 Pin=C417-2
Added Pin To Net: NetName=NetC417_2 Pin=U403-23
Added Net: Name=NetC417_2
Added Pin To Net: NetName=NetC418_2 Pin=C418-2
Added Pin To Net: NetName=NetC418_2 Pin=U402-20
Added Net: Name=NetC418_2
Added Pin To Net: NetName=NetC419_2 Pin=C419-2
Added Pin To Net: NetName=NetC419_2 Pin=U403-20
Added Net: Name=NetC419_2
Added Pin To Net: NetName=NetC422_1 Pin=C422-1
Added Pin To Net: NetName=NetC422_1 Pin=U404-24
Added Net: Name=NetC422_1
Added Pin To Net: NetName=NetC423_1 Pin=C423-1
Added Pin To Net: NetName=NetC423_1 Pin=U404-22
Added Net: Name=NetC423_1
Added Pin To Net: NetName=NetC423_2 Pin=C423-2
Added Pin To Net: NetName=NetC423_2 Pin=U404-23
Added Net: Name=NetC423_2
Added Pin To Net: NetName=NetC424_2 Pin=C424-2
Added Pin To Net: NetName=NetC424_2 Pin=U404-20
Added Net: Name=NetC424_2
Added Pin To Net: NetName=NetR481_2 Pin=R481-2
Added Pin To Net: NetName=NetR481_2 Pin=U401-3
Added Net: Name=NetR481_2
Added Pin To Net: NetName=NetR483_2 Pin=R483-2
Added Pin To Net: NetName=NetR483_2 Pin=U401-5
Added Net: Name=NetR483_2
Added Pin To Net: NetName=NetR564_2 Pin=R564-2
Added Pin To Net: NetName=NetR564_2 Pin=U402-5
Added Net: Name=NetR564_2
Added Pin To Net: NetName=NetR625_2 Pin=R625-2
Added Pin To Net: NetName=NetR625_2 Pin=U403-2
Added Net: Name=NetR625_2
Added Pin To Net: NetName=NetR626_2 Pin=R626-2
Added Pin To Net: NetName=NetR626_2 Pin=U402-18
Added Net: Name=NetR626_2
Added Pin To Net: NetName=NetR627_2 Pin=R627-2
Added Pin To Net: NetName=NetR627_2 Pin=U403-18
Added Net: Name=NetR627_2
Added Pin To Net: NetName=NetR628_2 Pin=R628-2
Added Pin To Net: NetName=NetR628_2 Pin=U404-1
Added Net: Name=NetR628_2
Added Pin To Net: NetName=NetR630_2 Pin=R630-2
Added Pin To Net: NetName=NetR630_2 Pin=U404-7
Added Net: Name=NetR630_2
Added Pin To Net: NetName=NetR631_2 Pin=R631-2
Added Pin To Net: NetName=NetR631_2 Pin=U404-3
Added Net: Name=NetR631_2
Added Pin To Net: NetName=NetR632_2 Pin=R632-2
Added Pin To Net: NetName=NetR632_2 Pin=U404-5
Added Net: Name=NetR632_2
Added Pin To Net: NetName=NetR633_2 Pin=R633-2
Added Pin To Net: NetName=NetR633_2 Pin=U404-6
Added Net: Name=NetR633_2
Added Pin To Net: NetName=NetR634_2 Pin=R634-2
Added Pin To Net: NetName=NetR634_2 Pin=U404-21
Added Net: Name=NetR634_2
Added Pin To Net: NetName=NetR635_2 Pin=R635-2
Added Pin To Net: NetName=NetR635_2 Pin=U404-2
Added Net: Name=NetR635_2
Added Pin To Net: NetName=NetR636_2 Pin=R636-2
Added Pin To Net: NetName=NetR636_2 Pin=U404-18
Added Net: Name=NetR636_2
Added Member To Class: ClassName=19_SOLENOID_HB_1 Member=Component C400 4.7uF/10V
Added Member To Class: ClassName=19_SOLENOID_HB_1 Member=Component C401 0.1uF/10V
Added Member To Class: ClassName=19_SOLENOID_HB_1 Member=Component C402 4.7uF/10V
Added Member To Class: ClassName=19_SOLENOID_HB_1 Member=Component C403 0.1uF/10V
Added Member To Class: ClassName=19_SOLENOID_HB_1 Member=Component C404 1uF/10V
Added Member To Class: ClassName=19_SOLENOID_HB_1 Member=Component C405 1uF/10V
Added Member To Class: ClassName=19_SOLENOID_HB_1 Member=Component C406 22nF/10V
Added Member To Class: ClassName=19_SOLENOID_HB_1 Member=Component C407 22nF/10V
Added Member To Class: ClassName=19_SOLENOID_HB_1 Member=Component C408 2.2uF/10V
Added Member To Class: ClassName=19_SOLENOID_HB_1 Member=Component C409 2.2uF/10V
Added Member To Class: ClassName=19_SOLENOID_HB_1 Member=Component C410 4.7uF/10V
Added Member To Class: ClassName=19_SOLENOID_HB_1 Member=Component C411 0.1uF/10V
Added Member To Class: ClassName=19_SOLENOID_HB_1 Member=Component C412 4.7uF/10V
Added Member To Class: ClassName=19_SOLENOID_HB_1 Member=Component C413 0.1uF/10V
Added Member To Class: ClassName=19_SOLENOID_HB_1 Member=Component C414 1uF/10V
Added Member To Class: ClassName=19_SOLENOID_HB_1 Member=Component C415 1uF/10V
Added Member To Class: ClassName=19_SOLENOID_HB_1 Member=Component C416 22nF/10V
Added Member To Class: ClassName=19_SOLENOID_HB_1 Member=Component C417 22nF/10V
Added Member To Class: ClassName=19_SOLENOID_HB_1 Member=Component C418 2.2uF/10V
Added Member To Class: ClassName=19_SOLENOID_HB_1 Member=Component C419 2.2uF/10V
Added Member To Class: ClassName=19_SOLENOID_HB_1 Member=Component C420 4.7uF/10V
Added Member To Class: ClassName=19_SOLENOID_HB_1 Member=Component C421 0.1uF/10V
Added Member To Class: ClassName=19_SOLENOID_HB_1 Member=Component C422 1uF/10V
Added Member To Class: ClassName=19_SOLENOID_HB_1 Member=Component C423 22nF/10V
Added Member To Class: ClassName=19_SOLENOID_HB_1 Member=Component C424 2.2uF/10V
Added Member To Class: ClassName=19_SOLENOID_HB_1 Member=Component R625 22R
Added Member To Class: ClassName=19_SOLENOID_HB_1 Member=Component R626 20k
Added Member To Class: ClassName=19_SOLENOID_HB_1 Member=Component R627 20k
Added Member To Class: ClassName=19_SOLENOID_HB_1 Member=Component R628 10k
Added Member To Class: ClassName=19_SOLENOID_HB_1 Member=Component R629 10k
Added Member To Class: ClassName=19_SOLENOID_HB_1 Member=Component R630 22R
Added Member To Class: ClassName=19_SOLENOID_HB_1 Member=Component R631 22R
Added Member To Class: ClassName=19_SOLENOID_HB_1 Member=Component R632 22R
Added Member To Class: ClassName=19_SOLENOID_HB_1 Member=Component R633 22R
Added Member To Class: ClassName=19_SOLENOID_HB_1 Member=Component R634 10k
Added Member To Class: ClassName=19_SOLENOID_HB_1 Member=Component R635 22R
Added Member To Class: ClassName=19_SOLENOID_HB_1 Member=Component R636 20k
Added Member To Class: ClassName=19_SOLENOID_HB_1 Member=Component U400 MAX22200ETJ+T
Added Member To Class: ClassName=19_SOLENOID_HB_1 Member=Component U401 MAX22200ETJ+T
Added Member To Class: ClassName=19_SOLENOID_HB_1 Member=Component U402 MAX22200ETJ+T
Added Member To Class: ClassName=19_SOLENOID_HB_1 Member=Component U403 MAX22200ETJ+T
Added Member To Class: ClassName=19_SOLENOID_HB_1 Member=Component U404 MAX22200ETJ+T
