Change Footprint: Cannot match pads with new footprint in component :TP1 Footprint:TP_1mm_SMD
Change Footprint: Cannot match pads with new footprint in component :TP2 Footprint:TP_1mm_SMD
Change Footprint: Cannot match pads with new footprint in component :TP5 Footprint:TP_1mm_SMD
Change Footprint: Cannot match pads with new footprint in component :TP17 Footprint:TP_1mm_SMD
Change Footprint: Cannot match pads with new footprint in component :TP18 Footprint:TP_1mm_SMD
Change Component Footprint: Designator=U73 Old Footprint=SOIC8_150MIL_N_ISI New Footprint=TPS54531DDAR
Added Component: Designator=R?(RES_C_0603X30)
Added Component: Designator=R?(RES_C_0603X30)
Added Component: Designator=R?(RES_C_0603X30)
Added Component: Designator=R?(RES_C_0603X30)
Added Component: Designator=R?(RES_C_0603X30)
Added Component: Designator=R?(RES_C_0603X30)
Added Component: Designator=R?(RES_C_0603X30)
Added Component: Designator=R?(RES_C_0603X30)
Added Component: Designator=R?(RES_C_0603X30)
Added Component: Designator=R?(RES_C_0603X30)
Added Component: Designator=R?(RES_C_0603X30)
Added Pin To Net: NetName=CPU_PRAM_SW_nEN1 Pin=R?-1
Added Pin To Net: NetName=MCU_SPI0_CMD_SOLE_B Pin=R?-1
Added Pin To Net: NetName=MCU_SPI0_CMD_SOLE_C Pin=R?-1
Added Pin To Net: NetName=MCU_SPI0_CMD_SOLE_D Pin=R?-1
Added Pin To Net: NetName=MCU_SPI0_nCS_SOLE_A Pin=R?-1
Added Pin To Net: NetName=MCU_SPI0_nCS_SOLE_B Pin=R?-1
Added Pin To Net: NetName=MCU_SPI0_nCS_SOLE_C Pin=R?-1
Added Pin To Net: NetName=MCU_SPI0_nCS_SOLE_D Pin=R?-1
Added Pin To Net: NetName=PC19 Pin=R?-1
Added Pin To Net: NetName=_PD28 Pin=R?-2
Added Pin To Net: NetName=MCU_SPI0_CMD_SOLE_A Pin=R?-2
Added Pin To Net: NetName=MCU_SPI0_CMD_SOLE_E Pin=R?-2
Added Pin To Net: NetName=MCU_SPI0_nCS_SOLE_E Pin=R?-2
Added Pin To Net: NetName=PB13 Pin=R?-2
Added Pin To Net: NetName=PD01 Pin=R?-2
Added Pin To Net: NetName=PD07 Pin=R?-2
Added Pin To Net: NetName=PD14 Pin=R?-2
Added Pin To Net: NetName=PD18 Pin=R?-2
Added Pin To Net: NetName=PE00 Pin=R?-2
Added Pin To Net: NetName=PE05 Pin=R?-2
Add Pin To Net: Unknown Pin: Pin TP6-0
Add Pin To Net: Unknown Pin: Pin TP7-0
Add Pin To Net: Unknown Pin: Pin TP8-0
Add Pin To Net: Unknown Pin: Pin TP9-0
Add Pin To Net: Unknown Pin: Pin TP10-0
Add Pin To Net: Unknown Pin: Pin TP11-0
Add Pin To Net: Unknown Pin: Pin TP12-0
Add Pin To Net: Unknown Pin: Pin TP13-0
Add Pin To Net: Unknown Pin: Pin TP14-0
Add Pin To Net: Unknown Pin: Pin TP16-0
Add Pin To Net: Unknown Pin: Pin TP19-0
Add Pin To Net: Unknown Pin: Pin TP20-0
Add Pin To Net: Unknown Pin: Pin TP21-0
Add Pin To Net: Unknown Pin: Pin TP22-0
Add Pin To Net: Unknown Pin: Pin TP23-0
Add Pin To Net: Unknown Pin: Pin TP24-0
Add Pin To Net: Unknown Pin: Pin TP25-0
Add Pin To Net: Unknown Pin: Pin TP26-0
Add Pin To Net: Unknown Pin: Pin TP27-0
Add Pin To Net: Unknown Pin: Pin TP28-0
Added Pin To Net: NetName=GND Pin=U73-9
Added Pin To Net: NetName=PA05 Pin=R?-1
Added Pin To Net: NetName=PA05 Pin=U3-73
Added Net: Name=PA05
Added Pin To Net: NetName=PA06 Pin=R?-1
Added Pin To Net: NetName=PA06 Pin=U3-114
Added Net: Name=PA06
Added Member To Class: ClassName=08_SAMA7G54-PIO Member=Component R? 22R
Added Member To Class: ClassName=11_MCU Member=Component R? 22R
Added Member To Class: ClassName=11_MCU Member=Component R? 22R
Added Member To Class: ClassName=11_MCU Member=Component R? 22R
Added Member To Class: ClassName=11_MCU Member=Component R? 22R
Added Member To Class: ClassName=11_MCU Member=Component R? 22R
Added Member To Class: ClassName=11_MCU Member=Component R? 22R
Added Member To Class: ClassName=11_MCU Member=Component R? 22R
Added Member To Class: ClassName=11_MCU Member=Component R? 22R
Added Member To Class: ClassName=11_MCU Member=Component R? 22R
Added Member To Class: ClassName=11_MCU Member=Component R? 22R
