Change Footprint: Cannot match pads with new footprint in component :TP1 Footprint:TP_1mm_SMD
Change Footprint: Cannot match pads with new footprint in component :TP2 Footprint:TP_1mm_SMD
Change Footprint: Cannot match pads with new footprint in component :TP5 Footprint:TP_1mm_SMD
Change Footprint: Cannot match pads with new footprint in component :TP17 Footprint:TP_1mm_SMD
Change Footprint: Cannot match pads with new footprint in component :TP18 Footprint:TP_1mm_SMD
Change Footprint: Footprint Not Found TO252-123
Change Component Footprint: Designator=U33 Old Footprint=QFN50P900X900X85-65N New Footprint=21-0140AK_T3255_8C_MXM
Change Footprint: Footprint Not Found TPS5430DDAR_V3
Change Component Footprint: Designator=U26 Old Footprint=SOIC127P602X173-8N_EPAD New Footprint=21-0140AK_T3255_8C_MXM
Change Component Footprint: Designator=U27 Old Footprint=SOIC127P602X173-8N_EPAD New Footprint=21-0140AK_T3255_8C_MXM
Change Component Footprint: Designator=U28 Old Footprint=SOIC127P602X173-8N_EPAD New Footprint=21-0140AK_T3255_8C_MXM
Change Component Footprint: Designator=U47 Old Footprint=SOIC127P602X173-8N_EPAD New Footprint=21-0140AK_T3255_8C_MXM
Change Footprint: Footprint Not Found QFN50P400X400X80-25N
Change Footprint: Footprint Not Found VQFN-HR-10
Add Pin To Net: Unknown Pin: Pin D24-3
Add Pin To Net: Unknown Pin: Pin TP6-0
Add Pin To Net: Unknown Pin: Pin TP7-0
Add Pin To Net: Unknown Pin: Pin TP8-0
Add Pin To Net: Unknown Pin: Pin TP9-0
Add Pin To Net: Unknown Pin: Pin TP10-0
Add Pin To Net: Unknown Pin: Pin TP11-0
Add Pin To Net: Unknown Pin: Pin TP12-0
Add Pin To Net: Unknown Pin: Pin TP13-0
Add Pin To Net: Unknown Pin: Pin TP14-0
Add Pin To Net: Unknown Pin: Pin TP16-0
Add Pin To Net: Unknown Pin: Pin TP19-0
Add Pin To Net: Unknown Pin: Pin TP20-0
Add Pin To Net: Unknown Pin: Pin TP21-0
Add Pin To Net: Unknown Pin: Pin TP22-0
Add Pin To Net: Unknown Pin: Pin TP23-0
Add Pin To Net: Unknown Pin: Pin TP24-0
Add Pin To Net: Unknown Pin: Pin TP25-0
Add Pin To Net: Unknown Pin: Pin TP26-0
Add Pin To Net: Unknown Pin: Pin TP27-0
Add Pin To Net: Unknown Pin: Pin TP28-0
Add Pin To Net: Unknown Pin: Pin U25-20
Add Pin To Net: Unknown Pin: Pin U25-21
Add Pin To Net: Unknown Pin: Pin U25-25
Added Pin To Net: NetName=SOLE3_OUT1 Pin=U26-10
Added Pin To Net: NetName=SOLE3_OUT2 Pin=U26-11
Added Pin To Net: NetName=3V/5V_Solenoid Pin=U26-12
Added Pin To Net: NetName=3V/5V_Solenoid Pin=U26-13
Added Pin To Net: NetName=SOLE4_OUT2 Pin=U26-14
Added Pin To Net: NetName=SOLE4_OUT1 Pin=U26-15
Added Pin To Net: NetName=3V/5V_Solenoid Pin=U26-16
Added Pin To Net: NetName=NetR478_2 Pin=U26-18
Added Pin To Net: NetName=GND Pin=U26-19
Added Pin To Net: NetName=NetC347_2 Pin=U26-20
Added Pin To Net: NetName=NetR474_2 Pin=U26-21
Added Pin To Net: NetName=NetC271_1 Pin=U26-22
Added Pin To Net: NetName=NetC271_2 Pin=U26-23
Added Pin To Net: NetName=NetC230_1 Pin=U26-24
Added Pin To Net: NetName=3V/5V_Solenoid Pin=U26-25
Added Pin To Net: NetName=SOLE2_OUT2 Pin=U26-26
Added Pin To Net: NetName=SOLE2_OUT1 Pin=U26-27
Added Pin To Net: NetName=3V/5V_Solenoid Pin=U26-28
Added Pin To Net: NetName=3V/5V_Solenoid Pin=U26-29
Added Pin To Net: NetName=SOLE1_OUT2 Pin=U26-30
Added Pin To Net: NetName=SOLE1_OUT1 Pin=U26-31
Added Pin To Net: NetName=3V/5V_Solenoid Pin=U26-32
Added Pin To Net: NetName=GND Pin=U26-33
Added Pin To Net: NetName=SOLE15_OUT1 Pin=U27-10
Added Pin To Net: NetName=SOLE15_OUT2 Pin=U27-11
Added Pin To Net: NetName=3V/5V_Solenoid Pin=U27-12
Added Pin To Net: NetName=3V/5V_Solenoid Pin=U27-13
Added Pin To Net: NetName=SOLE16_OUT2 Pin=U27-14
Added Pin To Net: NetName=SOLE16_OUT1 Pin=U27-15
Added Pin To Net: NetName=3V/5V_Solenoid Pin=U27-16
Added Pin To Net: NetName=NetR479_2 Pin=U27-18
Added Pin To Net: NetName=GND Pin=U27-19
Added Pin To Net: NetName=NetC348_2 Pin=U27-20
Added Pin To Net: NetName=NetR475_2 Pin=U27-21
Added Pin To Net: NetName=NetC346_1 Pin=U27-22
Added Pin To Net: NetName=NetC346_2 Pin=U27-23
Added Pin To Net: NetName=NetC231_1 Pin=U27-24
Added Pin To Net: NetName=3V/5V_Solenoid Pin=U27-25
Added Pin To Net: NetName=SOLE14_OUT2 Pin=U27-26
Added Pin To Net: NetName=SOLE14_OUT1 Pin=U27-27
Added Pin To Net: NetName=3V/5V_Solenoid Pin=U27-28
Added Pin To Net: NetName=3V/5V_Solenoid Pin=U27-29
Added Pin To Net: NetName=SOLE13_OUT2 Pin=U27-30
Added Pin To Net: NetName=SOLE13_OUT1 Pin=U27-31
Added Pin To Net: NetName=3V/5V_Solenoid Pin=U27-32
Added Pin To Net: NetName=GND Pin=U27-33
Added Pin To Net: NetName=SOLE7_OUT1 Pin=U28-10
Added Pin To Net: NetName=SOLE7_OUT2 Pin=U28-11
Added Pin To Net: NetName=3V/5V_Solenoid Pin=U28-12
Added Pin To Net: NetName=3V/5V_Solenoid Pin=U28-13
Added Pin To Net: NetName=SOLE8_OUT2 Pin=U28-14
Added Pin To Net: NetName=SOLE8_OUT1 Pin=U28-15
Added Pin To Net: NetName=3V/5V_Solenoid Pin=U28-16
Added Pin To Net: NetName=NetR544_2 Pin=U28-18
Added Pin To Net: NetName=GND Pin=U28-19
Added Pin To Net: NetName=NetC379_2 Pin=U28-20
Added Pin To Net: NetName=NetR497_2 Pin=U28-21
Added Pin To Net: NetName=NetC370_1 Pin=U28-22
Added Pin To Net: NetName=NetC370_2 Pin=U28-23
Added Pin To Net: NetName=NetC368_1 Pin=U28-24
Added Pin To Net: NetName=3V/5V_Solenoid Pin=U28-25
Added Pin To Net: NetName=SOLE6_OUT2 Pin=U28-26
Added Pin To Net: NetName=SOLE6_OUT1 Pin=U28-27
Added Pin To Net: NetName=3V/5V_Solenoid Pin=U28-28
Added Pin To Net: NetName=3V/5V_Solenoid Pin=U28-29
Added Pin To Net: NetName=SOLE5_OUT2 Pin=U28-30
Added Pin To Net: NetName=SOLE5_OUT1 Pin=U28-31
Added Pin To Net: NetName=3V/5V_Solenoid Pin=U28-32
Added Pin To Net: NetName=GND Pin=U28-33
Added Pin To Net: NetName=SOLE11_OUT1 Pin=U47-10
Added Pin To Net: NetName=SOLE11_OUT2 Pin=U47-11
Added Pin To Net: NetName=3V/5V_Solenoid Pin=U47-12
Added Pin To Net: NetName=3V/5V_Solenoid Pin=U47-13
Added Pin To Net: NetName=SOLE12_OUT2 Pin=U47-14
Added Pin To Net: NetName=SOLE12_OUT1 Pin=U47-15
Added Pin To Net: NetName=3V/5V_Solenoid Pin=U47-16
Added Pin To Net: NetName=NetR573_2 Pin=U47-18
Added Pin To Net: NetName=GND Pin=U47-19
Added Pin To Net: NetName=NetC385_2 Pin=U47-20
Added Pin To Net: NetName=NetR571_2 Pin=U47-21
Added Pin To Net: NetName=NetC384_1 Pin=U47-22
Added Pin To Net: NetName=NetC384_2 Pin=U47-23
Added Pin To Net: NetName=NetC383_1 Pin=U47-24
Added Pin To Net: NetName=3V/5V_Solenoid Pin=U47-25
Added Pin To Net: NetName=SOLE10_OUT2 Pin=U47-26
Added Pin To Net: NetName=SOLE10_OUT1 Pin=U47-27
Added Pin To Net: NetName=3V/5V_Solenoid Pin=U47-28
Added Pin To Net: NetName=3V/5V_Solenoid Pin=U47-29
Added Pin To Net: NetName=SOLE9_OUT2 Pin=U47-30
Added Pin To Net: NetName=SOLE9_OUT1 Pin=U47-31
Added Pin To Net: NetName=3V/5V_Solenoid Pin=U47-32
Added Pin To Net: NetName=GND Pin=U47-33
Add Pin To Net: Unknown Pin: Pin U48-10
Add Pin To Net: Unknown Pin: Pin U73-9
