Change Footprint: Cannot match pads with new footprint in component :TP1 Footprint:TP_1mm_SMD
Change Footprint: Cannot match pads with new footprint in component :TP2 Footprint:TP_1mm_SMD
Change Footprint: Cannot match pads with new footprint in component :TP5 Footprint:TP_1mm_SMD
Change Footprint: Cannot match pads with new footprint in component :TP17 Footprint:TP_1mm_SMD
Change Footprint: Cannot match pads with new footprint in component :TP18 Footprint:TP_1mm_SMD
Change Footprint: Footprint Not Found TO252-123
Change Footprint: Footprint Not Found 21-0140AK_T3255_8C_MXM
Change Footprint: Footprint Not Found TPS5430DDAR_V3
Change Footprint: Footprint Not Found 21-0140AK_T3255_8C_MXM
Change Footprint: Footprint Not Found 21-0140AK_T3255_8C_MXM
Change Footprint: Footprint Not Found 21-0140AK_T3255_8C_MXM
Change Footprint: Footprint Not Found 21-0140AK_T3255_8C_MXM
Change Footprint: Footprint Not Found QFN50P400X400X80-25N
Change Footprint: Footprint Not Found VQFN-HR-10
Add Pin To Net: Unknown Pin: Pin D24-3
Add Pin To Net: Unknown Pin: Pin TP6-0
Add Pin To Net: Unknown Pin: Pin TP7-0
Add Pin To Net: Unknown Pin: Pin TP8-0
Add Pin To Net: Unknown Pin: Pin TP9-0
Add Pin To Net: Unknown Pin: Pin TP10-0
Add Pin To Net: Unknown Pin: Pin TP11-0
Add Pin To Net: Unknown Pin: Pin TP12-0
Add Pin To Net: Unknown Pin: Pin TP13-0
Add Pin To Net: Unknown Pin: Pin TP14-0
Add Pin To Net: Unknown Pin: Pin TP16-0
Add Pin To Net: Unknown Pin: Pin TP19-0
Add Pin To Net: Unknown Pin: Pin TP20-0
Add Pin To Net: Unknown Pin: Pin TP21-0
Add Pin To Net: Unknown Pin: Pin TP22-0
Add Pin To Net: Unknown Pin: Pin TP23-0
Add Pin To Net: Unknown Pin: Pin TP24-0
Add Pin To Net: Unknown Pin: Pin TP25-0
Add Pin To Net: Unknown Pin: Pin TP26-0
Add Pin To Net: Unknown Pin: Pin TP27-0
Add Pin To Net: Unknown Pin: Pin TP28-0
Add Pin To Net: Unknown Pin: Pin U25-20
Add Pin To Net: Unknown Pin: Pin U25-21
Add Pin To Net: Unknown Pin: Pin U25-25
Add Pin To Net: Unknown Pin: Pin U26-10
Add Pin To Net: Unknown Pin: Pin U26-11
Add Pin To Net: Unknown Pin: Pin U26-12
Add Pin To Net: Unknown Pin: Pin U26-13
Add Pin To Net: Unknown Pin: Pin U26-14
Add Pin To Net: Unknown Pin: Pin U26-15
Add Pin To Net: Unknown Pin: Pin U26-16
Add Pin To Net: Unknown Pin: Pin U26-18
Add Pin To Net: Unknown Pin: Pin U26-19
Add Pin To Net: Unknown Pin: Pin U26-20
Add Pin To Net: Unknown Pin: Pin U26-21
Add Pin To Net: Unknown Pin: Pin U26-22
Add Pin To Net: Unknown Pin: Pin U26-23
Add Pin To Net: Unknown Pin: Pin U26-24
Add Pin To Net: Unknown Pin: Pin U26-25
Add Pin To Net: Unknown Pin: Pin U26-26
Add Pin To Net: Unknown Pin: Pin U26-27
Add Pin To Net: Unknown Pin: Pin U26-28
Add Pin To Net: Unknown Pin: Pin U26-29
Add Pin To Net: Unknown Pin: Pin U26-30
Add Pin To Net: Unknown Pin: Pin U26-31
Add Pin To Net: Unknown Pin: Pin U26-32
Add Pin To Net: Unknown Pin: Pin U26-33
Add Pin To Net: Unknown Pin: Pin U27-10
Add Pin To Net: Unknown Pin: Pin U27-11
Add Pin To Net: Unknown Pin: Pin U27-12
Add Pin To Net: Unknown Pin: Pin U27-13
Add Pin To Net: Unknown Pin: Pin U27-14
Add Pin To Net: Unknown Pin: Pin U27-15
Add Pin To Net: Unknown Pin: Pin U27-16
Add Pin To Net: Unknown Pin: Pin U27-18
Add Pin To Net: Unknown Pin: Pin U27-19
Add Pin To Net: Unknown Pin: Pin U27-20
Add Pin To Net: Unknown Pin: Pin U27-21
Add Pin To Net: Unknown Pin: Pin U27-22
Add Pin To Net: Unknown Pin: Pin U27-23
Add Pin To Net: Unknown Pin: Pin U27-24
Add Pin To Net: Unknown Pin: Pin U27-25
Add Pin To Net: Unknown Pin: Pin U27-26
Add Pin To Net: Unknown Pin: Pin U27-27
Add Pin To Net: Unknown Pin: Pin U27-28
Add Pin To Net: Unknown Pin: Pin U27-29
Add Pin To Net: Unknown Pin: Pin U27-30
Add Pin To Net: Unknown Pin: Pin U27-31
Add Pin To Net: Unknown Pin: Pin U27-32
Add Pin To Net: Unknown Pin: Pin U27-33
Add Pin To Net: Unknown Pin: Pin U28-10
Add Pin To Net: Unknown Pin: Pin U28-11
Add Pin To Net: Unknown Pin: Pin U28-12
Add Pin To Net: Unknown Pin: Pin U28-13
Add Pin To Net: Unknown Pin: Pin U28-14
Add Pin To Net: Unknown Pin: Pin U28-15
Add Pin To Net: Unknown Pin: Pin U28-16
Add Pin To Net: Unknown Pin: Pin U28-18
Add Pin To Net: Unknown Pin: Pin U28-19
Add Pin To Net: Unknown Pin: Pin U28-20
Add Pin To Net: Unknown Pin: Pin U28-21
Add Pin To Net: Unknown Pin: Pin U28-22
Add Pin To Net: Unknown Pin: Pin U28-23
Add Pin To Net: Unknown Pin: Pin U28-24
Add Pin To Net: Unknown Pin: Pin U28-25
Add Pin To Net: Unknown Pin: Pin U28-26
Add Pin To Net: Unknown Pin: Pin U28-27
Add Pin To Net: Unknown Pin: Pin U28-28
Add Pin To Net: Unknown Pin: Pin U28-29
Add Pin To Net: Unknown Pin: Pin U28-30
Add Pin To Net: Unknown Pin: Pin U28-31
Add Pin To Net: Unknown Pin: Pin U28-32
Add Pin To Net: Unknown Pin: Pin U28-33
Add Pin To Net: Unknown Pin: Pin U47-10
Add Pin To Net: Unknown Pin: Pin U47-11
Add Pin To Net: Unknown Pin: Pin U47-12
Add Pin To Net: Unknown Pin: Pin U47-13
Add Pin To Net: Unknown Pin: Pin U47-14
Add Pin To Net: Unknown Pin: Pin U47-15
Add Pin To Net: Unknown Pin: Pin U47-16
Add Pin To Net: Unknown Pin: Pin U47-18
Add Pin To Net: Unknown Pin: Pin U47-19
Add Pin To Net: Unknown Pin: Pin U47-20
Add Pin To Net: Unknown Pin: Pin U47-21
Add Pin To Net: Unknown Pin: Pin U47-22
Add Pin To Net: Unknown Pin: Pin U47-23
Add Pin To Net: Unknown Pin: Pin U47-24
Add Pin To Net: Unknown Pin: Pin U47-25
Add Pin To Net: Unknown Pin: Pin U47-26
Add Pin To Net: Unknown Pin: Pin U47-27
Add Pin To Net: Unknown Pin: Pin U47-28
Add Pin To Net: Unknown Pin: Pin U47-29
Add Pin To Net: Unknown Pin: Pin U47-30
Add Pin To Net: Unknown Pin: Pin U47-31
Add Pin To Net: Unknown Pin: Pin U47-32
Add Pin To Net: Unknown Pin: Pin U47-33
Add Pin To Net: Unknown Pin: Pin U48-10
Add Pin To Net: Unknown Pin: Pin U73-9
